                              1 ;--------------------------------------------------------
                              2 ; File Created by SDCC : free open source ANSI-C Compiler
                              3 ; Version 3.5.0 #9253 (Aug  4 2015) (Mac OS X x86_64)
                              4 ; This file was generated Sun Aug 16 01:47:07 2015
                              5 ;--------------------------------------------------------
                              6 	.module starfield
                              7 	.optsdcc -mz80
                              8 	
                              9 ;--------------------------------------------------------
                             10 ; Public variables in this module
                             11 ;--------------------------------------------------------
                             12 	.globl _get_mode0_pixel_color_byte
                             13 	.globl _get_time
                             14 	.globl _cpct_getRandomUniform_u8_f
                             15 	.globl _cpct_getScreenPtr
                             16 	.globl _last_moved_stars
                             17 	.globl _aStars
                             18 	.globl _get_last_moved_stars
                             19 	.globl _init_stars
                             20 	.globl _draw_stars
                             21 	.globl _update_stars
                             22 ;--------------------------------------------------------
                             23 ; special function registers
                             24 ;--------------------------------------------------------
                             25 ;--------------------------------------------------------
                             26 ; ram data
                             27 ;--------------------------------------------------------
                             28 	.area _DATA
   0000                      29 _aStars::
   0000                      30 	.ds 105
   0069                      31 _last_moved_stars::
   0069                      32 	.ds 4
                             33 ;--------------------------------------------------------
                             34 ; ram data
                             35 ;--------------------------------------------------------
                             36 	.area _INITIALIZED
                             37 ;--------------------------------------------------------
                             38 ; absolute external ram data
                             39 ;--------------------------------------------------------
                             40 	.area _DABS (ABS)
                             41 ;--------------------------------------------------------
                             42 ; global & static initialisations
                             43 ;--------------------------------------------------------
                             44 	.area _HOME
                             45 	.area _GSINIT
                             46 	.area _GSFINAL
                             47 	.area _GSINIT
                             48 ;--------------------------------------------------------
                             49 ; Home
                             50 ;--------------------------------------------------------
                             51 	.area _HOME
                             52 	.area _HOME
                             53 ;--------------------------------------------------------
                             54 ; code
                             55 ;--------------------------------------------------------
                             56 	.area _CODE
                             57 ;src/starfield/starfield.c:14: u8 get_mode0_pixel_color_byte(u8 nColor, u8 nPixel)
                             58 ;	---------------------------------
                             59 ; Function get_mode0_pixel_color_byte
                             60 ; ---------------------------------
   0000                      61 _get_mode0_pixel_color_byte::
   0000 3B            [ 6]   62 	dec	sp
                             63 ;src/starfield/starfield.c:22: if(nColor & 1)
   0001 FD 21 03 00   [14]   64 	ld	iy,#3
   0005 FD 39         [15]   65 	add	iy,sp
   0007 FD 7E 00      [19]   66 	ld	a,0 (iy)
   000A E6 01         [ 7]   67 	and	a, #0x01
   000C 47            [ 4]   68 	ld	b,a
                             69 ;src/starfield/starfield.c:25: if(nColor & 2)
   000D FD 7E 00      [19]   70 	ld	a,0 (iy)
   0010 E6 02         [ 7]   71 	and	a, #0x02
   0012 57            [ 4]   72 	ld	d,a
                             73 ;src/starfield/starfield.c:28: if(nColor & 4)
   0013 FD 7E 00      [19]   74 	ld	a,0 (iy)
   0016 E6 04         [ 7]   75 	and	a, #0x04
   0018 33            [ 6]   76 	inc	sp
   0019 F5            [11]   77 	push	af
   001A 33            [ 6]   78 	inc	sp
                             79 ;src/starfield/starfield.c:31: if(nColor & 8)
   001B FD 7E 00      [19]   80 	ld	a,0 (iy)
   001E E6 08         [ 7]   81 	and	a, #0x08
   0020 5F            [ 4]   82 	ld	e,a
                             83 ;src/starfield/starfield.c:18: if(nPixel == 0)
   0021 21 04 00      [10]   84 	ld	hl, #4+0
   0024 39            [11]   85 	add	hl, sp
   0025 7E            [ 7]   86 	ld	a, (hl)
                             87 ;src/starfield/starfield.c:20: nByte &= 85;
   0026 B7            [ 4]   88 	or	a,a
   0027 20 23         [12]   89 	jr	NZ,00118$
   0029 6F            [ 4]   90 	ld	l,a
                             91 ;src/starfield/starfield.c:22: if(nColor & 1)
   002A 78            [ 4]   92 	ld	a,b
   002B B7            [ 4]   93 	or	a, a
   002C 28 02         [12]   94 	jr	Z,00102$
                             95 ;src/starfield/starfield.c:23: nByte |= 128;
   002E 2E 80         [ 7]   96 	ld	l,#0x80
   0030                      97 00102$:
                             98 ;src/starfield/starfield.c:25: if(nColor & 2)
   0030 7A            [ 4]   99 	ld	a,d
   0031 B7            [ 4]  100 	or	a, a
   0032 28 02         [12]  101 	jr	Z,00104$
                            102 ;src/starfield/starfield.c:26: nByte |= 8;
   0034 CB DD         [ 8]  103 	set	3, l
   0036                     104 00104$:
                            105 ;src/starfield/starfield.c:28: if(nColor & 4)
   0036 FD 21 00 00   [14]  106 	ld	iy,#0
   003A FD 39         [15]  107 	add	iy,sp
   003C FD 7E 00      [19]  108 	ld	a,0 (iy)
   003F B7            [ 4]  109 	or	a, a
   0040 28 02         [12]  110 	jr	Z,00106$
                            111 ;src/starfield/starfield.c:29: nByte |= 32;
   0042 CB ED         [ 8]  112 	set	5, l
   0044                     113 00106$:
                            114 ;src/starfield/starfield.c:31: if(nColor & 8)
   0044 7B            [ 4]  115 	ld	a,e
   0045 B7            [ 4]  116 	or	a, a
   0046 28 26         [12]  117 	jr	Z,00119$
                            118 ;src/starfield/starfield.c:32: nByte |= 2;
   0048 CB CD         [ 8]  119 	set	1, l
   004A 18 22         [12]  120 	jr	00119$
   004C                     121 00118$:
                            122 ;src/starfield/starfield.c:36: nByte &= 170;
   004C 2E 00         [ 7]  123 	ld	l,#0x00
                            124 ;src/starfield/starfield.c:38: if(nColor & 1)
   004E 78            [ 4]  125 	ld	a,b
   004F B7            [ 4]  126 	or	a, a
   0050 28 02         [12]  127 	jr	Z,00110$
                            128 ;src/starfield/starfield.c:39: nByte |= 64;
   0052 2E 40         [ 7]  129 	ld	l,#0x40
   0054                     130 00110$:
                            131 ;src/starfield/starfield.c:41: if(nColor & 2)
   0054 7A            [ 4]  132 	ld	a,d
   0055 B7            [ 4]  133 	or	a, a
   0056 28 02         [12]  134 	jr	Z,00112$
                            135 ;src/starfield/starfield.c:42: nByte |= 4;
   0058 CB D5         [ 8]  136 	set	2, l
   005A                     137 00112$:
                            138 ;src/starfield/starfield.c:44: if(nColor & 4)
   005A FD 21 00 00   [14]  139 	ld	iy,#0
   005E FD 39         [15]  140 	add	iy,sp
   0060 FD 7E 00      [19]  141 	ld	a,0 (iy)
   0063 B7            [ 4]  142 	or	a, a
   0064 28 02         [12]  143 	jr	Z,00114$
                            144 ;src/starfield/starfield.c:45: nByte |= 16;
   0066 CB E5         [ 8]  145 	set	4, l
   0068                     146 00114$:
                            147 ;src/starfield/starfield.c:47: if(nColor & 8)
   0068 7B            [ 4]  148 	ld	a,e
   0069 B7            [ 4]  149 	or	a, a
   006A 28 02         [12]  150 	jr	Z,00119$
                            151 ;src/starfield/starfield.c:48: nByte |= 1;
   006C CB C5         [ 8]  152 	set	0, l
   006E                     153 00119$:
                            154 ;src/starfield/starfield.c:51: return nByte;
   006E 33            [ 6]  155 	inc	sp
   006F C9            [10]  156 	ret
                            157 ;src/starfield/starfield.c:58: long get_last_moved_stars(){
                            158 ;	---------------------------------
                            159 ; Function get_last_moved_stars
                            160 ; ---------------------------------
   0070                     161 _get_last_moved_stars::
                            162 ;src/starfield/starfield.c:59: return last_moved_stars;
   0070 FD 21r69r00   [14]  163 	ld	iy,#_last_moved_stars
   0074 FD 6E 00      [19]  164 	ld	l,0 (iy)
   0077 FD 21r69r00   [14]  165 	ld	iy,#_last_moved_stars
   007B FD 66 01      [19]  166 	ld	h,1 (iy)
   007E FD 21r69r00   [14]  167 	ld	iy,#_last_moved_stars
   0082 FD 5E 02      [19]  168 	ld	e,2 (iy)
   0085 FD 21r69r00   [14]  169 	ld	iy,#_last_moved_stars
   0089 FD 56 03      [19]  170 	ld	d,3 (iy)
   008C C9            [10]  171 	ret
                            172 ;src/starfield/starfield.c:66: void init_stars(){
                            173 ;	---------------------------------
                            174 ; Function init_stars
                            175 ; ---------------------------------
   008D                     176 _init_stars::
   008D DD E5         [15]  177 	push	ix
   008F DD 21 00 00   [14]  178 	ld	ix,#0
   0093 DD 39         [15]  179 	add	ix,sp
   0095 F5            [11]  180 	push	af
   0096 F5            [11]  181 	push	af
                            182 ;src/starfield/starfield.c:70: for(nStar = 0; nStar < STARS_NUM; nStar++)
   0097 DD 36 FC 00   [19]  183 	ld	-4 (ix),#0x00
   009B DD 36 FD 00   [19]  184 	ld	-3 (ix),#0x00
   009F DD 36 FE 00   [19]  185 	ld	-2 (ix),#0x00
   00A3                     186 00102$:
                            187 ;src/starfield/starfield.c:72: aStars[nStar].nX = cpct_getRandomUniform_u8_f(0) % 160;
   00A3 3Er00         [ 7]  188 	ld	a,#<(_aStars)
   00A5 DD 86 FD      [19]  189 	add	a, -3 (ix)
   00A8 5F            [ 4]  190 	ld	e,a
   00A9 3Es00         [ 7]  191 	ld	a,#>(_aStars)
   00AB DD 8E FE      [19]  192 	adc	a, -2 (ix)
   00AE 57            [ 4]  193 	ld	d,a
   00AF D5            [11]  194 	push	de
   00B0 2E 00         [ 7]  195 	ld	l,#0x00
   00B2 CDr00r00      [17]  196 	call	_cpct_getRandomUniform_u8_f
   00B5 45            [ 4]  197 	ld	b,l
   00B6 3E A0         [ 7]  198 	ld	a,#0xA0
   00B8 F5            [11]  199 	push	af
   00B9 33            [ 6]  200 	inc	sp
   00BA C5            [11]  201 	push	bc
   00BB 33            [ 6]  202 	inc	sp
   00BC CDr00r00      [17]  203 	call	__moduchar
   00BF F1            [10]  204 	pop	af
   00C0 7D            [ 4]  205 	ld	a,l
   00C1 D1            [10]  206 	pop	de
   00C2 12            [ 7]  207 	ld	(de),a
                            208 ;src/starfield/starfield.c:73: aStars[nStar].nY = cpct_getRandomUniform_u8_f(0) % 199;
   00C3 4B            [ 4]  209 	ld	c, e
   00C4 42            [ 4]  210 	ld	b, d
   00C5 03            [ 6]  211 	inc	bc
   00C6 C5            [11]  212 	push	bc
   00C7 D5            [11]  213 	push	de
   00C8 2E 00         [ 7]  214 	ld	l,#0x00
   00CA CDr00r00      [17]  215 	call	_cpct_getRandomUniform_u8_f
   00CD DD 75 FF      [19]  216 	ld	-1 (ix),l
   00D0 3E C7         [ 7]  217 	ld	a,#0xC7
   00D2 F5            [11]  218 	push	af
   00D3 33            [ 6]  219 	inc	sp
   00D4 DD 7E FF      [19]  220 	ld	a,-1 (ix)
   00D7 F5            [11]  221 	push	af
   00D8 33            [ 6]  222 	inc	sp
   00D9 CDr00r00      [17]  223 	call	__moduchar
   00DC F1            [10]  224 	pop	af
   00DD 7D            [ 4]  225 	ld	a,l
   00DE D1            [10]  226 	pop	de
   00DF C1            [10]  227 	pop	bc
   00E0 02            [ 7]  228 	ld	(bc),a
                            229 ;src/starfield/starfield.c:74: aStars[nStar].nStarType = cpct_getRandomUniform_u8_f(0) % 3;
   00E1 13            [ 6]  230 	inc	de
   00E2 13            [ 6]  231 	inc	de
   00E3 D5            [11]  232 	push	de
   00E4 2E 00         [ 7]  233 	ld	l,#0x00
   00E6 CDr00r00      [17]  234 	call	_cpct_getRandomUniform_u8_f
   00E9 45            [ 4]  235 	ld	b,l
   00EA 3E 03         [ 7]  236 	ld	a,#0x03
   00EC F5            [11]  237 	push	af
   00ED 33            [ 6]  238 	inc	sp
   00EE C5            [11]  239 	push	bc
   00EF 33            [ 6]  240 	inc	sp
   00F0 CDr00r00      [17]  241 	call	__moduchar
   00F3 F1            [10]  242 	pop	af
   00F4 7D            [ 4]  243 	ld	a,l
   00F5 D1            [10]  244 	pop	de
   00F6 12            [ 7]  245 	ld	(de),a
                            246 ;src/starfield/starfield.c:70: for(nStar = 0; nStar < STARS_NUM; nStar++)
   00F7 DD 7E FD      [19]  247 	ld	a,-3 (ix)
   00FA C6 07         [ 7]  248 	add	a, #0x07
   00FC DD 77 FD      [19]  249 	ld	-3 (ix),a
   00FF DD 7E FE      [19]  250 	ld	a,-2 (ix)
   0102 CE 00         [ 7]  251 	adc	a, #0x00
   0104 DD 77 FE      [19]  252 	ld	-2 (ix),a
   0107 DD 34 FC      [23]  253 	inc	-4 (ix)
   010A DD 7E FC      [19]  254 	ld	a,-4 (ix)
   010D D6 0F         [ 7]  255 	sub	a, #0x0F
   010F 38 92         [12]  256 	jr	C,00102$
                            257 ;src/starfield/starfield.c:76: last_moved_stars = 0;
   0111 AF            [ 4]  258 	xor	a, a
   0112 32r69r00      [13]  259 	ld	(#_last_moved_stars + 0),a
   0115 32r6Ar00      [13]  260 	ld	(#_last_moved_stars + 1),a
   0118 32r6Br00      [13]  261 	ld	(#_last_moved_stars + 2),a
   011B 32r6Cr00      [13]  262 	ld	(#_last_moved_stars + 3),a
   011E DD F9         [10]  263 	ld	sp, ix
   0120 DD E1         [14]  264 	pop	ix
   0122 C9            [10]  265 	ret
                            266 ;src/starfield/starfield.c:82: void draw_stars(u8* screen){
                            267 ;	---------------------------------
                            268 ; Function draw_stars
                            269 ; ---------------------------------
   0123                     270 _draw_stars::
   0123 DD E5         [15]  271 	push	ix
   0125 DD 21 00 00   [14]  272 	ld	ix,#0
   0129 DD 39         [15]  273 	add	ix,sp
   012B 21 F6 FF      [10]  274 	ld	hl,#-10
   012E 39            [11]  275 	add	hl,sp
   012F F9            [ 6]  276 	ld	sp,hl
                            277 ;src/starfield/starfield.c:86: for(nStar = 0; nStar < STARS_NUM; nStar++)
   0130 DD 36 F6 00   [19]  278 	ld	-10 (ix),#0x00
   0134 DD 36 FE 00   [19]  279 	ld	-2 (ix),#0x00
   0138 DD 36 FF 00   [19]  280 	ld	-1 (ix),#0x00
   013C                     281 00102$:
                            282 ;src/starfield/starfield.c:88: pStar = &aStars[nStar];
   013C 3Er00         [ 7]  283 	ld	a,#<(_aStars)
   013E DD 86 FE      [19]  284 	add	a, -2 (ix)
   0141 4F            [ 4]  285 	ld	c,a
   0142 3Es00         [ 7]  286 	ld	a,#>(_aStars)
   0144 DD 8E FF      [19]  287 	adc	a, -1 (ix)
   0147 47            [ 4]  288 	ld	b,a
                            289 ;src/starfield/starfield.c:90: pStar->pCurrentAddress = (u8 *) cpct_getScreenPtr(screen, pStar->nX, pStar->nY);
   0148 21 05 00      [10]  290 	ld	hl,#0x0005
   014B 09            [11]  291 	add	hl,bc
   014C DD 75 FC      [19]  292 	ld	-4 (ix),l
   014F DD 74 FD      [19]  293 	ld	-3 (ix),h
   0152 69            [ 4]  294 	ld	l, c
   0153 60            [ 4]  295 	ld	h, b
   0154 23            [ 6]  296 	inc	hl
   0155 5E            [ 7]  297 	ld	e,(hl)
   0156 0A            [ 7]  298 	ld	a,(bc)
   0157 67            [ 4]  299 	ld	h,a
   0158 DD 6E 04      [19]  300 	ld	l,4 (ix)
   015B DD 56 05      [19]  301 	ld	d,5 (ix)
   015E C5            [11]  302 	push	bc
   015F 7B            [ 4]  303 	ld	a,e
   0160 F5            [11]  304 	push	af
   0161 33            [ 6]  305 	inc	sp
   0162 E5            [11]  306 	push	hl
   0163 33            [ 6]  307 	inc	sp
   0164 62            [ 4]  308 	ld	h, d
   0165 E5            [11]  309 	push	hl
   0166 CDr00r00      [17]  310 	call	_cpct_getScreenPtr
   0169 EB            [ 4]  311 	ex	de,hl
   016A C1            [10]  312 	pop	bc
   016B DD 6E FC      [19]  313 	ld	l,-4 (ix)
   016E DD 66 FD      [19]  314 	ld	h,-3 (ix)
   0171 73            [ 7]  315 	ld	(hl),e
   0172 23            [ 6]  316 	inc	hl
   0173 72            [ 7]  317 	ld	(hl),d
                            318 ;src/starfield/starfield.c:91: *pStar->pCurrentAddress ^= get_mode0_pixel_color_byte(pStar->nStarType + 1, pStar->nX % 2);
   0174 1A            [ 7]  319 	ld	a,(de)
   0175 DD 77 FC      [19]  320 	ld	-4 (ix),a
   0178 0A            [ 7]  321 	ld	a,(bc)
   0179 E6 01         [ 7]  322 	and	a, #0x01
   017B DD 77 FB      [19]  323 	ld	-5 (ix),a
   017E 69            [ 4]  324 	ld	l, c
   017F 60            [ 4]  325 	ld	h, b
   0180 23            [ 6]  326 	inc	hl
   0181 23            [ 6]  327 	inc	hl
   0182 46            [ 7]  328 	ld	b,(hl)
   0183 04            [ 4]  329 	inc	b
   0184 D5            [11]  330 	push	de
   0185 DD 7E FB      [19]  331 	ld	a,-5 (ix)
   0188 F5            [11]  332 	push	af
   0189 33            [ 6]  333 	inc	sp
   018A C5            [11]  334 	push	bc
   018B 33            [ 6]  335 	inc	sp
   018C CDr00r00      [17]  336 	call	_get_mode0_pixel_color_byte
   018F F1            [10]  337 	pop	af
   0190 7D            [ 4]  338 	ld	a,l
   0191 D1            [10]  339 	pop	de
   0192 DD AE FC      [19]  340 	xor	a, -4 (ix)
   0195 12            [ 7]  341 	ld	(de),a
                            342 ;src/starfield/starfield.c:86: for(nStar = 0; nStar < STARS_NUM; nStar++)
   0196 DD 7E FE      [19]  343 	ld	a,-2 (ix)
   0199 C6 07         [ 7]  344 	add	a, #0x07
   019B DD 77 FE      [19]  345 	ld	-2 (ix),a
   019E DD 7E FF      [19]  346 	ld	a,-1 (ix)
   01A1 CE 00         [ 7]  347 	adc	a, #0x00
   01A3 DD 77 FF      [19]  348 	ld	-1 (ix),a
   01A6 DD 34 F6      [23]  349 	inc	-10 (ix)
   01A9 DD 7E F6      [19]  350 	ld	a,-10 (ix)
   01AC D6 0F         [ 7]  351 	sub	a, #0x0F
   01AE 38 8C         [12]  352 	jr	C,00102$
                            353 ;src/starfield/starfield.c:93: last_moved_stars = get_time();
   01B0 CDr00r00      [17]  354 	call	_get_time
   01B3 DD 72 FA      [19]  355 	ld	-6 (ix),d
   01B6 DD 73 F9      [19]  356 	ld	-7 (ix),e
   01B9 DD 74 F8      [19]  357 	ld	-8 (ix),h
   01BC DD 75 F7      [19]  358 	ld	-9 (ix),l
   01BF 11r69r00      [10]  359 	ld	de, #_last_moved_stars
   01C2 21 01 00      [10]  360 	ld	hl, #1
   01C5 39            [11]  361 	add	hl, sp
   01C6 01 04 00      [10]  362 	ld	bc, #4
   01C9 ED B0         [21]  363 	ldir
   01CB DD F9         [10]  364 	ld	sp, ix
   01CD DD E1         [14]  365 	pop	ix
   01CF C9            [10]  366 	ret
                            367 ;src/starfield/starfield.c:99: void update_stars(){
                            368 ;	---------------------------------
                            369 ; Function update_stars
                            370 ; ---------------------------------
   01D0                     371 _update_stars::
   01D0 DD E5         [15]  372 	push	ix
   01D2 DD 21 00 00   [14]  373 	ld	ix,#0
   01D6 DD 39         [15]  374 	add	ix,sp
   01D8 21 F8 FF      [10]  375 	ld	hl,#-8
   01DB 39            [11]  376 	add	hl,sp
   01DC F9            [ 6]  377 	ld	sp,hl
                            378 ;src/starfield/starfield.c:104: for(nStar = 0; nStar < STARS_NUM; nStar++)
   01DD DD 36 F8 00   [19]  379 	ld	-8 (ix),#0x00
   01E1 DD 36 FE 00   [19]  380 	ld	-2 (ix),#0x00
   01E5 DD 36 FF 00   [19]  381 	ld	-1 (ix),#0x00
   01E9                     382 00108$:
                            383 ;src/starfield/starfield.c:106: pStar = &aStars[nStar];
   01E9 3Er00         [ 7]  384 	ld	a,#<(_aStars)
   01EB DD 86 FE      [19]  385 	add	a, -2 (ix)
   01EE 4F            [ 4]  386 	ld	c,a
   01EF 3Es00         [ 7]  387 	ld	a,#>(_aStars)
   01F1 DD 8E FF      [19]  388 	adc	a, -1 (ix)
   01F4 47            [ 4]  389 	ld	b,a
                            390 ;src/starfield/starfield.c:108: switch(pStar->nStarType)
   01F5 21 02 00      [10]  391 	ld	hl,#0x0002
   01F8 09            [11]  392 	add	hl,bc
   01F9 DD 75 FC      [19]  393 	ld	-4 (ix),l
   01FC DD 74 FD      [19]  394 	ld	-3 (ix),h
   01FF DD 6E FC      [19]  395 	ld	l,-4 (ix)
   0202 DD 66 FD      [19]  396 	ld	h,-3 (ix)
   0205 7E            [ 7]  397 	ld	a,(hl)
   0206 DD 77 FB      [19]  398 	ld	-5 (ix),a
                            399 ;src/starfield/starfield.c:111: pStar->nY += 1;
   0209 59            [ 4]  400 	ld	e, c
   020A 50            [ 4]  401 	ld	d, b
   020B 13            [ 6]  402 	inc	de
                            403 ;src/starfield/starfield.c:108: switch(pStar->nStarType)
   020C 3E 02         [ 7]  404 	ld	a,#0x02
   020E DD 96 FB      [19]  405 	sub	a, -5 (ix)
   0211 38 2D         [12]  406 	jr	C,00104$
                            407 ;src/starfield/starfield.c:111: pStar->nY += 1;
   0213 1A            [ 7]  408 	ld	a,(de)
   0214 DD 77 FA      [19]  409 	ld	-6 (ix), a
   0217 3C            [ 4]  410 	inc	a
   0218 DD 77 F9      [19]  411 	ld	-7 (ix),a
                            412 ;src/starfield/starfield.c:108: switch(pStar->nStarType)
   021B D5            [11]  413 	push	de
   021C DD 5E FB      [19]  414 	ld	e,-5 (ix)
   021F 16 00         [ 7]  415 	ld	d,#0x00
   0221 21r28r02      [10]  416 	ld	hl,#00125$
   0224 19            [11]  417 	add	hl,de
   0225 19            [11]  418 	add	hl,de
                            419 ;src/starfield/starfield.c:110: case 0: //slow star
   0226 D1            [10]  420 	pop	de
   0227 E9            [ 4]  421 	jp	(hl)
   0228                     422 00125$:
   0228 18 04         [12]  423 	jr	00101$
   022A 18 08         [12]  424 	jr	00102$
   022C 18 0C         [12]  425 	jr	00103$
   022E                     426 00101$:
                            427 ;src/starfield/starfield.c:111: pStar->nY += 1;
   022E DD 7E F9      [19]  428 	ld	a,-7 (ix)
   0231 12            [ 7]  429 	ld	(de),a
                            430 ;src/starfield/starfield.c:112: break;
   0232 18 0C         [12]  431 	jr	00104$
                            432 ;src/starfield/starfield.c:113: case 1: //medium star
   0234                     433 00102$:
                            434 ;src/starfield/starfield.c:114: pStar->nY += 1;
   0234 DD 7E F9      [19]  435 	ld	a,-7 (ix)
   0237 12            [ 7]  436 	ld	(de),a
                            437 ;src/starfield/starfield.c:115: break;
   0238 18 06         [12]  438 	jr	00104$
                            439 ;src/starfield/starfield.c:116: case 2: //fast star
   023A                     440 00103$:
                            441 ;src/starfield/starfield.c:117: pStar->nY += 2;
   023A DD 7E FA      [19]  442 	ld	a,-6 (ix)
   023D C6 02         [ 7]  443 	add	a, #0x02
   023F 12            [ 7]  444 	ld	(de),a
                            445 ;src/starfield/starfield.c:119: }
   0240                     446 00104$:
                            447 ;src/starfield/starfield.c:121: if(pStar->nY >= 198)
   0240 1A            [ 7]  448 	ld	a,(de)
   0241 D6 C6         [ 7]  449 	sub	a, #0xC6
   0243 38 2E         [12]  450 	jr	C,00109$
                            451 ;src/starfield/starfield.c:123: pStar->nY = 0;
   0245 AF            [ 4]  452 	xor	a, a
   0246 12            [ 7]  453 	ld	(de),a
                            454 ;src/starfield/starfield.c:124: pStar->nX = cpct_getRandomUniform_u8_f(0) % 160;
   0247 C5            [11]  455 	push	bc
   0248 2E 00         [ 7]  456 	ld	l,#0x00
   024A CDr00r00      [17]  457 	call	_cpct_getRandomUniform_u8_f
   024D 55            [ 4]  458 	ld	d,l
   024E 3E A0         [ 7]  459 	ld	a,#0xA0
   0250 F5            [11]  460 	push	af
   0251 33            [ 6]  461 	inc	sp
   0252 D5            [11]  462 	push	de
   0253 33            [ 6]  463 	inc	sp
   0254 CDr00r00      [17]  464 	call	__moduchar
   0257 F1            [10]  465 	pop	af
   0258 7D            [ 4]  466 	ld	a,l
   0259 C1            [10]  467 	pop	bc
   025A 02            [ 7]  468 	ld	(bc),a
                            469 ;src/starfield/starfield.c:125: pStar->nStarType = cpct_getRandomUniform_u8_f(0) % 3;
   025B 2E 00         [ 7]  470 	ld	l,#0x00
   025D CDr00r00      [17]  471 	call	_cpct_getRandomUniform_u8_f
   0260 55            [ 4]  472 	ld	d,l
   0261 3E 03         [ 7]  473 	ld	a,#0x03
   0263 F5            [11]  474 	push	af
   0264 33            [ 6]  475 	inc	sp
   0265 D5            [11]  476 	push	de
   0266 33            [ 6]  477 	inc	sp
   0267 CDr00r00      [17]  478 	call	__moduchar
   026A F1            [10]  479 	pop	af
   026B 7D            [ 4]  480 	ld	a,l
   026C DD 6E FC      [19]  481 	ld	l,-4 (ix)
   026F DD 66 FD      [19]  482 	ld	h,-3 (ix)
   0272 77            [ 7]  483 	ld	(hl),a
   0273                     484 00109$:
                            485 ;src/starfield/starfield.c:104: for(nStar = 0; nStar < STARS_NUM; nStar++)
   0273 DD 7E FE      [19]  486 	ld	a,-2 (ix)
   0276 C6 07         [ 7]  487 	add	a, #0x07
   0278 DD 77 FE      [19]  488 	ld	-2 (ix),a
   027B DD 7E FF      [19]  489 	ld	a,-1 (ix)
   027E CE 00         [ 7]  490 	adc	a, #0x00
   0280 DD 77 FF      [19]  491 	ld	-1 (ix),a
   0283 DD 34 F8      [23]  492 	inc	-8 (ix)
   0286 DD 7E F8      [19]  493 	ld	a,-8 (ix)
   0289 D6 0F         [ 7]  494 	sub	a, #0x0F
   028B DArE9r01      [10]  495 	jp	C,00108$
   028E DD F9         [10]  496 	ld	sp, ix
   0290 DD E1         [14]  497 	pop	ix
   0292 C9            [10]  498 	ret
                            499 	.area _CODE
                            500 	.area _INITIALIZER
                            501 	.area _CABS (ABS)
