                              1 ;--------------------------------------------------------
                              2 ; File Created by SDCC : free open source ANSI-C Compiler
                              3 ; Version 3.4.3 #9207 (Jun  5 2015) (Mac OS X x86_64)
                              4 ; This file was generated Sat Jun 13 23:34:18 2015
                              5 ;--------------------------------------------------------
                              6 	.module random
                              7 	.optsdcc -mz80
                              8 	
                              9 ;--------------------------------------------------------
                             10 ; Public variables in this module
                             11 ;--------------------------------------------------------
                             12 	.globl _cpc_random
                             13 	.globl _getRandomUniform
                             14 	.globl _g_nextRand
                             15 	.globl _g_randUnif
                             16 ;--------------------------------------------------------
                             17 ; special function registers
                             18 ;--------------------------------------------------------
                             19 ;--------------------------------------------------------
                             20 ; ram data
                             21 ;--------------------------------------------------------
                             22 	.area _DATA
   0000                      23 _g_nextRand::
   0000                      24 	.ds 1
                             25 ;--------------------------------------------------------
                             26 ; ram data
                             27 ;--------------------------------------------------------
                             28 	.area _INITIALIZED
                             29 ;--------------------------------------------------------
                             30 ; absolute external ram data
                             31 ;--------------------------------------------------------
                             32 	.area _DABS (ABS)
                             33 ;--------------------------------------------------------
                             34 ; global & static initialisations
                             35 ;--------------------------------------------------------
                             36 	.area _HOME
                             37 	.area _GSINIT
                             38 	.area _GSFINAL
                             39 	.area _GSINIT
                             40 ;--------------------------------------------------------
                             41 ; Home
                             42 ;--------------------------------------------------------
                             43 	.area _HOME
                             44 	.area _HOME
                             45 ;--------------------------------------------------------
                             46 ; code
                             47 ;--------------------------------------------------------
                             48 	.area _CODE
                             49 ;src/random/random.c:55: u8 getRandomUniform(u8 inc) {
                             50 ;	---------------------------------
                             51 ; Function getRandomUniform
                             52 ; ---------------------------------
   0000                      53 _getRandomUniform::
                             54 ;src/random/random.c:56: g_nextRand += inc;               // Move to next random value to get
   0000 21 02 00      [10]   55 	ld	hl,#2
   0003 39            [11]   56 	add	hl,sp
   0004 D5            [11]   57 	push	de
   0005 FD 21r00r00   [14]   58 	ld	iy,#_g_nextRand
   0009 FD E5         [15]   59 	push	iy
   000B D1            [10]   60 	pop	de
   000C 1A            [ 7]   61 	ld	a,(de)
   000D 86            [ 7]   62 	add	a, (hl)
   000E 12            [ 7]   63 	ld	(de),a
   000F D1            [10]   64 	pop	de
                             65 ;src/random/random.c:57: return g_randUnif[g_nextRand];   // Return the random value
   0010 11r1Br00      [10]   66 	ld	de,#_g_randUnif+0
   0013 2Ar00r00      [16]   67 	ld	hl,(_g_nextRand)
   0016 26 00         [ 7]   68 	ld	h,#0x00
   0018 19            [11]   69 	add	hl,de
   0019 6E            [ 7]   70 	ld	l,(hl)
   001A C9            [10]   71 	ret
   001B                      72 _g_randUnif:
   001B FD                   73 	.db #0xFD	; 253
   001C 45                   74 	.db #0x45	; 69	'E'
   001D 9E                   75 	.db #0x9E	; 158
   001E 70                   76 	.db #0x70	; 112	'p'
   001F E1                   77 	.db #0xE1	; 225
   0020 52                   78 	.db #0x52	; 82	'R'
   0021 24                   79 	.db #0x24	; 36
   0022 23                   80 	.db #0x23	; 35
   0023 69                   81 	.db #0x69	; 105	'i'
   0024 2A                   82 	.db #0x2A	; 42
   0025 6C                   83 	.db #0x6C	; 108	'l'
   0026 B0                   84 	.db #0xB0	; 176
   0027 DB                   85 	.db #0xDB	; 219
   0028 C7                   86 	.db #0xC7	; 199
   0029 5E                   87 	.db #0x5E	; 94
   002A 18                   88 	.db #0x18	; 24
   002B FF                   89 	.db #0xFF	; 255
   002C D7                   90 	.db #0xD7	; 215
   002D F1                   91 	.db #0xF1	; 241
   002E 48                   92 	.db #0x48	; 72	'H'
   002F 08                   93 	.db #0x08	; 8
   0030 AF                   94 	.db #0xAF	; 175
   0031 20                   95 	.db #0x20	; 32
   0032 F8                   96 	.db #0xF8	; 248
   0033 C0                   97 	.db #0xC0	; 192
   0034 73                   98 	.db #0x73	; 115	's'
   0035 5B                   99 	.db #0x5B	; 91
   0036 2C                  100 	.db #0x2C	; 44
   0037 D5                  101 	.db #0xD5	; 213
   0038 50                  102 	.db #0x50	; 80	'P'
   0039 82                  103 	.db #0x82	; 130
   003A 3F                  104 	.db #0x3F	; 63
   003B 46                  105 	.db #0x46	; 70	'F'
   003C D9                  106 	.db #0xD9	; 217
   003D 5D                  107 	.db #0x5D	; 93
   003E CD                  108 	.db #0xCD	; 205
   003F 60                  109 	.db #0x60	; 96
   0040 66                  110 	.db #0x66	; 102	'f'
   0041 0D                  111 	.db #0x0D	; 13
   0042 F3                  112 	.db #0xF3	; 243
   0043 6D                  113 	.db #0x6D	; 109	'm'
   0044 86                  114 	.db #0x86	; 134
   0045 9F                  115 	.db #0x9F	; 159
   0046 D2                  116 	.db #0xD2	; 210
   0047 42                  117 	.db #0x42	; 66	'B'
   0048 E7                  118 	.db #0xE7	; 231
   0049 B8                  119 	.db #0xB8	; 184
   004A 80                  120 	.db #0x80	; 128
   004B 51                  121 	.db #0x51	; 81	'Q'
   004C 38                  122 	.db #0x38	; 56	'8'
   004D AA                  123 	.db #0xAA	; 170
   004E B6                  124 	.db #0xB6	; 182
   004F DD                  125 	.db #0xDD	; 221
   0050 63                  126 	.db #0x63	; 99	'c'
   0051 4E                  127 	.db #0x4E	; 78	'N'
   0052 7A                  128 	.db #0x7A	; 122	'z'
   0053 93                  129 	.db #0x93	; 147
   0054 75                  130 	.db #0x75	; 117	'u'
   0055 94                  131 	.db #0x94	; 148
   0056 17                  132 	.db #0x17	; 23
   0057 76                  133 	.db #0x76	; 118	'v'
   0058 FA                  134 	.db #0xFA	; 250
   0059 DC                  135 	.db #0xDC	; 220
   005A 5A                  136 	.db #0x5A	; 90	'Z'
   005B D8                  137 	.db #0xD8	; 216
   005C 22                  138 	.db #0x22	; 34
   005D BC                  139 	.db #0xBC	; 188
   005E 6F                  140 	.db #0x6F	; 111	'o'
   005F CF                  141 	.db #0xCF	; 207
   0060 2B                  142 	.db #0x2B	; 43
   0061 D0                  143 	.db #0xD0	; 208
   0062 B5                  144 	.db #0xB5	; 181
   0063 1A                  145 	.db #0x1A	; 26
   0064 BE                  146 	.db #0xBE	; 190
   0065 77                  147 	.db #0x77	; 119	'w'
   0066 8B                  148 	.db #0x8B	; 139
   0067 DA                  149 	.db #0xDA	; 218
   0068 04                  150 	.db #0x04	; 4
   0069 96                  151 	.db #0x96	; 150
   006A A4                  152 	.db #0xA4	; 164
   006B 92                  153 	.db #0x92	; 146
   006C BA                  154 	.db #0xBA	; 186
   006D 4D                  155 	.db #0x4D	; 77	'M'
   006E A2                  156 	.db #0xA2	; 162
   006F 47                  157 	.db #0x47	; 71	'G'
   0070 2E                  158 	.db #0x2E	; 46
   0071 A8                  159 	.db #0xA8	; 168
   0072 54                  160 	.db #0x54	; 84	'T'
   0073 7B                  161 	.db #0x7B	; 123
   0074 EE                  162 	.db #0xEE	; 238
   0075 53                  163 	.db #0x53	; 83	'S'
   0076 EF                  164 	.db #0xEF	; 239
   0077 AB                  165 	.db #0xAB	; 171
   0078 43                  166 	.db #0x43	; 67	'C'
   0079 8E                  167 	.db #0x8E	; 142
   007A 3A                  168 	.db #0x3A	; 58
   007B 88                  169 	.db #0x88	; 136
   007C 29                  170 	.db #0x29	; 41
   007D E2                  171 	.db #0xE2	; 226
   007E 3D                  172 	.db #0x3D	; 61
   007F D4                  173 	.db #0xD4	; 212
   0080 BB                  174 	.db #0xBB	; 187
   0081 FB                  175 	.db #0xFB	; 251
   0082 74                  176 	.db #0x74	; 116	't'
   0083 21                  177 	.db #0x21	; 33
   0084 56                  178 	.db #0x56	; 86	'V'
   0085 06                  179 	.db #0x06	; 6
   0086 8A                  180 	.db #0x8A	; 138
   0087 AE                  181 	.db #0xAE	; 174
   0088 8F                  182 	.db #0x8F	; 143
   0089 62                  183 	.db #0x62	; 98	'b'
   008A 61                  184 	.db #0x61	; 97	'a'
   008B 6E                  185 	.db #0x6E	; 110	'n'
   008C 4C                  186 	.db #0x4C	; 76	'L'
   008D 1D                  187 	.db #0x1D	; 29
   008E 78                  188 	.db #0x78	; 120	'x'
   008F 87                  189 	.db #0x87	; 135
   0090 89                  190 	.db #0x89	; 137
   0091 91                  191 	.db #0x91	; 145
   0092 0C                  192 	.db #0x0C	; 12
   0093 9A                  193 	.db #0x9A	; 154
   0094 95                  194 	.db #0x95	; 149
   0095 40                  195 	.db #0x40	; 64
   0096 12                  196 	.db #0x12	; 18
   0097 7C                  197 	.db #0x7C	; 124
   0098 07                  198 	.db #0x07	; 7
   0099 3B                  199 	.db #0x3B	; 59
   009A EB                  200 	.db #0xEB	; 235
   009B 71                  201 	.db #0x71	; 113	'q'
   009C 13                  202 	.db #0x13	; 19
   009D F2                  203 	.db #0xF2	; 242
   009E 4F                  204 	.db #0x4F	; 79	'O'
   009F 0A                  205 	.db #0x0A	; 10
   00A0 3C                  206 	.db #0x3C	; 60
   00A1 F0                  207 	.db #0xF0	; 240
   00A2 65                  208 	.db #0x65	; 101	'e'
   00A3 03                  209 	.db #0x03	; 3
   00A4 64                  210 	.db #0x64	; 100	'd'
   00A5 6A                  211 	.db #0x6A	; 106	'j'
   00A6 02                  212 	.db #0x02	; 2
   00A7 FC                  213 	.db #0xFC	; 252
   00A8 C5                  214 	.db #0xC5	; 197
   00A9 01                  215 	.db #0x01	; 1
   00AA 15                  216 	.db #0x15	; 21
   00AB 5C                  217 	.db #0x5C	; 92
   00AC 98                  218 	.db #0x98	; 152
   00AD 97                  219 	.db #0x97	; 151
   00AE 2F                  220 	.db #0x2F	; 47
   00AF 84                  221 	.db #0x84	; 132
   00B0 F9                  222 	.db #0xF9	; 249
   00B1 33                  223 	.db #0x33	; 51	'3'
   00B2 16                  224 	.db #0x16	; 22
   00B3 72                  225 	.db #0x72	; 114	'r'
   00B4 BF                  226 	.db #0xBF	; 191
   00B5 1B                  227 	.db #0x1B	; 27
   00B6 F6                  228 	.db #0xF6	; 246
   00B7 C9                  229 	.db #0xC9	; 201
   00B8 7D                  230 	.db #0x7D	; 125
   00B9 37                  231 	.db #0x37	; 55	'7'
   00BA 90                  232 	.db #0x90	; 144
   00BB 58                  233 	.db #0x58	; 88	'X'
   00BC 27                  234 	.db #0x27	; 39
   00BD 14                  235 	.db #0x14	; 20
   00BE 9D                  236 	.db #0x9D	; 157
   00BF 35                  237 	.db #0x35	; 53	'5'
   00C0 A5                  238 	.db #0xA5	; 165
   00C1 C2                  239 	.db #0xC2	; 194
   00C2 C3                  240 	.db #0xC3	; 195
   00C3 E8                  241 	.db #0xE8	; 232
   00C4 E9                  242 	.db #0xE9	; 233
   00C5 11                  243 	.db #0x11	; 17
   00C6 31                  244 	.db #0x31	; 49	'1'
   00C7 B7                  245 	.db #0xB7	; 183
   00C8 67                  246 	.db #0x67	; 103	'g'
   00C9 CB                  247 	.db #0xCB	; 203
   00CA AC                  248 	.db #0xAC	; 172
   00CB 7F                  249 	.db #0x7F	; 127
   00CC 2D                  250 	.db #0x2D	; 45
   00CD 7E                  251 	.db #0x7E	; 126
   00CE 44                  252 	.db #0x44	; 68	'D'
   00CF A6                  253 	.db #0xA6	; 166
   00D0 ED                  254 	.db #0xED	; 237
   00D1 A7                  255 	.db #0xA7	; 167
   00D2 C6                  256 	.db #0xC6	; 198
   00D3 0B                  257 	.db #0x0B	; 11
   00D4 E6                  258 	.db #0xE6	; 230
   00D5 AD                  259 	.db #0xAD	; 173
   00D6 22                  260 	.db #0x22	; 34
   00D7 F4                  261 	.db #0xF4	; 244
   00D8 F5                  262 	.db #0xF5	; 245
   00D9 C4                  263 	.db #0xC4	; 196
   00DA C8                  264 	.db #0xC8	; 200
   00DB 5F                  265 	.db #0x5F	; 95
   00DC CE                  266 	.db #0xCE	; 206
   00DD E0                  267 	.db #0xE0	; 224
   00DE 49                  268 	.db #0x49	; 73	'I'
   00DF E3                  269 	.db #0xE3	; 227
   00E0 EC                  270 	.db #0xEC	; 236
   00E1 39                  271 	.db #0x39	; 57	'9'
   00E2 D3                  272 	.db #0xD3	; 211
   00E3 19                  273 	.db #0x19	; 25
   00E4 79                  274 	.db #0x79	; 121	'y'
   00E5 26                  275 	.db #0x26	; 38
   00E6 A1                  276 	.db #0xA1	; 161
   00E7 CA                  277 	.db #0xCA	; 202
   00E8 83                  278 	.db #0x83	; 131
   00E9 BD                  279 	.db #0xBD	; 189
   00EA 30                  280 	.db #0x30	; 48	'0'
   00EB 99                  281 	.db #0x99	; 153
   00EC 85                  282 	.db #0x85	; 133
   00ED CC                  283 	.db #0xCC	; 204
   00EE 81                  284 	.db #0x81	; 129
   00EF 05                  285 	.db #0x05	; 5
   00F0 1F                  286 	.db #0x1F	; 31
   00F1 9C                  287 	.db #0x9C	; 156
   00F2 41                  288 	.db #0x41	; 65	'A'
   00F3 32                  289 	.db #0x32	; 50	'2'
   00F4 36                  290 	.db #0x36	; 54	'6'
   00F5 F7                  291 	.db #0xF7	; 247
   00F6 4A                  292 	.db #0x4A	; 74	'J'
   00F7 A0                  293 	.db #0xA0	; 160
   00F8 6B                  294 	.db #0x6B	; 107	'k'
   00F9 DF                  295 	.db #0xDF	; 223
   00FA 8C                  296 	.db #0x8C	; 140
   00FB B3                  297 	.db #0xB3	; 179
   00FC DE                  298 	.db #0xDE	; 222
   00FD FE                  299 	.db #0xFE	; 254
   00FE B2                  300 	.db #0xB2	; 178
   00FF 09                  301 	.db #0x09	; 9
   0100 B4                  302 	.db #0xB4	; 180
   0101 A3                  303 	.db #0xA3	; 163
   0102 28                  304 	.db #0x28	; 40
   0103 D6                  305 	.db #0xD6	; 214
   0104 E5                  306 	.db #0xE5	; 229
   0105 0F                  307 	.db #0x0F	; 15
   0106 C1                  308 	.db #0xC1	; 193
   0107 E4                  309 	.db #0xE4	; 228
   0108 1C                  310 	.db #0x1C	; 28
   0109 34                  311 	.db #0x34	; 52	'4'
   010A B1                  312 	.db #0xB1	; 177
   010B 57                  313 	.db #0x57	; 87	'W'
   010C 25                  314 	.db #0x25	; 37
   010D 59                  315 	.db #0x59	; 89	'Y'
   010E B9                  316 	.db #0xB9	; 185
   010F 9B                  317 	.db #0x9B	; 155
   0110 0E                  318 	.db #0x0E	; 14
   0111 D1                  319 	.db #0xD1	; 209
   0112 10                  320 	.db #0x10	; 16
   0113 A9                  321 	.db #0xA9	; 169
   0114 68                  322 	.db #0x68	; 104	'h'
   0115 00                  323 	.db #0x00	; 0
   0116 8D                  324 	.db #0x8D	; 141
   0117 55                  325 	.db #0x55	; 85	'U'
   0118 3E                  326 	.db #0x3E	; 62
   0119 1E                  327 	.db #0x1E	; 30
   011A 4B                  328 	.db #0x4B	; 75	'K'
                            329 ;src/random/random.c:60: void cpc_random(u8* random_number) {
                            330 ;	---------------------------------
                            331 ; Function cpc_random
                            332 ; ---------------------------------
   011B                     333 _cpc_random::
                            334 ;src/random/random.c:74: __endasm;
   011B 3Ar29r01      [13]  335 	LD A,(#valor_previo)
   011E 6F            [ 4]  336 	LD L,A
   011F ED 5F         [ 9]  337 	LD A,R
   0121 85            [ 4]  338 	ADD L
   0122 32r29r01      [13]  339 	LD (#valor_previo),A
   0125 6F            [ 4]  340 	LD L,A ;SE DEVUELVE L (CHAR)
   0126 26 00         [ 7]  341 	LD H,#0
   0128 C9            [10]  342 	RET
   0129                     343 	valor_previo:
   0129 FF                  344 	.db #0xFF
   012A C9            [10]  345 	ret
                            346 	.area _CODE
                            347 	.area _INITIALIZER
                            348 	.area _CABS (ABS)
