                              1 ;--------------------------------------------------------
                              2 ; File Created by SDCC : free open source ANSI-C Compiler
                              3 ; Version 3.5.0 #9253 (Jul 21 2015) (Mac OS X x86_64)
                              4 ; This file was generated Thu Jul 23 01:06:51 2015
                              5 ;--------------------------------------------------------
                              6 	.module new_sprites
                              7 	.optsdcc -mz80
                              8 	
                              9 ;--------------------------------------------------------
                             10 ; Public variables in this module
                             11 ;--------------------------------------------------------
                             12 	.globl _G_N_5
                             13 	.globl _G_N_4
                             14 	.globl _G_N_3
                             15 	.globl _G_N_2
                             16 	.globl _G_N_1
                             17 	.globl _G_N_0
                             18 	.globl _G_baddie02_07
                             19 	.globl _G_baddie02_06
                             20 	.globl _G_baddie02_05
                             21 	.globl _G_baddie02_04
                             22 	.globl _G_baddie02_03
                             23 	.globl _G_baddie02_02
                             24 	.globl _G_baddie02_01
                             25 	.globl _G_baddie02_00
                             26 	.globl _G_baddie01_07
                             27 	.globl _G_baddie01_06
                             28 	.globl _G_baddie01_05
                             29 	.globl _G_baddie01_04
                             30 	.globl _G_baddie01_03
                             31 	.globl _G_baddie01_02
                             32 	.globl _G_baddie01_01
                             33 	.globl _G_baddie01_00
                             34 ;--------------------------------------------------------
                             35 ; special function registers
                             36 ;--------------------------------------------------------
                             37 ;--------------------------------------------------------
                             38 ; ram data
                             39 ;--------------------------------------------------------
                             40 	.area _DATA
                             41 ;--------------------------------------------------------
                             42 ; ram data
                             43 ;--------------------------------------------------------
                             44 	.area _INITIALIZED
                             45 ;--------------------------------------------------------
                             46 ; absolute external ram data
                             47 ;--------------------------------------------------------
                             48 	.area _DABS (ABS)
                             49 ;--------------------------------------------------------
                             50 ; global & static initialisations
                             51 ;--------------------------------------------------------
                             52 	.area _HOME
                             53 	.area _GSINIT
                             54 	.area _GSFINAL
                             55 	.area _GSINIT
                             56 ;--------------------------------------------------------
                             57 ; Home
                             58 ;--------------------------------------------------------
                             59 	.area _HOME
                             60 	.area _HOME
                             61 ;--------------------------------------------------------
                             62 ; code
                             63 ;--------------------------------------------------------
                             64 	.area _CODE
                             65 	.area _CODE
   0000                      66 _G_baddie01_00:
   0000 28                   67 	.db #0x28	; 40
   0001 00                   68 	.db #0x00	; 0
   0002 33                   69 	.db #0x33	; 51	'3'
   0003 00                   70 	.db #0x00	; 0
   0004 14                   71 	.db #0x14	; 20
   0005 3C                   72 	.db #0x3C	; 60
   0006 11                   73 	.db #0x11	; 17
   0007 33                   74 	.db #0x33	; 51	'3'
   0008 22                   75 	.db #0x22	; 34
   0009 3C                   76 	.db #0x3C	; 60
   000A 3C                   77 	.db #0x3C	; 60
   000B 11                   78 	.db #0x11	; 17
   000C 3F                   79 	.db #0x3F	; 63
   000D 22                   80 	.db #0x22	; 34
   000E 3C                   81 	.db #0x3C	; 60
   000F 3C                   82 	.db #0x3C	; 60
   0010 11                   83 	.db #0x11	; 17
   0011 3F                   84 	.db #0x3F	; 63
   0012 22                   85 	.db #0x22	; 34
   0013 3C                   86 	.db #0x3C	; 60
   0014 14                   87 	.db #0x14	; 20
   0015 11                   88 	.db #0x11	; 17
   0016 33                   89 	.db #0x33	; 51	'3'
   0017 22                   90 	.db #0x22	; 34
   0018 28                   91 	.db #0x28	; 40
   0019 14                   92 	.db #0x14	; 20
   001A 39                   93 	.db #0x39	; 57	'9'
   001B 33                   94 	.db #0x33	; 51	'3'
   001C 36                   95 	.db #0x36	; 54	'6'
   001D 28                   96 	.db #0x28	; 40
   001E 00                   97 	.db #0x00	; 0
   001F 39                   98 	.db #0x39	; 57	'9'
   0020 33                   99 	.db #0x33	; 51	'3'
   0021 36                  100 	.db #0x36	; 54	'6'
   0022 00                  101 	.db #0x00	; 0
   0023 00                  102 	.db #0x00	; 0
   0024 3C                  103 	.db #0x3C	; 60
   0025 33                  104 	.db #0x33	; 51	'3'
   0026 3C                  105 	.db #0x3C	; 60
   0027 00                  106 	.db #0x00	; 0
   0028 00                  107 	.db #0x00	; 0
   0029 05                  108 	.db #0x05	; 5
   002A 33                  109 	.db #0x33	; 51	'3'
   002B 0A                  110 	.db #0x0A	; 10
   002C 00                  111 	.db #0x00	; 0
   002D 00                  112 	.db #0x00	; 0
   002E 0F                  113 	.db #0x0F	; 15
   002F 33                  114 	.db #0x33	; 51	'3'
   0030 0F                  115 	.db #0x0F	; 15
   0031 00                  116 	.db #0x00	; 0
   0032 00                  117 	.db #0x00	; 0
   0033 0A                  118 	.db #0x0A	; 10
   0034 33                  119 	.db #0x33	; 51	'3'
   0035 05                  120 	.db #0x05	; 5
   0036 00                  121 	.db #0x00	; 0
   0037 05                  122 	.db #0x05	; 5
   0038 0A                  123 	.db #0x0A	; 10
   0039 33                  124 	.db #0x33	; 51	'3'
   003A 05                  125 	.db #0x05	; 5
   003B 0A                  126 	.db #0x0A	; 10
   003C 05                  127 	.db #0x05	; 5
   003D 0A                  128 	.db #0x0A	; 10
   003E F3                  129 	.db #0xF3	; 243
   003F 05                  130 	.db #0x05	; 5
   0040 0A                  131 	.db #0x0A	; 10
   0041 05                  132 	.db #0x05	; 5
   0042 00                  133 	.db #0x00	; 0
   0043 00                  134 	.db #0x00	; 0
   0044 00                  135 	.db #0x00	; 0
   0045 0A                  136 	.db #0x0A	; 10
   0046 05                  137 	.db #0x05	; 5
   0047 00                  138 	.db #0x00	; 0
   0048 00                  139 	.db #0x00	; 0
   0049 00                  140 	.db #0x00	; 0
   004A 0A                  141 	.db #0x0A	; 10
   004B 05                  142 	.db #0x05	; 5
   004C 00                  143 	.db #0x00	; 0
   004D 00                  144 	.db #0x00	; 0
   004E 00                  145 	.db #0x00	; 0
   004F 0A                  146 	.db #0x0A	; 10
   0050                     147 _G_baddie01_01:
   0050 00                  148 	.db #0x00	; 0
   0051 04                  149 	.db #0x04	; 4
   0052 28                  150 	.db #0x28	; 40
   0053 00                  151 	.db #0x00	; 0
   0054 00                  152 	.db #0x00	; 0
   0055 00                  153 	.db #0x00	; 0
   0056 04                  154 	.db #0x04	; 4
   0057 28                  155 	.db #0x28	; 40
   0058 67                  156 	.db #0x67	; 103	'g'
   0059 00                  157 	.db #0x00	; 0
   005A 00                  158 	.db #0x00	; 0
   005B 04                  159 	.db #0x04	; 4
   005C 6D                  160 	.db #0x6D	; 109	'm'
   005D 33                  161 	.db #0x33	; 51	'3'
   005E 00                  162 	.db #0x00	; 0
   005F 00                  163 	.db #0x00	; 0
   0060 04                  164 	.db #0x04	; 4
   0061 39                  165 	.db #0x39	; 57	'9'
   0062 33                  166 	.db #0x33	; 51	'3'
   0063 22                  167 	.db #0x22	; 34
   0064 00                  168 	.db #0x00	; 0
   0065 04                  169 	.db #0x04	; 4
   0066 91                  170 	.db #0x91	; 145
   0067 3F                  171 	.db #0x3F	; 63
   0068 22                  172 	.db #0x22	; 34
   0069 01                  173 	.db #0x01	; 1
   006A 03                  174 	.db #0x03	; 3
   006B 91                  175 	.db #0x91	; 145
   006C 3F                  176 	.db #0x3F	; 63
   006D 67                  177 	.db #0x67	; 103	'g'
   006E 07                  178 	.db #0x07	; 7
   006F 0F                  179 	.db #0x0F	; 15
   0070 1B                  180 	.db #0x1B	; 27
   0071 37                  181 	.db #0x37	; 55	'7'
   0072 67                  182 	.db #0x67	; 103	'g'
   0073 0F                  183 	.db #0x0F	; 15
   0074 0F                  184 	.db #0x0F	; 15
   0075 93                  185 	.db #0x93	; 147
   0076 33                  186 	.db #0x33	; 51	'3'
   0077 22                  187 	.db #0x22	; 34
   0078 0B                  188 	.db #0x0B	; 11
   0079 02                  189 	.db #0x02	; 2
   007A 33                  190 	.db #0x33	; 51	'3'
   007B 33                  191 	.db #0x33	; 51	'3'
   007C 8E                  192 	.db #0x8E	; 142
   007D 02                  193 	.db #0x02	; 2
   007E 45                  194 	.db #0x45	; 69	'E'
   007F 33                  195 	.db #0x33	; 51	'3'
   0080 31                  196 	.db #0x31	; 49	'1'
   0081 1C                  197 	.db #0x1C	; 28
   0082 00                  198 	.db #0x00	; 0
   0083 11                  199 	.db #0x11	; 17
   0084 33                  200 	.db #0x33	; 51	'3'
   0085 1E                  201 	.db #0x1E	; 30
   0086 3C                  202 	.db #0x3C	; 60
   0087 00                  203 	.db #0x00	; 0
   0088 51                  204 	.db #0x51	; 81	'Q'
   0089 63                  205 	.db #0x63	; 99	'c'
   008A 1E                  206 	.db #0x1E	; 30
   008B 3C                  207 	.db #0x3C	; 60
   008C 00                  208 	.db #0x00	; 0
   008D 00                  209 	.db #0x00	; 0
   008E A3                  210 	.db #0xA3	; 163
   008F 0A                  211 	.db #0x0A	; 10
   0090 00                  212 	.db #0x00	; 0
   0091 00                  213 	.db #0x00	; 0
   0092 00                  214 	.db #0x00	; 0
   0093 05                  215 	.db #0x05	; 5
   0094 0A                  216 	.db #0x0A	; 10
   0095 00                  217 	.db #0x00	; 0
   0096 00                  218 	.db #0x00	; 0
   0097 00                  219 	.db #0x00	; 0
   0098 07                  220 	.db #0x07	; 7
   0099 00                  221 	.db #0x00	; 0
   009A 00                  222 	.db #0x00	; 0
   009B 00                  223 	.db #0x00	; 0
   009C 01                  224 	.db #0x01	; 1
   009D 0F                  225 	.db #0x0F	; 15
   009E 00                  226 	.db #0x00	; 0
   009F 00                  227 	.db #0x00	; 0
   00A0                     228 _G_baddie01_02:
   00A0 00                  229 	.db #0x00	; 0
   00A1 00                  230 	.db #0x00	; 0
   00A2 00                  231 	.db #0x00	; 0
   00A3 00                  232 	.db #0x00	; 0
   00A4 3C                  233 	.db #0x3C	; 60
   00A5 00                  234 	.db #0x00	; 0
   00A6 00                  235 	.db #0x00	; 0
   00A7 00                  236 	.db #0x00	; 0
   00A8 00                  237 	.db #0x00	; 0
   00A9 3C                  238 	.db #0x3C	; 60
   00AA 0F                  239 	.db #0x0F	; 15
   00AB 0F                  240 	.db #0x0F	; 15
   00AC 00                  241 	.db #0x00	; 0
   00AD 14                  242 	.db #0x14	; 20
   00AE 3C                  243 	.db #0x3C	; 60
   00AF 0F                  244 	.db #0x0F	; 15
   00B0 0F                  245 	.db #0x0F	; 15
   00B1 00                  246 	.db #0x00	; 0
   00B2 14                  247 	.db #0x14	; 20
   00B3 3C                  248 	.db #0x3C	; 60
   00B4 00                  249 	.db #0x00	; 0
   00B5 0F                  250 	.db #0x0F	; 15
   00B6 0A                  251 	.db #0x0A	; 10
   00B7 28                  252 	.db #0x28	; 40
   00B8 00                  253 	.db #0x00	; 0
   00B9 00                  254 	.db #0x00	; 0
   00BA 00                  255 	.db #0x00	; 0
   00BB 0F                  256 	.db #0x0F	; 15
   00BC 33                  257 	.db #0x33	; 51	'3'
   00BD 33                  258 	.db #0x33	; 51	'3'
   00BE 00                  259 	.db #0x00	; 0
   00BF 00                  260 	.db #0x00	; 0
   00C0 0F                  261 	.db #0x0F	; 15
   00C1 33                  262 	.db #0x33	; 51	'3'
   00C2 33                  263 	.db #0x33	; 51	'3'
   00C3 00                  264 	.db #0x00	; 0
   00C4 B3                  265 	.db #0xB3	; 179
   00C5 33                  266 	.db #0x33	; 51	'3'
   00C6 37                  267 	.db #0x37	; 55	'7'
   00C7 3B                  268 	.db #0x3B	; 59
   00C8 00                  269 	.db #0x00	; 0
   00C9 B3                  270 	.db #0xB3	; 179
   00CA 33                  271 	.db #0x33	; 51	'3'
   00CB 37                  272 	.db #0x37	; 55	'7'
   00CC 3B                  273 	.db #0x3B	; 59
   00CD 00                  274 	.db #0x00	; 0
   00CE B3                  275 	.db #0xB3	; 179
   00CF 33                  276 	.db #0x33	; 51	'3'
   00D0 37                  277 	.db #0x37	; 55	'7'
   00D1 3B                  278 	.db #0x3B	; 59
   00D2 00                  279 	.db #0x00	; 0
   00D3 00                  280 	.db #0x00	; 0
   00D4 0F                  281 	.db #0x0F	; 15
   00D5 33                  282 	.db #0x33	; 51	'3'
   00D6 33                  283 	.db #0x33	; 51	'3'
   00D7 00                  284 	.db #0x00	; 0
   00D8 00                  285 	.db #0x00	; 0
   00D9 0F                  286 	.db #0x0F	; 15
   00DA 33                  287 	.db #0x33	; 51	'3'
   00DB 33                  288 	.db #0x33	; 51	'3'
   00DC 00                  289 	.db #0x00	; 0
   00DD 0F                  290 	.db #0x0F	; 15
   00DE 0A                  291 	.db #0x0A	; 10
   00DF 28                  292 	.db #0x28	; 40
   00E0 00                  293 	.db #0x00	; 0
   00E1 0F                  294 	.db #0x0F	; 15
   00E2 0F                  295 	.db #0x0F	; 15
   00E3 00                  296 	.db #0x00	; 0
   00E4 14                  297 	.db #0x14	; 20
   00E5 3C                  298 	.db #0x3C	; 60
   00E6 0F                  299 	.db #0x0F	; 15
   00E7 0A                  300 	.db #0x0A	; 10
   00E8 00                  301 	.db #0x00	; 0
   00E9 14                  302 	.db #0x14	; 20
   00EA 3C                  303 	.db #0x3C	; 60
   00EB 00                  304 	.db #0x00	; 0
   00EC 00                  305 	.db #0x00	; 0
   00ED 00                  306 	.db #0x00	; 0
   00EE 00                  307 	.db #0x00	; 0
   00EF 3C                  308 	.db #0x3C	; 60
   00F0                     309 _G_baddie01_03:
   00F0 00                  310 	.db #0x00	; 0
   00F1 00                  311 	.db #0x00	; 0
   00F2 0F                  312 	.db #0x0F	; 15
   00F3 00                  313 	.db #0x00	; 0
   00F4 00                  314 	.db #0x00	; 0
   00F5 00                  315 	.db #0x00	; 0
   00F6 00                  316 	.db #0x00	; 0
   00F7 05                  317 	.db #0x05	; 5
   00F8 0A                  318 	.db #0x0A	; 10
   00F9 00                  319 	.db #0x00	; 0
   00FA 00                  320 	.db #0x00	; 0
   00FB 00                  321 	.db #0x00	; 0
   00FC 05                  322 	.db #0x05	; 5
   00FD 0A                  323 	.db #0x0A	; 10
   00FE 00                  324 	.db #0x00	; 0
   00FF 00                  325 	.db #0x00	; 0
   0100 00                  326 	.db #0x00	; 0
   0101 00                  327 	.db #0x00	; 0
   0102 0A                  328 	.db #0x0A	; 10
   0103 00                  329 	.db #0x00	; 0
   0104 00                  330 	.db #0x00	; 0
   0105 00                  331 	.db #0x00	; 0
   0106 A2                  332 	.db #0xA2	; 162
   0107 0A                  333 	.db #0x0A	; 10
   0108 14                  334 	.db #0x14	; 20
   0109 00                  335 	.db #0x00	; 0
   010A 00                  336 	.db #0x00	; 0
   010B 22                  337 	.db #0x22	; 34
   010C 1E                  338 	.db #0x1E	; 30
   010D 3C                  339 	.db #0x3C	; 60
   010E 00                  340 	.db #0x00	; 0
   010F 51                  341 	.db #0x51	; 81	'Q'
   0110 33                  342 	.db #0x33	; 51	'3'
   0111 1E                  343 	.db #0x1E	; 30
   0112 3C                  344 	.db #0x3C	; 60
   0113 0A                  345 	.db #0x0A	; 10
   0114 00                  346 	.db #0x00	; 0
   0115 33                  347 	.db #0x33	; 51	'3'
   0116 39                  348 	.db #0x39	; 57	'9'
   0117 14                  349 	.db #0x14	; 20
   0118 0F                  350 	.db #0x0F	; 15
   0119 0A                  351 	.db #0x0A	; 10
   011A 33                  352 	.db #0x33	; 51	'3'
   011B 33                  353 	.db #0x33	; 51	'3'
   011C 00                  354 	.db #0x00	; 0
   011D 0F                  355 	.db #0x0F	; 15
   011E 0F                  356 	.db #0x0F	; 15
   011F 1B                  357 	.db #0x1B	; 27
   0120 33                  358 	.db #0x33	; 51	'3'
   0121 22                  359 	.db #0x22	; 34
   0122 05                  360 	.db #0x05	; 5
   0123 0F                  361 	.db #0x0F	; 15
   0124 1B                  362 	.db #0x1B	; 27
   0125 37                  363 	.db #0x37	; 55	'7'
   0126 22                  364 	.db #0x22	; 34
   0127 00                  365 	.db #0x00	; 0
   0128 00                  366 	.db #0x00	; 0
   0129 39                  367 	.db #0x39	; 57	'9'
   012A 3F                  368 	.db #0x3F	; 63
   012B 22                  369 	.db #0x22	; 34
   012C 00                  370 	.db #0x00	; 0
   012D 00                  371 	.db #0x00	; 0
   012E 39                  372 	.db #0x39	; 57	'9'
   012F 3F                  373 	.db #0x3F	; 63
   0130 22                  374 	.db #0x22	; 34
   0131 00                  375 	.db #0x00	; 0
   0132 00                  376 	.db #0x00	; 0
   0133 39                  377 	.db #0x39	; 57	'9'
   0134 37                  378 	.db #0x37	; 55	'7'
   0135 22                  379 	.db #0x22	; 34
   0136 00                  380 	.db #0x00	; 0
   0137 14                  381 	.db #0x14	; 20
   0138 28                  382 	.db #0x28	; 40
   0139 33                  383 	.db #0x33	; 51	'3'
   013A 00                  384 	.db #0x00	; 0
   013B 00                  385 	.db #0x00	; 0
   013C 14                  386 	.db #0x14	; 20
   013D 28                  387 	.db #0x28	; 40
   013E 00                  388 	.db #0x00	; 0
   013F 00                  389 	.db #0x00	; 0
   0140                     390 _G_baddie01_04:
   0140 05                  391 	.db #0x05	; 5
   0141 00                  392 	.db #0x00	; 0
   0142 00                  393 	.db #0x00	; 0
   0143 00                  394 	.db #0x00	; 0
   0144 0A                  395 	.db #0x0A	; 10
   0145 05                  396 	.db #0x05	; 5
   0146 00                  397 	.db #0x00	; 0
   0147 00                  398 	.db #0x00	; 0
   0148 00                  399 	.db #0x00	; 0
   0149 0A                  400 	.db #0x0A	; 10
   014A 05                  401 	.db #0x05	; 5
   014B 00                  402 	.db #0x00	; 0
   014C 00                  403 	.db #0x00	; 0
   014D 00                  404 	.db #0x00	; 0
   014E 0A                  405 	.db #0x0A	; 10
   014F 05                  406 	.db #0x05	; 5
   0150 0A                  407 	.db #0x0A	; 10
   0151 F3                  408 	.db #0xF3	; 243
   0152 05                  409 	.db #0x05	; 5
   0153 0A                  410 	.db #0x0A	; 10
   0154 05                  411 	.db #0x05	; 5
   0155 0A                  412 	.db #0x0A	; 10
   0156 33                  413 	.db #0x33	; 51	'3'
   0157 05                  414 	.db #0x05	; 5
   0158 0A                  415 	.db #0x0A	; 10
   0159 00                  416 	.db #0x00	; 0
   015A 0A                  417 	.db #0x0A	; 10
   015B 33                  418 	.db #0x33	; 51	'3'
   015C 05                  419 	.db #0x05	; 5
   015D 00                  420 	.db #0x00	; 0
   015E 00                  421 	.db #0x00	; 0
   015F 0F                  422 	.db #0x0F	; 15
   0160 33                  423 	.db #0x33	; 51	'3'
   0161 0F                  424 	.db #0x0F	; 15
   0162 00                  425 	.db #0x00	; 0
   0163 00                  426 	.db #0x00	; 0
   0164 05                  427 	.db #0x05	; 5
   0165 33                  428 	.db #0x33	; 51	'3'
   0166 0A                  429 	.db #0x0A	; 10
   0167 00                  430 	.db #0x00	; 0
   0168 00                  431 	.db #0x00	; 0
   0169 3C                  432 	.db #0x3C	; 60
   016A 33                  433 	.db #0x33	; 51	'3'
   016B 3C                  434 	.db #0x3C	; 60
   016C 00                  435 	.db #0x00	; 0
   016D 00                  436 	.db #0x00	; 0
   016E 39                  437 	.db #0x39	; 57	'9'
   016F 33                  438 	.db #0x33	; 51	'3'
   0170 36                  439 	.db #0x36	; 54	'6'
   0171 00                  440 	.db #0x00	; 0
   0172 14                  441 	.db #0x14	; 20
   0173 39                  442 	.db #0x39	; 57	'9'
   0174 33                  443 	.db #0x33	; 51	'3'
   0175 36                  444 	.db #0x36	; 54	'6'
   0176 28                  445 	.db #0x28	; 40
   0177 14                  446 	.db #0x14	; 20
   0178 11                  447 	.db #0x11	; 17
   0179 3F                  448 	.db #0x3F	; 63
   017A 22                  449 	.db #0x22	; 34
   017B 28                  450 	.db #0x28	; 40
   017C 3C                  451 	.db #0x3C	; 60
   017D 11                  452 	.db #0x11	; 17
   017E 3F                  453 	.db #0x3F	; 63
   017F 22                  454 	.db #0x22	; 34
   0180 3C                  455 	.db #0x3C	; 60
   0181 3C                  456 	.db #0x3C	; 60
   0182 11                  457 	.db #0x11	; 17
   0183 3F                  458 	.db #0x3F	; 63
   0184 22                  459 	.db #0x22	; 34
   0185 3C                  460 	.db #0x3C	; 60
   0186 3C                  461 	.db #0x3C	; 60
   0187 11                  462 	.db #0x11	; 17
   0188 33                  463 	.db #0x33	; 51	'3'
   0189 22                  464 	.db #0x22	; 34
   018A 3C                  465 	.db #0x3C	; 60
   018B 28                  466 	.db #0x28	; 40
   018C 00                  467 	.db #0x00	; 0
   018D 33                  468 	.db #0x33	; 51	'3'
   018E 00                  469 	.db #0x00	; 0
   018F 14                  470 	.db #0x14	; 20
   0190                     471 _G_baddie01_05:
   0190 00                  472 	.db #0x00	; 0
   0191 00                  473 	.db #0x00	; 0
   0192 0F                  474 	.db #0x0F	; 15
   0193 02                  475 	.db #0x02	; 2
   0194 00                  476 	.db #0x00	; 0
   0195 00                  477 	.db #0x00	; 0
   0196 00                  478 	.db #0x00	; 0
   0197 0B                  479 	.db #0x0B	; 11
   0198 00                  480 	.db #0x00	; 0
   0199 00                  481 	.db #0x00	; 0
   019A 00                  482 	.db #0x00	; 0
   019B 05                  483 	.db #0x05	; 5
   019C 0A                  484 	.db #0x0A	; 10
   019D 00                  485 	.db #0x00	; 0
   019E 00                  486 	.db #0x00	; 0
   019F 00                  487 	.db #0x00	; 0
   01A0 05                  488 	.db #0x05	; 5
   01A1 53                  489 	.db #0x53	; 83	'S'
   01A2 00                  490 	.db #0x00	; 0
   01A3 00                  491 	.db #0x00	; 0
   01A4 3C                  492 	.db #0x3C	; 60
   01A5 2D                  493 	.db #0x2D	; 45
   01A6 93                  494 	.db #0x93	; 147
   01A7 A2                  495 	.db #0xA2	; 162
   01A8 00                  496 	.db #0x00	; 0
   01A9 3C                  497 	.db #0x3C	; 60
   01AA 2D                  498 	.db #0x2D	; 45
   01AB 33                  499 	.db #0x33	; 51	'3'
   01AC 22                  500 	.db #0x22	; 34
   01AD 00                  501 	.db #0x00	; 0
   01AE 2C                  502 	.db #0x2C	; 44
   01AF 32                  503 	.db #0x32	; 50	'2'
   01B0 33                  504 	.db #0x33	; 51	'3'
   01B1 8A                  505 	.db #0x8A	; 138
   01B2 01                  506 	.db #0x01	; 1
   01B3 4D                  507 	.db #0x4D	; 77	'M'
   01B4 33                  508 	.db #0x33	; 51	'3'
   01B5 33                  509 	.db #0x33	; 51	'3'
   01B6 01                  510 	.db #0x01	; 1
   01B7 07                  511 	.db #0x07	; 7
   01B8 11                  512 	.db #0x11	; 17
   01B9 33                  513 	.db #0x33	; 51	'3'
   01BA 63                  514 	.db #0x63	; 99	'c'
   01BB 0F                  515 	.db #0x0F	; 15
   01BC 0F                  516 	.db #0x0F	; 15
   01BD 9B                  517 	.db #0x9B	; 155
   01BE 3B                  518 	.db #0x3B	; 59
   01BF 27                  519 	.db #0x27	; 39
   01C0 0F                  520 	.db #0x0F	; 15
   01C1 0B                  521 	.db #0x0B	; 11
   01C2 9B                  522 	.db #0x9B	; 155
   01C3 3F                  523 	.db #0x3F	; 63
   01C4 62                  524 	.db #0x62	; 98	'b'
   01C5 03                  525 	.db #0x03	; 3
   01C6 02                  526 	.db #0x02	; 2
   01C7 11                  527 	.db #0x11	; 17
   01C8 3F                  528 	.db #0x3F	; 63
   01C9 62                  529 	.db #0x62	; 98	'b'
   01CA 08                  530 	.db #0x08	; 8
   01CB 00                  531 	.db #0x00	; 0
   01CC 11                  532 	.db #0x11	; 17
   01CD 33                  533 	.db #0x33	; 51	'3'
   01CE 36                  534 	.db #0x36	; 54	'6'
   01CF 08                  535 	.db #0x08	; 8
   01D0 00                  536 	.db #0x00	; 0
   01D1 00                  537 	.db #0x00	; 0
   01D2 33                  538 	.db #0x33	; 51	'3'
   01D3 9E                  539 	.db #0x9E	; 158
   01D4 08                  540 	.db #0x08	; 8
   01D5 00                  541 	.db #0x00	; 0
   01D6 00                  542 	.db #0x00	; 0
   01D7 9B                  543 	.db #0x9B	; 155
   01D8 14                  544 	.db #0x14	; 20
   01D9 08                  545 	.db #0x08	; 8
   01DA 00                  546 	.db #0x00	; 0
   01DB 00                  547 	.db #0x00	; 0
   01DC 00                  548 	.db #0x00	; 0
   01DD 14                  549 	.db #0x14	; 20
   01DE 08                  550 	.db #0x08	; 8
   01DF 00                  551 	.db #0x00	; 0
   01E0                     552 _G_baddie01_06:
   01E0 3C                  553 	.db #0x3C	; 60
   01E1 00                  554 	.db #0x00	; 0
   01E2 00                  555 	.db #0x00	; 0
   01E3 00                  556 	.db #0x00	; 0
   01E4 00                  557 	.db #0x00	; 0
   01E5 3C                  558 	.db #0x3C	; 60
   01E6 00                  559 	.db #0x00	; 0
   01E7 00                  560 	.db #0x00	; 0
   01E8 00                  561 	.db #0x00	; 0
   01E9 00                  562 	.db #0x00	; 0
   01EA 3C                  563 	.db #0x3C	; 60
   01EB 28                  564 	.db #0x28	; 40
   01EC 00                  565 	.db #0x00	; 0
   01ED 0F                  566 	.db #0x0F	; 15
   01EE 0F                  567 	.db #0x0F	; 15
   01EF 3C                  568 	.db #0x3C	; 60
   01F0 28                  569 	.db #0x28	; 40
   01F1 00                  570 	.db #0x00	; 0
   01F2 0F                  571 	.db #0x0F	; 15
   01F3 0F                  572 	.db #0x0F	; 15
   01F4 00                  573 	.db #0x00	; 0
   01F5 14                  574 	.db #0x14	; 20
   01F6 05                  575 	.db #0x05	; 5
   01F7 0F                  576 	.db #0x0F	; 15
   01F8 00                  577 	.db #0x00	; 0
   01F9 33                  578 	.db #0x33	; 51	'3'
   01FA 33                  579 	.db #0x33	; 51	'3'
   01FB 0F                  580 	.db #0x0F	; 15
   01FC 00                  581 	.db #0x00	; 0
   01FD 00                  582 	.db #0x00	; 0
   01FE 33                  583 	.db #0x33	; 51	'3'
   01FF 33                  584 	.db #0x33	; 51	'3'
   0200 0F                  585 	.db #0x0F	; 15
   0201 00                  586 	.db #0x00	; 0
   0202 00                  587 	.db #0x00	; 0
   0203 37                  588 	.db #0x37	; 55	'7'
   0204 3B                  589 	.db #0x3B	; 59
   0205 33                  590 	.db #0x33	; 51	'3'
   0206 73                  591 	.db #0x73	; 115	's'
   0207 00                  592 	.db #0x00	; 0
   0208 37                  593 	.db #0x37	; 55	'7'
   0209 3B                  594 	.db #0x3B	; 59
   020A 33                  595 	.db #0x33	; 51	'3'
   020B 73                  596 	.db #0x73	; 115	's'
   020C 00                  597 	.db #0x00	; 0
   020D 37                  598 	.db #0x37	; 55	'7'
   020E 3B                  599 	.db #0x3B	; 59
   020F 33                  600 	.db #0x33	; 51	'3'
   0210 73                  601 	.db #0x73	; 115	's'
   0211 00                  602 	.db #0x00	; 0
   0212 33                  603 	.db #0x33	; 51	'3'
   0213 33                  604 	.db #0x33	; 51	'3'
   0214 0F                  605 	.db #0x0F	; 15
   0215 00                  606 	.db #0x00	; 0
   0216 00                  607 	.db #0x00	; 0
   0217 33                  608 	.db #0x33	; 51	'3'
   0218 33                  609 	.db #0x33	; 51	'3'
   0219 0F                  610 	.db #0x0F	; 15
   021A 00                  611 	.db #0x00	; 0
   021B 00                  612 	.db #0x00	; 0
   021C 00                  613 	.db #0x00	; 0
   021D 14                  614 	.db #0x14	; 20
   021E 05                  615 	.db #0x05	; 5
   021F 0F                  616 	.db #0x0F	; 15
   0220 00                  617 	.db #0x00	; 0
   0221 3C                  618 	.db #0x3C	; 60
   0222 28                  619 	.db #0x28	; 40
   0223 00                  620 	.db #0x00	; 0
   0224 0F                  621 	.db #0x0F	; 15
   0225 0F                  622 	.db #0x0F	; 15
   0226 3C                  623 	.db #0x3C	; 60
   0227 28                  624 	.db #0x28	; 40
   0228 00                  625 	.db #0x00	; 0
   0229 05                  626 	.db #0x05	; 5
   022A 0F                  627 	.db #0x0F	; 15
   022B 3C                  628 	.db #0x3C	; 60
   022C 00                  629 	.db #0x00	; 0
   022D 00                  630 	.db #0x00	; 0
   022E 00                  631 	.db #0x00	; 0
   022F 00                  632 	.db #0x00	; 0
   0230                     633 _G_baddie01_07:
   0230 00                  634 	.db #0x00	; 0
   0231 00                  635 	.db #0x00	; 0
   0232 14                  636 	.db #0x14	; 20
   0233 08                  637 	.db #0x08	; 8
   0234 00                  638 	.db #0x00	; 0
   0235 00                  639 	.db #0x00	; 0
   0236 9B                  640 	.db #0x9B	; 155
   0237 14                  641 	.db #0x14	; 20
   0238 08                  642 	.db #0x08	; 8
   0239 00                  643 	.db #0x00	; 0
   023A 00                  644 	.db #0x00	; 0
   023B 33                  645 	.db #0x33	; 51	'3'
   023C 9E                  646 	.db #0x9E	; 158
   023D 08                  647 	.db #0x08	; 8
   023E 00                  648 	.db #0x00	; 0
   023F 11                  649 	.db #0x11	; 17
   0240 33                  650 	.db #0x33	; 51	'3'
   0241 36                  651 	.db #0x36	; 54	'6'
   0242 08                  652 	.db #0x08	; 8
   0243 00                  653 	.db #0x00	; 0
   0244 11                  654 	.db #0x11	; 17
   0245 3F                  655 	.db #0x3F	; 63
   0246 62                  656 	.db #0x62	; 98	'b'
   0247 08                  657 	.db #0x08	; 8
   0248 00                  658 	.db #0x00	; 0
   0249 9B                  659 	.db #0x9B	; 155
   024A 3F                  660 	.db #0x3F	; 63
   024B 62                  661 	.db #0x62	; 98	'b'
   024C 03                  662 	.db #0x03	; 3
   024D 02                  663 	.db #0x02	; 2
   024E 9B                  664 	.db #0x9B	; 155
   024F 3B                  665 	.db #0x3B	; 59
   0250 27                  666 	.db #0x27	; 39
   0251 0F                  667 	.db #0x0F	; 15
   0252 0B                  668 	.db #0x0B	; 11
   0253 11                  669 	.db #0x11	; 17
   0254 33                  670 	.db #0x33	; 51	'3'
   0255 63                  671 	.db #0x63	; 99	'c'
   0256 0F                  672 	.db #0x0F	; 15
   0257 0F                  673 	.db #0x0F	; 15
   0258 4D                  674 	.db #0x4D	; 77	'M'
   0259 33                  675 	.db #0x33	; 51	'3'
   025A 33                  676 	.db #0x33	; 51	'3'
   025B 01                  677 	.db #0x01	; 1
   025C 07                  678 	.db #0x07	; 7
   025D 2C                  679 	.db #0x2C	; 44
   025E 32                  680 	.db #0x32	; 50	'2'
   025F 33                  681 	.db #0x33	; 51	'3'
   0260 8A                  682 	.db #0x8A	; 138
   0261 01                  683 	.db #0x01	; 1
   0262 3C                  684 	.db #0x3C	; 60
   0263 2D                  685 	.db #0x2D	; 45
   0264 33                  686 	.db #0x33	; 51	'3'
   0265 22                  687 	.db #0x22	; 34
   0266 00                  688 	.db #0x00	; 0
   0267 3C                  689 	.db #0x3C	; 60
   0268 2D                  690 	.db #0x2D	; 45
   0269 93                  691 	.db #0x93	; 147
   026A A2                  692 	.db #0xA2	; 162
   026B 00                  693 	.db #0x00	; 0
   026C 00                  694 	.db #0x00	; 0
   026D 05                  695 	.db #0x05	; 5
   026E 53                  696 	.db #0x53	; 83	'S'
   026F 00                  697 	.db #0x00	; 0
   0270 00                  698 	.db #0x00	; 0
   0271 00                  699 	.db #0x00	; 0
   0272 05                  700 	.db #0x05	; 5
   0273 0A                  701 	.db #0x0A	; 10
   0274 00                  702 	.db #0x00	; 0
   0275 00                  703 	.db #0x00	; 0
   0276 00                  704 	.db #0x00	; 0
   0277 00                  705 	.db #0x00	; 0
   0278 0B                  706 	.db #0x0B	; 11
   0279 00                  707 	.db #0x00	; 0
   027A 00                  708 	.db #0x00	; 0
   027B 00                  709 	.db #0x00	; 0
   027C 00                  710 	.db #0x00	; 0
   027D 0F                  711 	.db #0x0F	; 15
   027E 02                  712 	.db #0x02	; 2
   027F 00                  713 	.db #0x00	; 0
   0280                     714 _G_baddie02_00:
   0280 10                  715 	.db #0x10	; 16
   0281 64                  716 	.db #0x64	; 100	'd'
   0282 CC                  717 	.db #0xCC	; 204
   0283 CC                  718 	.db #0xCC	; 204
   0284 98                  719 	.db #0x98	; 152
   0285 20                  720 	.db #0x20	; 32
   0286 20                  721 	.db #0x20	; 32
   0287 64                  722 	.db #0x64	; 100	'd'
   0288 DC                  723 	.db #0xDC	; 220
   0289 EC                  724 	.db #0xEC	; 236
   028A 98                  725 	.db #0x98	; 152
   028B 10                  726 	.db #0x10	; 16
   028C 20                  727 	.db #0x20	; 32
   028D 44                  728 	.db #0x44	; 68	'D'
   028E DC                  729 	.db #0xDC	; 220
   028F EC                  730 	.db #0xEC	; 236
   0290 88                  731 	.db #0x88	; 136
   0291 10                  732 	.db #0x10	; 16
   0292 A8                  733 	.db #0xA8	; 168
   0293 44                  734 	.db #0x44	; 68	'D'
   0294 CC                  735 	.db #0xCC	; 204
   0295 CC                  736 	.db #0xCC	; 204
   0296 88                  737 	.db #0x88	; 136
   0297 54                  738 	.db #0x54	; 84	'T'
   0298 00                  739 	.db #0x00	; 0
   0299 10                  740 	.db #0x10	; 16
   029A 44                  741 	.db #0x44	; 68	'D'
   029B 88                  742 	.db #0x88	; 136
   029C 20                  743 	.db #0x20	; 32
   029D 00                  744 	.db #0x00	; 0
   029E 00                  745 	.db #0x00	; 0
   029F 20                  746 	.db #0x20	; 32
   02A0 44                  747 	.db #0x44	; 68	'D'
   02A1 88                  748 	.db #0x88	; 136
   02A2 10                  749 	.db #0x10	; 16
   02A3 00                  750 	.db #0x00	; 0
   02A4 00                  751 	.db #0x00	; 0
   02A5 20                  752 	.db #0x20	; 32
   02A6 44                  753 	.db #0x44	; 68	'D'
   02A7 88                  754 	.db #0x88	; 136
   02A8 10                  755 	.db #0x10	; 16
   02A9 00                  756 	.db #0x00	; 0
   02AA 00                  757 	.db #0x00	; 0
   02AB A8                  758 	.db #0xA8	; 168
   02AC 44                  759 	.db #0x44	; 68	'D'
   02AD 88                  760 	.db #0x88	; 136
   02AE 54                  761 	.db #0x54	; 84	'T'
   02AF 00                  762 	.db #0x00	; 0
   02B0 00                  763 	.db #0x00	; 0
   02B1 00                  764 	.db #0x00	; 0
   02B2 44                  765 	.db #0x44	; 68	'D'
   02B3 88                  766 	.db #0x88	; 136
   02B4 00                  767 	.db #0x00	; 0
   02B5 00                  768 	.db #0x00	; 0
   02B6 00                  769 	.db #0x00	; 0
   02B7 00                  770 	.db #0x00	; 0
   02B8 44                  771 	.db #0x44	; 68	'D'
   02B9 88                  772 	.db #0x88	; 136
   02BA 00                  773 	.db #0x00	; 0
   02BB 00                  774 	.db #0x00	; 0
   02BC 00                  775 	.db #0x00	; 0
   02BD 00                  776 	.db #0x00	; 0
   02BE 44                  777 	.db #0x44	; 68	'D'
   02BF 88                  778 	.db #0x88	; 136
   02C0 00                  779 	.db #0x00	; 0
   02C1 00                  780 	.db #0x00	; 0
   02C2 00                  781 	.db #0x00	; 0
   02C3 00                  782 	.db #0x00	; 0
   02C4 54                  783 	.db #0x54	; 84	'T'
   02C5 A8                  784 	.db #0xA8	; 168
   02C6 00                  785 	.db #0x00	; 0
   02C7 00                  786 	.db #0x00	; 0
   02C8                     787 _G_baddie02_01:
   02C8 00                  788 	.db #0x00	; 0
   02C9 00                  789 	.db #0x00	; 0
   02CA 30                  790 	.db #0x30	; 48	'0'
   02CB CC                  791 	.db #0xCC	; 204
   02CC 00                  792 	.db #0x00	; 0
   02CD 00                  793 	.db #0x00	; 0
   02CE 00                  794 	.db #0x00	; 0
   02CF 54                  795 	.db #0x54	; 84	'T'
   02D0 10                  796 	.db #0x10	; 16
   02D1 CC                  797 	.db #0xCC	; 204
   02D2 08                  798 	.db #0x08	; 8
   02D3 00                  799 	.db #0x00	; 0
   02D4 00                  800 	.db #0x00	; 0
   02D5 10                  801 	.db #0x10	; 16
   02D6 20                  802 	.db #0x20	; 32
   02D7 DC                  803 	.db #0xDC	; 220
   02D8 28                  804 	.db #0x28	; 40
   02D9 00                  805 	.db #0x00	; 0
   02DA 00                  806 	.db #0x00	; 0
   02DB A8                  807 	.db #0xA8	; 168
   02DC 00                  808 	.db #0x00	; 0
   02DD 5C                  809 	.db #0x5C	; 92
   02DE AC                  810 	.db #0xAC	; 172
   02DF 00                  811 	.db #0x00	; 0
   02E0 00                  812 	.db #0x00	; 0
   02E1 00                  813 	.db #0x00	; 0
   02E2 04                  814 	.db #0x04	; 4
   02E3 9C                  815 	.db #0x9C	; 156
   02E4 EC                  816 	.db #0xEC	; 236
   02E5 00                  817 	.db #0x00	; 0
   02E6 00                  818 	.db #0x00	; 0
   02E7 00                  819 	.db #0x00	; 0
   02E8 0C                  820 	.db #0x0C	; 12
   02E9 CC                  821 	.db #0xCC	; 204
   02EA 6C                  822 	.db #0x6C	; 108	'l'
   02EB 08                  823 	.db #0x08	; 8
   02EC 00                  824 	.db #0x00	; 0
   02ED 04                  825 	.db #0x04	; 4
   02EE CC                  826 	.db #0xCC	; 204
   02EF CC                  827 	.db #0xCC	; 204
   02F0 CC                  828 	.db #0xCC	; 204
   02F1 08                  829 	.db #0x08	; 8
   02F2 00                  830 	.db #0x00	; 0
   02F3 44                  831 	.db #0x44	; 68	'D'
   02F4 CC                  832 	.db #0xCC	; 204
   02F5 8C                  833 	.db #0x8C	; 140
   02F6 4C                  834 	.db #0x4C	; 76	'L'
   02F7 20                  835 	.db #0x20	; 32
   02F8 00                  836 	.db #0x00	; 0
   02F9 CC                  837 	.db #0xCC	; 204
   02FA CC                  838 	.db #0xCC	; 204
   02FB 00                  839 	.db #0x00	; 0
   02FC 0C                  840 	.db #0x0C	; 12
   02FD 10                  841 	.db #0x10	; 16
   02FE 00                  842 	.db #0x00	; 0
   02FF EC                  843 	.db #0xEC	; 236
   0300 88                  844 	.db #0x88	; 136
   0301 00                  845 	.db #0x00	; 0
   0302 10                  846 	.db #0x10	; 16
   0303 10                  847 	.db #0x10	; 16
   0304 00                  848 	.db #0x00	; 0
   0305 54                  849 	.db #0x54	; 84	'T'
   0306 00                  850 	.db #0x00	; 0
   0307 00                  851 	.db #0x00	; 0
   0308 10                  852 	.db #0x10	; 16
   0309 A8                  853 	.db #0xA8	; 168
   030A 00                  854 	.db #0x00	; 0
   030B 00                  855 	.db #0x00	; 0
   030C 00                  856 	.db #0x00	; 0
   030D 00                  857 	.db #0x00	; 0
   030E B8                  858 	.db #0xB8	; 184
   030F 00                  859 	.db #0x00	; 0
   0310                     860 _G_baddie02_02:
   0310 00                  861 	.db #0x00	; 0
   0311 00                  862 	.db #0x00	; 0
   0312 00                  863 	.db #0x00	; 0
   0313 00                  864 	.db #0x00	; 0
   0314 B8                  865 	.db #0xB8	; 184
   0315 20                  866 	.db #0x20	; 32
   0316 00                  867 	.db #0x00	; 0
   0317 00                  868 	.db #0x00	; 0
   0318 00                  869 	.db #0x00	; 0
   0319 00                  870 	.db #0x00	; 0
   031A 00                  871 	.db #0x00	; 0
   031B 10                  872 	.db #0x10	; 16
   031C 00                  873 	.db #0x00	; 0
   031D 00                  874 	.db #0x00	; 0
   031E 54                  875 	.db #0x54	; 84	'T'
   031F 20                  876 	.db #0x20	; 32
   0320 00                  877 	.db #0x00	; 0
   0321 30                  878 	.db #0x30	; 48	'0'
   0322 00                  879 	.db #0x00	; 0
   0323 00                  880 	.db #0x00	; 0
   0324 00                  881 	.db #0x00	; 0
   0325 10                  882 	.db #0x10	; 16
   0326 CC                  883 	.db #0xCC	; 204
   0327 CC                  884 	.db #0xCC	; 204
   0328 00                  885 	.db #0x00	; 0
   0329 00                  886 	.db #0x00	; 0
   032A 00                  887 	.db #0x00	; 0
   032B 00                  888 	.db #0x00	; 0
   032C CC                  889 	.db #0xCC	; 204
   032D CC                  890 	.db #0xCC	; 204
   032E EC                  891 	.db #0xEC	; 236
   032F CC                  892 	.db #0xCC	; 204
   0330 CC                  893 	.db #0xCC	; 204
   0331 CC                  894 	.db #0xCC	; 204
   0332 DC                  895 	.db #0xDC	; 220
   0333 EC                  896 	.db #0xEC	; 236
   0334 EC                  897 	.db #0xEC	; 236
   0335 CC                  898 	.db #0xCC	; 204
   0336 CC                  899 	.db #0xCC	; 204
   0337 CC                  900 	.db #0xCC	; 204
   0338 DC                  901 	.db #0xDC	; 220
   0339 EC                  902 	.db #0xEC	; 236
   033A 00                  903 	.db #0x00	; 0
   033B 00                  904 	.db #0x00	; 0
   033C 00                  905 	.db #0x00	; 0
   033D 00                  906 	.db #0x00	; 0
   033E CC                  907 	.db #0xCC	; 204
   033F CC                  908 	.db #0xCC	; 204
   0340 00                  909 	.db #0x00	; 0
   0341 00                  910 	.db #0x00	; 0
   0342 00                  911 	.db #0x00	; 0
   0343 10                  912 	.db #0x10	; 16
   0344 CC                  913 	.db #0xCC	; 204
   0345 CC                  914 	.db #0xCC	; 204
   0346 00                  915 	.db #0x00	; 0
   0347 00                  916 	.db #0x00	; 0
   0348 54                  917 	.db #0x54	; 84	'T'
   0349 20                  918 	.db #0x20	; 32
   034A 00                  919 	.db #0x00	; 0
   034B 30                  920 	.db #0x30	; 48	'0'
   034C 00                  921 	.db #0x00	; 0
   034D 00                  922 	.db #0x00	; 0
   034E 00                  923 	.db #0x00	; 0
   034F 00                  924 	.db #0x00	; 0
   0350 00                  925 	.db #0x00	; 0
   0351 10                  926 	.db #0x10	; 16
   0352 00                  927 	.db #0x00	; 0
   0353 00                  928 	.db #0x00	; 0
   0354 00                  929 	.db #0x00	; 0
   0355 00                  930 	.db #0x00	; 0
   0356 B8                  931 	.db #0xB8	; 184
   0357 20                  932 	.db #0x20	; 32
   0358                     933 _G_baddie02_03:
   0358 00                  934 	.db #0x00	; 0
   0359 00                  935 	.db #0x00	; 0
   035A 00                  936 	.db #0x00	; 0
   035B 00                  937 	.db #0x00	; 0
   035C B8                  938 	.db #0xB8	; 184
   035D 00                  939 	.db #0x00	; 0
   035E 00                  940 	.db #0x00	; 0
   035F 54                  941 	.db #0x54	; 84	'T'
   0360 00                  942 	.db #0x00	; 0
   0361 00                  943 	.db #0x00	; 0
   0362 10                  944 	.db #0x10	; 16
   0363 A8                  945 	.db #0xA8	; 168
   0364 00                  946 	.db #0x00	; 0
   0365 EC                  947 	.db #0xEC	; 236
   0366 88                  948 	.db #0x88	; 136
   0367 00                  949 	.db #0x00	; 0
   0368 10                  950 	.db #0x10	; 16
   0369 10                  951 	.db #0x10	; 16
   036A 00                  952 	.db #0x00	; 0
   036B CC                  953 	.db #0xCC	; 204
   036C CC                  954 	.db #0xCC	; 204
   036D 00                  955 	.db #0x00	; 0
   036E 0C                  956 	.db #0x0C	; 12
   036F 10                  957 	.db #0x10	; 16
   0370 00                  958 	.db #0x00	; 0
   0371 44                  959 	.db #0x44	; 68	'D'
   0372 CC                  960 	.db #0xCC	; 204
   0373 8C                  961 	.db #0x8C	; 140
   0374 4C                  962 	.db #0x4C	; 76	'L'
   0375 20                  963 	.db #0x20	; 32
   0376 00                  964 	.db #0x00	; 0
   0377 04                  965 	.db #0x04	; 4
   0378 CC                  966 	.db #0xCC	; 204
   0379 CC                  967 	.db #0xCC	; 204
   037A CC                  968 	.db #0xCC	; 204
   037B 08                  969 	.db #0x08	; 8
   037C 00                  970 	.db #0x00	; 0
   037D 00                  971 	.db #0x00	; 0
   037E 0C                  972 	.db #0x0C	; 12
   037F CC                  973 	.db #0xCC	; 204
   0380 6C                  974 	.db #0x6C	; 108	'l'
   0381 08                  975 	.db #0x08	; 8
   0382 00                  976 	.db #0x00	; 0
   0383 00                  977 	.db #0x00	; 0
   0384 04                  978 	.db #0x04	; 4
   0385 9C                  979 	.db #0x9C	; 156
   0386 EC                  980 	.db #0xEC	; 236
   0387 00                  981 	.db #0x00	; 0
   0388 00                  982 	.db #0x00	; 0
   0389 A8                  983 	.db #0xA8	; 168
   038A 00                  984 	.db #0x00	; 0
   038B 5C                  985 	.db #0x5C	; 92
   038C AC                  986 	.db #0xAC	; 172
   038D 00                  987 	.db #0x00	; 0
   038E 00                  988 	.db #0x00	; 0
   038F 10                  989 	.db #0x10	; 16
   0390 20                  990 	.db #0x20	; 32
   0391 DC                  991 	.db #0xDC	; 220
   0392 28                  992 	.db #0x28	; 40
   0393 00                  993 	.db #0x00	; 0
   0394 00                  994 	.db #0x00	; 0
   0395 54                  995 	.db #0x54	; 84	'T'
   0396 10                  996 	.db #0x10	; 16
   0397 CC                  997 	.db #0xCC	; 204
   0398 08                  998 	.db #0x08	; 8
   0399 00                  999 	.db #0x00	; 0
   039A 00                 1000 	.db #0x00	; 0
   039B 00                 1001 	.db #0x00	; 0
   039C 30                 1002 	.db #0x30	; 48	'0'
   039D CC                 1003 	.db #0xCC	; 204
   039E 00                 1004 	.db #0x00	; 0
   039F 00                 1005 	.db #0x00	; 0
   03A0                    1006 _G_baddie02_04:
   03A0 00                 1007 	.db #0x00	; 0
   03A1 00                 1008 	.db #0x00	; 0
   03A2 54                 1009 	.db #0x54	; 84	'T'
   03A3 A8                 1010 	.db #0xA8	; 168
   03A4 00                 1011 	.db #0x00	; 0
   03A5 00                 1012 	.db #0x00	; 0
   03A6 00                 1013 	.db #0x00	; 0
   03A7 00                 1014 	.db #0x00	; 0
   03A8 44                 1015 	.db #0x44	; 68	'D'
   03A9 88                 1016 	.db #0x88	; 136
   03AA 00                 1017 	.db #0x00	; 0
   03AB 00                 1018 	.db #0x00	; 0
   03AC 00                 1019 	.db #0x00	; 0
   03AD 00                 1020 	.db #0x00	; 0
   03AE 44                 1021 	.db #0x44	; 68	'D'
   03AF 88                 1022 	.db #0x88	; 136
   03B0 00                 1023 	.db #0x00	; 0
   03B1 00                 1024 	.db #0x00	; 0
   03B2 00                 1025 	.db #0x00	; 0
   03B3 00                 1026 	.db #0x00	; 0
   03B4 44                 1027 	.db #0x44	; 68	'D'
   03B5 88                 1028 	.db #0x88	; 136
   03B6 00                 1029 	.db #0x00	; 0
   03B7 00                 1030 	.db #0x00	; 0
   03B8 00                 1031 	.db #0x00	; 0
   03B9 A8                 1032 	.db #0xA8	; 168
   03BA 44                 1033 	.db #0x44	; 68	'D'
   03BB 88                 1034 	.db #0x88	; 136
   03BC 54                 1035 	.db #0x54	; 84	'T'
   03BD 00                 1036 	.db #0x00	; 0
   03BE 00                 1037 	.db #0x00	; 0
   03BF 20                 1038 	.db #0x20	; 32
   03C0 44                 1039 	.db #0x44	; 68	'D'
   03C1 88                 1040 	.db #0x88	; 136
   03C2 10                 1041 	.db #0x10	; 16
   03C3 00                 1042 	.db #0x00	; 0
   03C4 00                 1043 	.db #0x00	; 0
   03C5 20                 1044 	.db #0x20	; 32
   03C6 44                 1045 	.db #0x44	; 68	'D'
   03C7 88                 1046 	.db #0x88	; 136
   03C8 10                 1047 	.db #0x10	; 16
   03C9 00                 1048 	.db #0x00	; 0
   03CA 00                 1049 	.db #0x00	; 0
   03CB 10                 1050 	.db #0x10	; 16
   03CC 44                 1051 	.db #0x44	; 68	'D'
   03CD 88                 1052 	.db #0x88	; 136
   03CE 20                 1053 	.db #0x20	; 32
   03CF 00                 1054 	.db #0x00	; 0
   03D0 A8                 1055 	.db #0xA8	; 168
   03D1 44                 1056 	.db #0x44	; 68	'D'
   03D2 CC                 1057 	.db #0xCC	; 204
   03D3 CC                 1058 	.db #0xCC	; 204
   03D4 88                 1059 	.db #0x88	; 136
   03D5 54                 1060 	.db #0x54	; 84	'T'
   03D6 20                 1061 	.db #0x20	; 32
   03D7 44                 1062 	.db #0x44	; 68	'D'
   03D8 DC                 1063 	.db #0xDC	; 220
   03D9 EC                 1064 	.db #0xEC	; 236
   03DA 88                 1065 	.db #0x88	; 136
   03DB 10                 1066 	.db #0x10	; 16
   03DC 20                 1067 	.db #0x20	; 32
   03DD 64                 1068 	.db #0x64	; 100	'd'
   03DE DC                 1069 	.db #0xDC	; 220
   03DF EC                 1070 	.db #0xEC	; 236
   03E0 98                 1071 	.db #0x98	; 152
   03E1 10                 1072 	.db #0x10	; 16
   03E2 10                 1073 	.db #0x10	; 16
   03E3 64                 1074 	.db #0x64	; 100	'd'
   03E4 CC                 1075 	.db #0xCC	; 204
   03E5 CC                 1076 	.db #0xCC	; 204
   03E6 98                 1077 	.db #0x98	; 152
   03E7 20                 1078 	.db #0x20	; 32
   03E8                    1079 _G_baddie02_05:
   03E8 00                 1080 	.db #0x00	; 0
   03E9 74                 1081 	.db #0x74	; 116	't'
   03EA 00                 1082 	.db #0x00	; 0
   03EB 00                 1083 	.db #0x00	; 0
   03EC 00                 1084 	.db #0x00	; 0
   03ED 00                 1085 	.db #0x00	; 0
   03EE 54                 1086 	.db #0x54	; 84	'T'
   03EF 20                 1087 	.db #0x20	; 32
   03F0 00                 1088 	.db #0x00	; 0
   03F1 00                 1089 	.db #0x00	; 0
   03F2 A8                 1090 	.db #0xA8	; 168
   03F3 00                 1091 	.db #0x00	; 0
   03F4 20                 1092 	.db #0x20	; 32
   03F5 20                 1093 	.db #0x20	; 32
   03F6 00                 1094 	.db #0x00	; 0
   03F7 44                 1095 	.db #0x44	; 68	'D'
   03F8 DC                 1096 	.db #0xDC	; 220
   03F9 00                 1097 	.db #0x00	; 0
   03FA 20                 1098 	.db #0x20	; 32
   03FB 0C                 1099 	.db #0x0C	; 12
   03FC 00                 1100 	.db #0x00	; 0
   03FD CC                 1101 	.db #0xCC	; 204
   03FE CC                 1102 	.db #0xCC	; 204
   03FF 00                 1103 	.db #0x00	; 0
   0400 10                 1104 	.db #0x10	; 16
   0401 8C                 1105 	.db #0x8C	; 140
   0402 4C                 1106 	.db #0x4C	; 76	'L'
   0403 CC                 1107 	.db #0xCC	; 204
   0404 88                 1108 	.db #0x88	; 136
   0405 00                 1109 	.db #0x00	; 0
   0406 04                 1110 	.db #0x04	; 4
   0407 CC                 1111 	.db #0xCC	; 204
   0408 CC                 1112 	.db #0xCC	; 204
   0409 CC                 1113 	.db #0xCC	; 204
   040A 08                 1114 	.db #0x08	; 8
   040B 00                 1115 	.db #0x00	; 0
   040C 04                 1116 	.db #0x04	; 4
   040D 9C                 1117 	.db #0x9C	; 156
   040E CC                 1118 	.db #0xCC	; 204
   040F 0C                 1119 	.db #0x0C	; 12
   0410 00                 1120 	.db #0x00	; 0
   0411 00                 1121 	.db #0x00	; 0
   0412 00                 1122 	.db #0x00	; 0
   0413 DC                 1123 	.db #0xDC	; 220
   0414 6C                 1124 	.db #0x6C	; 108	'l'
   0415 08                 1125 	.db #0x08	; 8
   0416 00                 1126 	.db #0x00	; 0
   0417 00                 1127 	.db #0x00	; 0
   0418 00                 1128 	.db #0x00	; 0
   0419 5C                 1129 	.db #0x5C	; 92
   041A AC                 1130 	.db #0xAC	; 172
   041B 00                 1131 	.db #0x00	; 0
   041C 54                 1132 	.db #0x54	; 84	'T'
   041D 00                 1133 	.db #0x00	; 0
   041E 00                 1134 	.db #0x00	; 0
   041F 14                 1135 	.db #0x14	; 20
   0420 EC                 1136 	.db #0xEC	; 236
   0421 10                 1137 	.db #0x10	; 16
   0422 20                 1138 	.db #0x20	; 32
   0423 00                 1139 	.db #0x00	; 0
   0424 00                 1140 	.db #0x00	; 0
   0425 04                 1141 	.db #0x04	; 4
   0426 CC                 1142 	.db #0xCC	; 204
   0427 20                 1143 	.db #0x20	; 32
   0428 A8                 1144 	.db #0xA8	; 168
   0429 00                 1145 	.db #0x00	; 0
   042A 00                 1146 	.db #0x00	; 0
   042B 00                 1147 	.db #0x00	; 0
   042C CC                 1148 	.db #0xCC	; 204
   042D 30                 1149 	.db #0x30	; 48	'0'
   042E 00                 1150 	.db #0x00	; 0
   042F 00                 1151 	.db #0x00	; 0
   0430                    1152 _G_baddie02_06:
   0430 10                 1153 	.db #0x10	; 16
   0431 74                 1154 	.db #0x74	; 116	't'
   0432 00                 1155 	.db #0x00	; 0
   0433 00                 1156 	.db #0x00	; 0
   0434 00                 1157 	.db #0x00	; 0
   0435 00                 1158 	.db #0x00	; 0
   0436 20                 1159 	.db #0x20	; 32
   0437 00                 1160 	.db #0x00	; 0
   0438 00                 1161 	.db #0x00	; 0
   0439 00                 1162 	.db #0x00	; 0
   043A 00                 1163 	.db #0x00	; 0
   043B 00                 1164 	.db #0x00	; 0
   043C 30                 1165 	.db #0x30	; 48	'0'
   043D 00                 1166 	.db #0x00	; 0
   043E 10                 1167 	.db #0x10	; 16
   043F A8                 1168 	.db #0xA8	; 168
   0440 00                 1169 	.db #0x00	; 0
   0441 00                 1170 	.db #0x00	; 0
   0442 CC                 1171 	.db #0xCC	; 204
   0443 CC                 1172 	.db #0xCC	; 204
   0444 20                 1173 	.db #0x20	; 32
   0445 00                 1174 	.db #0x00	; 0
   0446 00                 1175 	.db #0x00	; 0
   0447 00                 1176 	.db #0x00	; 0
   0448 CC                 1177 	.db #0xCC	; 204
   0449 CC                 1178 	.db #0xCC	; 204
   044A 00                 1179 	.db #0x00	; 0
   044B 00                 1180 	.db #0x00	; 0
   044C 00                 1181 	.db #0x00	; 0
   044D 00                 1182 	.db #0x00	; 0
   044E DC                 1183 	.db #0xDC	; 220
   044F EC                 1184 	.db #0xEC	; 236
   0450 CC                 1185 	.db #0xCC	; 204
   0451 CC                 1186 	.db #0xCC	; 204
   0452 CC                 1187 	.db #0xCC	; 204
   0453 DC                 1188 	.db #0xDC	; 220
   0454 DC                 1189 	.db #0xDC	; 220
   0455 EC                 1190 	.db #0xEC	; 236
   0456 CC                 1191 	.db #0xCC	; 204
   0457 CC                 1192 	.db #0xCC	; 204
   0458 CC                 1193 	.db #0xCC	; 204
   0459 DC                 1194 	.db #0xDC	; 220
   045A CC                 1195 	.db #0xCC	; 204
   045B CC                 1196 	.db #0xCC	; 204
   045C 00                 1197 	.db #0x00	; 0
   045D 00                 1198 	.db #0x00	; 0
   045E 00                 1199 	.db #0x00	; 0
   045F 00                 1200 	.db #0x00	; 0
   0460 CC                 1201 	.db #0xCC	; 204
   0461 CC                 1202 	.db #0xCC	; 204
   0462 20                 1203 	.db #0x20	; 32
   0463 00                 1204 	.db #0x00	; 0
   0464 00                 1205 	.db #0x00	; 0
   0465 00                 1206 	.db #0x00	; 0
   0466 30                 1207 	.db #0x30	; 48	'0'
   0467 00                 1208 	.db #0x00	; 0
   0468 10                 1209 	.db #0x10	; 16
   0469 A8                 1210 	.db #0xA8	; 168
   046A 00                 1211 	.db #0x00	; 0
   046B 00                 1212 	.db #0x00	; 0
   046C 20                 1213 	.db #0x20	; 32
   046D 00                 1214 	.db #0x00	; 0
   046E 00                 1215 	.db #0x00	; 0
   046F 00                 1216 	.db #0x00	; 0
   0470 00                 1217 	.db #0x00	; 0
   0471 00                 1218 	.db #0x00	; 0
   0472 10                 1219 	.db #0x10	; 16
   0473 74                 1220 	.db #0x74	; 116	't'
   0474 00                 1221 	.db #0x00	; 0
   0475 00                 1222 	.db #0x00	; 0
   0476 00                 1223 	.db #0x00	; 0
   0477 00                 1224 	.db #0x00	; 0
   0478                    1225 _G_baddie02_07:
   0478 00                 1226 	.db #0x00	; 0
   0479 00                 1227 	.db #0x00	; 0
   047A CC                 1228 	.db #0xCC	; 204
   047B 30                 1229 	.db #0x30	; 48	'0'
   047C 00                 1230 	.db #0x00	; 0
   047D 00                 1231 	.db #0x00	; 0
   047E 00                 1232 	.db #0x00	; 0
   047F 04                 1233 	.db #0x04	; 4
   0480 CC                 1234 	.db #0xCC	; 204
   0481 20                 1235 	.db #0x20	; 32
   0482 A8                 1236 	.db #0xA8	; 168
   0483 00                 1237 	.db #0x00	; 0
   0484 00                 1238 	.db #0x00	; 0
   0485 14                 1239 	.db #0x14	; 20
   0486 EC                 1240 	.db #0xEC	; 236
   0487 10                 1241 	.db #0x10	; 16
   0488 20                 1242 	.db #0x20	; 32
   0489 00                 1243 	.db #0x00	; 0
   048A 00                 1244 	.db #0x00	; 0
   048B 5C                 1245 	.db #0x5C	; 92
   048C AC                 1246 	.db #0xAC	; 172
   048D 00                 1247 	.db #0x00	; 0
   048E 54                 1248 	.db #0x54	; 84	'T'
   048F 00                 1249 	.db #0x00	; 0
   0490 00                 1250 	.db #0x00	; 0
   0491 DC                 1251 	.db #0xDC	; 220
   0492 6C                 1252 	.db #0x6C	; 108	'l'
   0493 08                 1253 	.db #0x08	; 8
   0494 00                 1254 	.db #0x00	; 0
   0495 00                 1255 	.db #0x00	; 0
   0496 04                 1256 	.db #0x04	; 4
   0497 9C                 1257 	.db #0x9C	; 156
   0498 CC                 1258 	.db #0xCC	; 204
   0499 0C                 1259 	.db #0x0C	; 12
   049A 00                 1260 	.db #0x00	; 0
   049B 00                 1261 	.db #0x00	; 0
   049C 04                 1262 	.db #0x04	; 4
   049D CC                 1263 	.db #0xCC	; 204
   049E CC                 1264 	.db #0xCC	; 204
   049F CC                 1265 	.db #0xCC	; 204
   04A0 08                 1266 	.db #0x08	; 8
   04A1 00                 1267 	.db #0x00	; 0
   04A2 10                 1268 	.db #0x10	; 16
   04A3 8C                 1269 	.db #0x8C	; 140
   04A4 4C                 1270 	.db #0x4C	; 76	'L'
   04A5 CC                 1271 	.db #0xCC	; 204
   04A6 88                 1272 	.db #0x88	; 136
   04A7 00                 1273 	.db #0x00	; 0
   04A8 20                 1274 	.db #0x20	; 32
   04A9 0C                 1275 	.db #0x0C	; 12
   04AA 00                 1276 	.db #0x00	; 0
   04AB CC                 1277 	.db #0xCC	; 204
   04AC CC                 1278 	.db #0xCC	; 204
   04AD 00                 1279 	.db #0x00	; 0
   04AE 20                 1280 	.db #0x20	; 32
   04AF 20                 1281 	.db #0x20	; 32
   04B0 00                 1282 	.db #0x00	; 0
   04B1 44                 1283 	.db #0x44	; 68	'D'
   04B2 DC                 1284 	.db #0xDC	; 220
   04B3 00                 1285 	.db #0x00	; 0
   04B4 54                 1286 	.db #0x54	; 84	'T'
   04B5 20                 1287 	.db #0x20	; 32
   04B6 00                 1288 	.db #0x00	; 0
   04B7 00                 1289 	.db #0x00	; 0
   04B8 A8                 1290 	.db #0xA8	; 168
   04B9 00                 1291 	.db #0x00	; 0
   04BA 00                 1292 	.db #0x00	; 0
   04BB 74                 1293 	.db #0x74	; 116	't'
   04BC 00                 1294 	.db #0x00	; 0
   04BD 00                 1295 	.db #0x00	; 0
   04BE 00                 1296 	.db #0x00	; 0
   04BF 00                 1297 	.db #0x00	; 0
   04C0                    1298 _G_N_0:
   04C0 55                 1299 	.db #0x55	; 85	'U'
   04C1 00                 1300 	.db #0x00	; 0
   04C2 AA                 1301 	.db #0xAA	; 170
   04C3 AA                 1302 	.db #0xAA	; 170
   04C4 AA                 1303 	.db #0xAA	; 170
   04C5 AA                 1304 	.db #0xAA	; 170
   04C6 AA                 1305 	.db #0xAA	; 170
   04C7 AA                 1306 	.db #0xAA	; 170
   04C8 AA                 1307 	.db #0xAA	; 170
   04C9 AA                 1308 	.db #0xAA	; 170
   04CA 55                 1309 	.db #0x55	; 85	'U'
   04CB 00                 1310 	.db #0x00	; 0
   04CC                    1311 _G_N_1:
   04CC 00                 1312 	.db #0x00	; 0
   04CD AA                 1313 	.db #0xAA	; 170
   04CE 55                 1314 	.db #0x55	; 85	'U'
   04CF AA                 1315 	.db #0xAA	; 170
   04D0 00                 1316 	.db #0x00	; 0
   04D1 AA                 1317 	.db #0xAA	; 170
   04D2 00                 1318 	.db #0x00	; 0
   04D3 AA                 1319 	.db #0xAA	; 170
   04D4 00                 1320 	.db #0x00	; 0
   04D5 AA                 1321 	.db #0xAA	; 170
   04D6 00                 1322 	.db #0x00	; 0
   04D7 AA                 1323 	.db #0xAA	; 170
   04D8                    1324 _G_N_2:
   04D8 FF                 1325 	.db #0xFF	; 255
   04D9 AA                 1326 	.db #0xAA	; 170
   04DA 00                 1327 	.db #0x00	; 0
   04DB AA                 1328 	.db #0xAA	; 170
   04DC 00                 1329 	.db #0x00	; 0
   04DD AA                 1330 	.db #0xAA	; 170
   04DE 55                 1331 	.db #0x55	; 85	'U'
   04DF 00                 1332 	.db #0x00	; 0
   04E0 AA                 1333 	.db #0xAA	; 170
   04E1 00                 1334 	.db #0x00	; 0
   04E2 FF                 1335 	.db #0xFF	; 255
   04E3 AA                 1336 	.db #0xAA	; 170
   04E4                    1337 _G_N_3:
   04E4 FF                 1338 	.db #0xFF	; 255
   04E5 AA                 1339 	.db #0xAA	; 170
   04E6 00                 1340 	.db #0x00	; 0
   04E7 AA                 1341 	.db #0xAA	; 170
   04E8 00                 1342 	.db #0x00	; 0
   04E9 AA                 1343 	.db #0xAA	; 170
   04EA 55                 1344 	.db #0x55	; 85	'U'
   04EB AA                 1345 	.db #0xAA	; 170
   04EC 00                 1346 	.db #0x00	; 0
   04ED AA                 1347 	.db #0xAA	; 170
   04EE FF                 1348 	.db #0xFF	; 255
   04EF AA                 1349 	.db #0xAA	; 170
   04F0                    1350 _G_N_4:
   04F0 AA                 1351 	.db #0xAA	; 170
   04F1 AA                 1352 	.db #0xAA	; 170
   04F2 AA                 1353 	.db #0xAA	; 170
   04F3 AA                 1354 	.db #0xAA	; 170
   04F4 FF                 1355 	.db #0xFF	; 255
   04F5 AA                 1356 	.db #0xAA	; 170
   04F6 00                 1357 	.db #0x00	; 0
   04F7 AA                 1358 	.db #0xAA	; 170
   04F8 00                 1359 	.db #0x00	; 0
   04F9 AA                 1360 	.db #0xAA	; 170
   04FA 00                 1361 	.db #0x00	; 0
   04FB AA                 1362 	.db #0xAA	; 170
   04FC                    1363 _G_N_5:
   04FC FF                 1364 	.db #0xFF	; 255
   04FD AA                 1365 	.db #0xAA	; 170
   04FE AA                 1366 	.db #0xAA	; 170
   04FF 00                 1367 	.db #0x00	; 0
   0500 FF                 1368 	.db #0xFF	; 255
   0501 00                 1369 	.db #0x00	; 0
   0502 00                 1370 	.db #0x00	; 0
   0503 AA                 1371 	.db #0xAA	; 170
   0504 00                 1372 	.db #0x00	; 0
   0505 AA                 1373 	.db #0xAA	; 170
   0506 FF                 1374 	.db #0xFF	; 255
   0507 00                 1375 	.db #0x00	; 0
                           1376 	.area _INITIALIZER
                           1377 	.area _CABS (ABS)
