                              1 ;--------------------------------------------------------
                              2 ; File Created by SDCC : free open source ANSI-C Compiler
                              3 ; Version 3.5.0 #9253 (Aug  4 2015) (Mac OS X x86_64)
                              4 ; This file was generated Fri Aug  7 15:43:54 2015
                              5 ;--------------------------------------------------------
                              6 	.module sprites
                              7 	.optsdcc -mz80
                              8 	
                              9 ;--------------------------------------------------------
                             10 ; Public variables in this module
                             11 ;--------------------------------------------------------
                             12 	.globl _toque004
                             13 	.globl _toque003
                             14 	.globl _toque002
                             15 	.globl _toque001
                             16 	.globl _toque000
                             17 	.globl _explosion02004
                             18 	.globl _explosion02003
                             19 	.globl _explosion02002
                             20 	.globl _explosion02001
                             21 	.globl _explosion02000
                             22 	.globl _G_star_04
                             23 	.globl _G_star_03
                             24 	.globl _G_star_02
                             25 	.globl _G_star_01
                             26 	.globl _G_star_00
                             27 	.globl _G_baddie03_07
                             28 	.globl _G_baddie03_06
                             29 	.globl _G_baddie03_05
                             30 	.globl _G_baddie03_04
                             31 	.globl _G_baddie03_03
                             32 	.globl _G_baddie03_02
                             33 	.globl _G_baddie03_01
                             34 	.globl _G_baddie03_00
                             35 	.globl _G_shoot_02
                             36 	.globl _G_shoot_01
                             37 	.globl _G_shoot_00
                             38 	.globl _G_ship_02
                             39 	.globl _G_ship_01
                             40 	.globl _G_ship_00
                             41 	.globl _ship03
                             42 	.globl _ship02
                             43 	.globl _bullet02_0
                             44 	.globl _bullet01_1
                             45 	.globl _bullet01_0
                             46 	.globl _ship01
                             47 	.globl _redFlag
                             48 	.globl _palette
                             49 	.globl _tintas
                             50 	.globl _G_palette
                             51 ;--------------------------------------------------------
                             52 ; special function registers
                             53 ;--------------------------------------------------------
                             54 ;--------------------------------------------------------
                             55 ; ram data
                             56 ;--------------------------------------------------------
                             57 	.area _DATA
                             58 ;--------------------------------------------------------
                             59 ; ram data
                             60 ;--------------------------------------------------------
                             61 	.area _INITIALIZED
                             62 ;--------------------------------------------------------
                             63 ; absolute external ram data
                             64 ;--------------------------------------------------------
                             65 	.area _DABS (ABS)
                             66 ;--------------------------------------------------------
                             67 ; global & static initialisations
                             68 ;--------------------------------------------------------
                             69 	.area _HOME
                             70 	.area _GSINIT
                             71 	.area _GSFINAL
                             72 	.area _GSINIT
                             73 ;--------------------------------------------------------
                             74 ; Home
                             75 ;--------------------------------------------------------
                             76 	.area _HOME
                             77 	.area _HOME
                             78 ;--------------------------------------------------------
                             79 ; code
                             80 ;--------------------------------------------------------
                             81 	.area _CODE
                             82 	.area _CODE
   0000                      83 _G_palette:
   0000 14                   84 	.db #0x14	; 20
   0001 01                   85 	.db #0x01	; 1
   0002 0B                   86 	.db #0x0B	; 11
   0003 09                   87 	.db #0x09	; 9
   0004 0A                   88 	.db #0x0A	; 10
   0005 0E                   89 	.db #0x0E	; 14
   0006 0C                   90 	.db #0x0C	; 12
   0007 1C                   91 	.db #0x1C	; 28
   0008 1A                   92 	.db #0x1A	; 26
   0009 16                   93 	.db #0x16	; 22
   000A 1E                   94 	.db #0x1E	; 30
   000B 13                   95 	.db #0x13	; 19
   000C 1F                   96 	.db #0x1F	; 31
   000D 17                   97 	.db #0x17	; 23
   000E 15                   98 	.db #0x15	; 21
   000F 10                   99 	.db #0x10	; 16
   0010                     100 _tintas:
   0010 14                  101 	.db #0x14	; 20
   0011 01                  102 	.db #0x01	; 1
   0012 0B                  103 	.db #0x0B	; 11
   0013 09                  104 	.db #0x09	; 9
   0014 0A                  105 	.db #0x0A	; 10
   0015 0E                  106 	.db #0x0E	; 14
   0016 0C                  107 	.db #0x0C	; 12
   0017 1C                  108 	.db #0x1C	; 28
   0018 1A                  109 	.db #0x1A	; 26
   0019 16                  110 	.db #0x16	; 22
   001A 1E                  111 	.db #0x1E	; 30
   001B 13                  112 	.db #0x13	; 19
   001C 1F                  113 	.db #0x1F	; 31
   001D 17                  114 	.db #0x17	; 23
   001E 15                  115 	.db #0x15	; 21
   001F 10                  116 	.db #0x10	; 16
   0020 14                  117 	.db #0x14	; 20
   0021                     118 _palette:
   0021 00                  119 	.db #0x00	; 0
   0022 0D                  120 	.db #0x0D	; 13
   0023 01                  121 	.db #0x01	; 1
   0024 02                  122 	.db #0x02	; 2
   0025 04                  123 	.db #0x04	; 4
   0026 0E                  124 	.db #0x0E	; 14
   0027 0B                  125 	.db #0x0B	; 11
   0028 14                  126 	.db #0x14	; 20
   0029 09                  127 	.db #0x09	; 9
   002A 0C                  128 	.db #0x0C	; 12
   002B 12                  129 	.db #0x12	; 18
   002C 03                  130 	.db #0x03	; 3
   002D 06                  131 	.db #0x06	; 6
   002E 0F                  132 	.db #0x0F	; 15
   002F 18                  133 	.db #0x18	; 24
   0030 1A                  134 	.db #0x1A	; 26
   0031                     135 _redFlag:
   0031 00                  136 	.db #0x00	; 0
   0032 2C                  137 	.db #0x2C	; 44
   0033 14                  138 	.db #0x14	; 20
   0034 2C                  139 	.db #0x2C	; 44
   0035 3C                  140 	.db #0x3C	; 60
   0036 2C                  141 	.db #0x2C	; 44
   0037 3C                  142 	.db #0x3C	; 60
   0038 2C                  143 	.db #0x2C	; 44
   0039 00                  144 	.db #0x00	; 0
   003A 04                  145 	.db #0x04	; 4
   003B 00                  146 	.db #0x00	; 0
   003C 04                  147 	.db #0x04	; 4
   003D 00                  148 	.db 0x00
   003E 00                  149 	.db 0x00
   003F                     150 _ship01:
   003F 00                  151 	.db #0x00	; 0
   0040 00                  152 	.db #0x00	; 0
   0041 00                  153 	.db #0x00	; 0
   0042 00                  154 	.db #0x00	; 0
   0043 00                  155 	.db #0x00	; 0
   0044 00                  156 	.db #0x00	; 0
   0045 00                  157 	.db #0x00	; 0
   0046 00                  158 	.db #0x00	; 0
   0047 44                  159 	.db #0x44	; 68	'D'
   0048 88                  160 	.db #0x88	; 136
   0049 00                  161 	.db #0x00	; 0
   004A 00                  162 	.db #0x00	; 0
   004B 00                  163 	.db #0x00	; 0
   004C 00                  164 	.db #0x00	; 0
   004D 04                  165 	.db #0x04	; 4
   004E 08                  166 	.db #0x08	; 8
   004F 00                  167 	.db #0x00	; 0
   0050 00                  168 	.db #0x00	; 0
   0051 00                  169 	.db #0x00	; 0
   0052 00                  170 	.db #0x00	; 0
   0053 0C                  171 	.db #0x0C	; 12
   0054 0C                  172 	.db #0x0C	; 12
   0055 00                  173 	.db #0x00	; 0
   0056 00                  174 	.db #0x00	; 0
   0057 00                  175 	.db #0x00	; 0
   0058 00                  176 	.db #0x00	; 0
   0059 18                  177 	.db #0x18	; 24
   005A 24                  178 	.db #0x24	; 36
   005B 00                  179 	.db #0x00	; 0
   005C 00                  180 	.db #0x00	; 0
   005D 00                  181 	.db #0x00	; 0
   005E 00                  182 	.db #0x00	; 0
   005F 18                  183 	.db #0x18	; 24
   0060 24                  184 	.db #0x24	; 36
   0061 00                  185 	.db #0x00	; 0
   0062 00                  186 	.db #0x00	; 0
   0063 00                  187 	.db #0x00	; 0
   0064 00                  188 	.db #0x00	; 0
   0065 4C                  189 	.db #0x4C	; 76	'L'
   0066 8C                  190 	.db #0x8C	; 140
   0067 00                  191 	.db #0x00	; 0
   0068 00                  192 	.db #0x00	; 0
   0069 00                  193 	.db #0x00	; 0
   006A 88                  194 	.db #0x88	; 136
   006B 0C                  195 	.db #0x0C	; 12
   006C 0C                  196 	.db #0x0C	; 12
   006D 44                  197 	.db #0x44	; 68	'D'
   006E 00                  198 	.db #0x00	; 0
   006F 00                  199 	.db #0x00	; 0
   0070 88                  200 	.db #0x88	; 136
   0071 0C                  201 	.db #0x0C	; 12
   0072 0C                  202 	.db #0x0C	; 12
   0073 44                  203 	.db #0x44	; 68	'D'
   0074 00                  204 	.db #0x00	; 0
   0075 00                  205 	.db #0x00	; 0
   0076 8C                  206 	.db #0x8C	; 140
   0077 0C                  207 	.db #0x0C	; 12
   0078 0C                  208 	.db #0x0C	; 12
   0079 4C                  209 	.db #0x4C	; 76	'L'
   007A 00                  210 	.db #0x00	; 0
   007B 00                  211 	.db #0x00	; 0
   007C 8C                  212 	.db #0x8C	; 140
   007D CC                  213 	.db #0xCC	; 204
   007E 64                  214 	.db #0x64	; 100	'd'
   007F 4C                  215 	.db #0x4C	; 76	'L'
   0080 00                  216 	.db #0x00	; 0
   0081 00                  217 	.db #0x00	; 0
   0082 4C                  218 	.db #0x4C	; 76	'L'
   0083 98                  219 	.db #0x98	; 152
   0084 64                  220 	.db #0x64	; 100	'd'
   0085 8C                  221 	.db #0x8C	; 140
   0086 00                  222 	.db #0x00	; 0
   0087 00                  223 	.db #0x00	; 0
   0088 4C                  224 	.db #0x4C	; 76	'L'
   0089 0C                  225 	.db #0x0C	; 12
   008A 0C                  226 	.db #0x0C	; 12
   008B 8C                  227 	.db #0x8C	; 140
   008C 00                  228 	.db #0x00	; 0
   008D 00                  229 	.db #0x00	; 0
   008E 04                  230 	.db #0x04	; 4
   008F 0C                  231 	.db #0x0C	; 12
   0090 0C                  232 	.db #0x0C	; 12
   0091 08                  233 	.db #0x08	; 8
   0092 00                  234 	.db #0x00	; 0
   0093 00                  235 	.db #0x00	; 0
   0094 00                  236 	.db #0x00	; 0
   0095 A9                  237 	.db #0xA9	; 169
   0096 A9                  238 	.db #0xA9	; 169
   0097 00                  239 	.db #0x00	; 0
   0098 00                  240 	.db #0x00	; 0
   0099 00                  241 	.db #0x00	; 0
   009A 00                  242 	.db #0x00	; 0
   009B 00                  243 	.db #0x00	; 0
   009C 00                  244 	.db #0x00	; 0
   009D 00                  245 	.db #0x00	; 0
   009E 00                  246 	.db #0x00	; 0
   009F                     247 _bullet01_0:
   009F 0F                  248 	.db #0x0F	; 15
   00A0 0F                  249 	.db #0x0F	; 15
   00A1 0F                  250 	.db #0x0F	; 15
   00A2 00                  251 	.db #0x00	; 0
   00A3 15                  252 	.db #0x15	; 21
   00A4 2A                  253 	.db #0x2A	; 42
   00A5 15                  254 	.db #0x15	; 21
   00A6 2A                  255 	.db #0x2A	; 42
   00A7                     256 _bullet01_1:
   00A7 0F                  257 	.db #0x0F	; 15
   00A8 0F                  258 	.db #0x0F	; 15
   00A9 0F                  259 	.db #0x0F	; 15
   00AA 00                  260 	.db #0x00	; 0
   00AB 2A                  261 	.db #0x2A	; 42
   00AC 15                  262 	.db #0x15	; 21
   00AD 2A                  263 	.db #0x2A	; 42
   00AE 15                  264 	.db #0x15	; 21
   00AF                     265 _bullet02_0:
   00AF 2A                  266 	.db #0x2A	; 42
   00B0 2A                  267 	.db #0x2A	; 42
   00B1 2A                  268 	.db #0x2A	; 42
   00B2 2A                  269 	.db #0x2A	; 42
   00B3                     270 _ship02:
   00B3 00                  271 	.db #0x00	; 0
   00B4 00                  272 	.db #0x00	; 0
   00B5 00                  273 	.db #0x00	; 0
   00B6 00                  274 	.db #0x00	; 0
   00B7 10                  275 	.db #0x10	; 16
   00B8 00                  276 	.db #0x00	; 0
   00B9 00                  277 	.db #0x00	; 0
   00BA 00                  278 	.db #0x00	; 0
   00BB 00                  279 	.db #0x00	; 0
   00BC 00                  280 	.db #0x00	; 0
   00BD 00                  281 	.db #0x00	; 0
   00BE 00                  282 	.db #0x00	; 0
   00BF 00                  283 	.db #0x00	; 0
   00C0 00                  284 	.db #0x00	; 0
   00C1 04                  285 	.db #0x04	; 4
   00C2 00                  286 	.db #0x00	; 0
   00C3 00                  287 	.db #0x00	; 0
   00C4 00                  288 	.db #0x00	; 0
   00C5 00                  289 	.db #0x00	; 0
   00C6 00                  290 	.db #0x00	; 0
   00C7 00                  291 	.db #0x00	; 0
   00C8 00                  292 	.db #0x00	; 0
   00C9 00                  293 	.db #0x00	; 0
   00CA 00                  294 	.db #0x00	; 0
   00CB 04                  295 	.db #0x04	; 4
   00CC 00                  296 	.db #0x00	; 0
   00CD 00                  297 	.db #0x00	; 0
   00CE 00                  298 	.db #0x00	; 0
   00CF 00                  299 	.db #0x00	; 0
   00D0 00                  300 	.db #0x00	; 0
   00D1 00                  301 	.db #0x00	; 0
   00D2 00                  302 	.db #0x00	; 0
   00D3 00                  303 	.db #0x00	; 0
   00D4 00                  304 	.db #0x00	; 0
   00D5 04                  305 	.db #0x04	; 4
   00D6 00                  306 	.db #0x00	; 0
   00D7 00                  307 	.db #0x00	; 0
   00D8 00                  308 	.db #0x00	; 0
   00D9 00                  309 	.db #0x00	; 0
   00DA 00                  310 	.db #0x00	; 0
   00DB 00                  311 	.db #0x00	; 0
   00DC 00                  312 	.db #0x00	; 0
   00DD 00                  313 	.db #0x00	; 0
   00DE 00                  314 	.db #0x00	; 0
   00DF 04                  315 	.db #0x04	; 4
   00E0 00                  316 	.db #0x00	; 0
   00E1 00                  317 	.db #0x00	; 0
   00E2 00                  318 	.db #0x00	; 0
   00E3 00                  319 	.db #0x00	; 0
   00E4 00                  320 	.db #0x00	; 0
   00E5 00                  321 	.db #0x00	; 0
   00E6 00                  322 	.db #0x00	; 0
   00E7 00                  323 	.db #0x00	; 0
   00E8 00                  324 	.db #0x00	; 0
   00E9 0C                  325 	.db #0x0C	; 12
   00EA 08                  326 	.db #0x08	; 8
   00EB 00                  327 	.db #0x00	; 0
   00EC 00                  328 	.db #0x00	; 0
   00ED 00                  329 	.db #0x00	; 0
   00EE 00                  330 	.db #0x00	; 0
   00EF 00                  331 	.db #0x00	; 0
   00F0 00                  332 	.db #0x00	; 0
   00F1 00                  333 	.db #0x00	; 0
   00F2 00                  334 	.db #0x00	; 0
   00F3 0C                  335 	.db #0x0C	; 12
   00F4 08                  336 	.db #0x08	; 8
   00F5 00                  337 	.db #0x00	; 0
   00F6 00                  338 	.db #0x00	; 0
   00F7 00                  339 	.db #0x00	; 0
   00F8 00                  340 	.db #0x00	; 0
   00F9 00                  341 	.db #0x00	; 0
   00FA 00                  342 	.db #0x00	; 0
   00FB 00                  343 	.db #0x00	; 0
   00FC 00                  344 	.db #0x00	; 0
   00FD 0C                  345 	.db #0x0C	; 12
   00FE 08                  346 	.db #0x08	; 8
   00FF 00                  347 	.db #0x00	; 0
   0100 00                  348 	.db #0x00	; 0
   0101 00                  349 	.db #0x00	; 0
   0102 00                  350 	.db #0x00	; 0
   0103 00                  351 	.db #0x00	; 0
   0104 00                  352 	.db #0x00	; 0
   0105 00                  353 	.db #0x00	; 0
   0106 00                  354 	.db #0x00	; 0
   0107 0C                  355 	.db #0x0C	; 12
   0108 08                  356 	.db #0x08	; 8
   0109 00                  357 	.db #0x00	; 0
   010A 00                  358 	.db #0x00	; 0
   010B 00                  359 	.db #0x00	; 0
   010C 00                  360 	.db #0x00	; 0
   010D 00                  361 	.db #0x00	; 0
   010E 00                  362 	.db #0x00	; 0
   010F 00                  363 	.db #0x00	; 0
   0110 00                  364 	.db #0x00	; 0
   0111 0C                  365 	.db #0x0C	; 12
   0112 08                  366 	.db #0x08	; 8
   0113 00                  367 	.db #0x00	; 0
   0114 00                  368 	.db #0x00	; 0
   0115 00                  369 	.db #0x00	; 0
   0116 00                  370 	.db #0x00	; 0
   0117 00                  371 	.db #0x00	; 0
   0118 00                  372 	.db #0x00	; 0
   0119 00                  373 	.db #0x00	; 0
   011A 00                  374 	.db #0x00	; 0
   011B 0C                  375 	.db #0x0C	; 12
   011C 08                  376 	.db #0x08	; 8
   011D 00                  377 	.db #0x00	; 0
   011E 00                  378 	.db #0x00	; 0
   011F 00                  379 	.db #0x00	; 0
   0120 00                  380 	.db #0x00	; 0
   0121 20                  381 	.db #0x20	; 32
   0122 00                  382 	.db #0x00	; 0
   0123 00                  383 	.db #0x00	; 0
   0124 00                  384 	.db #0x00	; 0
   0125 0C                  385 	.db #0x0C	; 12
   0126 08                  386 	.db #0x08	; 8
   0127 00                  387 	.db #0x00	; 0
   0128 00                  388 	.db #0x00	; 0
   0129 00                  389 	.db #0x00	; 0
   012A 20                  390 	.db #0x20	; 32
   012B 08                  391 	.db #0x08	; 8
   012C 40                  392 	.db #0x40	; 64
   012D 00                  393 	.db #0x00	; 0
   012E 04                  394 	.db #0x04	; 4
   012F 0C                  395 	.db #0x0C	; 12
   0130 0C                  396 	.db #0x0C	; 12
   0131 00                  397 	.db #0x00	; 0
   0132 40                  398 	.db #0x40	; 64
   0133 00                  399 	.db #0x00	; 0
   0134 08                  400 	.db #0x08	; 8
   0135 08                  401 	.db #0x08	; 8
   0136 40                  402 	.db #0x40	; 64
   0137 00                  403 	.db #0x00	; 0
   0138 4C                  404 	.db #0x4C	; 76	'L'
   0139 4C                  405 	.db #0x4C	; 76	'L'
   013A 4C                  406 	.db #0x4C	; 76	'L'
   013B 08                  407 	.db #0x08	; 8
   013C 40                  408 	.db #0x40	; 64
   013D 00                  409 	.db #0x00	; 0
   013E 08                  410 	.db #0x08	; 8
   013F 0C                  411 	.db #0x0C	; 12
   0140 C0                  412 	.db #0xC0	; 192
   0141 84                  413 	.db #0x84	; 132
   0142 CC                  414 	.db #0xCC	; 204
   0143 4C                  415 	.db #0x4C	; 76	'L'
   0144 4C                  416 	.db #0x4C	; 76	'L'
   0145 8C                  417 	.db #0x8C	; 140
   0146 C0                  418 	.db #0xC0	; 192
   0147 84                  419 	.db #0x84	; 132
   0148 08                  420 	.db #0x08	; 8
   0149 0C                  421 	.db #0x0C	; 12
   014A 0C                  422 	.db #0x0C	; 12
   014B 0C                  423 	.db #0x0C	; 12
   014C 0C                  424 	.db #0x0C	; 12
   014D 4C                  425 	.db #0x4C	; 76	'L'
   014E 0C                  426 	.db #0x0C	; 12
   014F 0C                  427 	.db #0x0C	; 12
   0150 0C                  428 	.db #0x0C	; 12
   0151 0C                  429 	.db #0x0C	; 12
   0152 08                  430 	.db #0x08	; 8
   0153 4C                  431 	.db #0x4C	; 76	'L'
   0154 0C                  432 	.db #0x0C	; 12
   0155 0C                  433 	.db #0x0C	; 12
   0156 0C                  434 	.db #0x0C	; 12
   0157 CC                  435 	.db #0xCC	; 204
   0158 8C                  436 	.db #0x8C	; 140
   0159 0C                  437 	.db #0x0C	; 12
   015A 0C                  438 	.db #0x0C	; 12
   015B 4C                  439 	.db #0x4C	; 76	'L'
   015C 08                  440 	.db #0x08	; 8
   015D 4C                  441 	.db #0x4C	; 76	'L'
   015E 8C                  442 	.db #0x8C	; 140
   015F 0C                  443 	.db #0x0C	; 12
   0160 0C                  444 	.db #0x0C	; 12
   0161 CC                  445 	.db #0xCC	; 204
   0162 8C                  446 	.db #0x8C	; 140
   0163 0C                  447 	.db #0x0C	; 12
   0164 0C                  448 	.db #0x0C	; 12
   0165 CC                  449 	.db #0xCC	; 204
   0166 08                  450 	.db #0x08	; 8
   0167 08                  451 	.db #0x08	; 8
   0168 88                  452 	.db #0x88	; 136
   0169 0C                  453 	.db #0x0C	; 12
   016A 0C                  454 	.db #0x0C	; 12
   016B 4C                  455 	.db #0x4C	; 76	'L'
   016C 0C                  456 	.db #0x0C	; 12
   016D 0C                  457 	.db #0x0C	; 12
   016E 08                  458 	.db #0x08	; 8
   016F 88                  459 	.db #0x88	; 136
   0170 08                  460 	.db #0x08	; 8
   0171 08                  461 	.db #0x08	; 8
   0172 00                  462 	.db #0x00	; 0
   0173 04                  463 	.db #0x04	; 4
   0174 C0                  464 	.db #0xC0	; 192
   0175 0C                  465 	.db #0x0C	; 12
   0176 48                  466 	.db #0x48	; 72	'H'
   0177 84                  467 	.db #0x84	; 132
   0178 00                  468 	.db #0x00	; 0
   0179 00                  469 	.db #0x00	; 0
   017A 08                  470 	.db #0x08	; 8
   017B 08                  471 	.db #0x08	; 8
   017C 00                  472 	.db #0x00	; 0
   017D 00                  473 	.db #0x00	; 0
   017E 40                  474 	.db #0x40	; 64
   017F C0                  475 	.db #0xC0	; 192
   0180 C0                  476 	.db #0xC0	; 192
   0181 00                  477 	.db #0x00	; 0
   0182 00                  478 	.db #0x00	; 0
   0183 00                  479 	.db #0x00	; 0
   0184 08                  480 	.db #0x08	; 8
   0185 08                  481 	.db #0x08	; 8
   0186 00                  482 	.db #0x00	; 0
   0187 00                  483 	.db #0x00	; 0
   0188 00                  484 	.db #0x00	; 0
   0189 00                  485 	.db #0x00	; 0
   018A 00                  486 	.db #0x00	; 0
   018B 00                  487 	.db #0x00	; 0
   018C 00                  488 	.db #0x00	; 0
   018D 00                  489 	.db #0x00	; 0
   018E 08                  490 	.db #0x08	; 8
   018F 00                  491 	.db #0x00	; 0
   0190 00                  492 	.db #0x00	; 0
   0191 00                  493 	.db #0x00	; 0
   0192 00                  494 	.db #0x00	; 0
   0193 5B                  495 	.db #0x5B	; 91
   0194 0A                  496 	.db #0x0A	; 10
   0195 00                  497 	.db #0x00	; 0
   0196 00                  498 	.db #0x00	; 0
   0197 00                  499 	.db #0x00	; 0
   0198 00                  500 	.db #0x00	; 0
   0199 00                  501 	.db #0x00	; 0
   019A 00                  502 	.db #0x00	; 0
   019B 00                  503 	.db #0x00	; 0
   019C 00                  504 	.db #0x00	; 0
   019D A7                  505 	.db #0xA7	; 167
   019E A2                  506 	.db #0xA2	; 162
   019F 00                  507 	.db #0x00	; 0
   01A0 00                  508 	.db #0x00	; 0
   01A1 00                  509 	.db #0x00	; 0
   01A2 00                  510 	.db #0x00	; 0
   01A3                     511 _ship03:
   01A3 00                  512 	.db #0x00	; 0
   01A4 00                  513 	.db #0x00	; 0
   01A5 10                  514 	.db #0x10	; 16
   01A6 20                  515 	.db #0x20	; 32
   01A7 00                  516 	.db #0x00	; 0
   01A8 00                  517 	.db #0x00	; 0
   01A9 00                  518 	.db #0x00	; 0
   01AA 00                  519 	.db #0x00	; 0
   01AB 10                  520 	.db #0x10	; 16
   01AC 20                  521 	.db #0x20	; 32
   01AD 00                  522 	.db #0x00	; 0
   01AE 00                  523 	.db #0x00	; 0
   01AF 00                  524 	.db #0x00	; 0
   01B0 00                  525 	.db #0x00	; 0
   01B1 04                  526 	.db #0x04	; 4
   01B2 08                  527 	.db #0x08	; 8
   01B3 00                  528 	.db #0x00	; 0
   01B4 00                  529 	.db #0x00	; 0
   01B5 00                  530 	.db #0x00	; 0
   01B6 00                  531 	.db #0x00	; 0
   01B7 04                  532 	.db #0x04	; 4
   01B8 08                  533 	.db #0x08	; 8
   01B9 00                  534 	.db #0x00	; 0
   01BA 00                  535 	.db #0x00	; 0
   01BB 00                  536 	.db #0x00	; 0
   01BC 00                  537 	.db #0x00	; 0
   01BD 04                  538 	.db #0x04	; 4
   01BE 08                  539 	.db #0x08	; 8
   01BF 00                  540 	.db #0x00	; 0
   01C0 00                  541 	.db #0x00	; 0
   01C1 00                  542 	.db #0x00	; 0
   01C2 00                  543 	.db #0x00	; 0
   01C3 04                  544 	.db #0x04	; 4
   01C4 08                  545 	.db #0x08	; 8
   01C5 00                  546 	.db #0x00	; 0
   01C6 00                  547 	.db #0x00	; 0
   01C7 00                  548 	.db #0x00	; 0
   01C8 00                  549 	.db #0x00	; 0
   01C9 04                  550 	.db #0x04	; 4
   01CA 08                  551 	.db #0x08	; 8
   01CB 00                  552 	.db #0x00	; 0
   01CC 00                  553 	.db #0x00	; 0
   01CD 20                  554 	.db #0x20	; 32
   01CE 00                  555 	.db #0x00	; 0
   01CF 04                  556 	.db #0x04	; 4
   01D0 08                  557 	.db #0x08	; 8
   01D1 00                  558 	.db #0x00	; 0
   01D2 10                  559 	.db #0x10	; 16
   01D3 08                  560 	.db #0x08	; 8
   01D4 00                  561 	.db #0x00	; 0
   01D5 04                  562 	.db #0x04	; 4
   01D6 08                  563 	.db #0x08	; 8
   01D7 00                  564 	.db #0x00	; 0
   01D8 04                  565 	.db #0x04	; 4
   01D9 08                  566 	.db #0x08	; 8
   01DA 20                  567 	.db #0x20	; 32
   01DB 0C                  568 	.db #0x0C	; 12
   01DC 0C                  569 	.db #0x0C	; 12
   01DD 10                  570 	.db #0x10	; 16
   01DE 04                  571 	.db #0x04	; 4
   01DF 08                  572 	.db #0x08	; 8
   01E0 08                  573 	.db #0x08	; 8
   01E1 58                  574 	.db #0x58	; 88	'X'
   01E2 8C                  575 	.db #0x8C	; 140
   01E3 04                  576 	.db #0x04	; 4
   01E4 04                  577 	.db #0x04	; 4
   01E5 0C                  578 	.db #0x0C	; 12
   01E6 0C                  579 	.db #0x0C	; 12
   01E7 4C                  580 	.db #0x4C	; 76	'L'
   01E8 8C                  581 	.db #0x8C	; 140
   01E9 0C                  582 	.db #0x0C	; 12
   01EA 0C                  583 	.db #0x0C	; 12
   01EB 0C                  584 	.db #0x0C	; 12
   01EC 0C                  585 	.db #0x0C	; 12
   01ED C4                  586 	.db #0xC4	; 196
   01EE C8                  587 	.db #0xC8	; 200
   01EF 0C                  588 	.db #0x0C	; 12
   01F0 0C                  589 	.db #0x0C	; 12
   01F1 48                  590 	.db #0x48	; 72	'H'
   01F2 C0                  591 	.db #0xC0	; 192
   01F3 C0                  592 	.db #0xC0	; 192
   01F4 C0                  593 	.db #0xC0	; 192
   01F5 C0                  594 	.db #0xC0	; 192
   01F6 84                  595 	.db #0x84	; 132
   01F7 80                  596 	.db #0x80	; 128
   01F8 40                  597 	.db #0x40	; 64
   01F9 1B                  598 	.db #0x1B	; 27
   01FA 27                  599 	.db #0x27	; 39
   01FB 80                  600 	.db #0x80	; 128
   01FC 40                  601 	.db #0x40	; 64
   01FD 00                  602 	.db #0x00	; 0
   01FE 00                  603 	.db #0x00	; 0
   01FF 05                  604 	.db #0x05	; 5
   0200 0A                  605 	.db #0x0A	; 10
   0201 00                  606 	.db #0x00	; 0
   0202 00                  607 	.db #0x00	; 0
   0203                     608 _G_ship_00:
   0203 00                  609 	.db #0x00	; 0
   0204 14                  610 	.db #0x14	; 20
   0205 28                  611 	.db #0x28	; 40
   0206 00                  612 	.db #0x00	; 0
   0207 00                  613 	.db #0x00	; 0
   0208 14                  614 	.db #0x14	; 20
   0209 28                  615 	.db #0x28	; 40
   020A 00                  616 	.db #0x00	; 0
   020B 00                  617 	.db #0x00	; 0
   020C 14                  618 	.db #0x14	; 20
   020D 28                  619 	.db #0x28	; 40
   020E 00                  620 	.db #0x00	; 0
   020F 00                  621 	.db #0x00	; 0
   0210 14                  622 	.db #0x14	; 20
   0211 28                  623 	.db #0x28	; 40
   0212 00                  624 	.db #0x00	; 0
   0213 A8                  625 	.db #0xA8	; 168
   0214 3C                  626 	.db #0x3C	; 60
   0215 3C                  627 	.db #0x3C	; 60
   0216 54                  628 	.db #0x54	; 84	'T'
   0217 3C                  629 	.db #0x3C	; 60
   0218 2D                  630 	.db #0x2D	; 45
   0219 1E                  631 	.db #0x1E	; 30
   021A 3C                  632 	.db #0x3C	; 60
   021B 28                  633 	.db #0x28	; 40
   021C 3C                  634 	.db #0x3C	; 60
   021D 3C                  635 	.db #0x3C	; 60
   021E 14                  636 	.db #0x14	; 20
   021F 00                  637 	.db #0x00	; 0
   0220 15                  638 	.db #0x15	; 21
   0221 22                  639 	.db #0x22	; 34
   0222 00                  640 	.db #0x00	; 0
   0223                     641 _G_ship_01:
   0223 00                  642 	.db #0x00	; 0
   0224 14                  643 	.db #0x14	; 20
   0225 A8                  644 	.db #0xA8	; 168
   0226 00                  645 	.db #0x00	; 0
   0227 00                  646 	.db #0x00	; 0
   0228 44                  647 	.db #0x44	; 68	'D'
   0229 A0                  648 	.db #0xA0	; 160
   022A 00                  649 	.db #0x00	; 0
   022B 00                  650 	.db #0x00	; 0
   022C 44                  651 	.db #0x44	; 68	'D'
   022D A0                  652 	.db #0xA0	; 160
   022E 00                  653 	.db #0x00	; 0
   022F 00                  654 	.db #0x00	; 0
   0230 44                  655 	.db #0x44	; 68	'D'
   0231 A0                  656 	.db #0xA0	; 160
   0232 00                  657 	.db #0x00	; 0
   0233 28                  658 	.db #0x28	; 40
   0234 CC                  659 	.db #0xCC	; 204
   0235 F0                  660 	.db #0xF0	; 240
   0236 54                  661 	.db #0x54	; 84	'T'
   0237 0C                  662 	.db #0x0C	; 12
   0238 89                  663 	.db #0x89	; 137
   0239 5A                  664 	.db #0x5A	; 90	'Z'
   023A F0                  665 	.db #0xF0	; 240
   023B 08                  666 	.db #0x08	; 8
   023C D8                  667 	.db #0xD8	; 216
   023D F0                  668 	.db #0xF0	; 240
   023E 50                  669 	.db #0x50	; 80	'P'
   023F 00                  670 	.db #0x00	; 0
   0240 15                  671 	.db #0x15	; 21
   0241 22                  672 	.db #0x22	; 34
   0242 00                  673 	.db #0x00	; 0
   0243                     674 _G_ship_02:
   0243 00                  675 	.db #0x00	; 0
   0244 54                  676 	.db #0x54	; 84	'T'
   0245 28                  677 	.db #0x28	; 40
   0246 00                  678 	.db #0x00	; 0
   0247 00                  679 	.db #0x00	; 0
   0248 50                  680 	.db #0x50	; 80	'P'
   0249 88                  681 	.db #0x88	; 136
   024A 00                  682 	.db #0x00	; 0
   024B 00                  683 	.db #0x00	; 0
   024C 50                  684 	.db #0x50	; 80	'P'
   024D 88                  685 	.db #0x88	; 136
   024E 00                  686 	.db #0x00	; 0
   024F 00                  687 	.db #0x00	; 0
   0250 50                  688 	.db #0x50	; 80	'P'
   0251 88                  689 	.db #0x88	; 136
   0252 00                  690 	.db #0x00	; 0
   0253 A8                  691 	.db #0xA8	; 168
   0254 F0                  692 	.db #0xF0	; 240
   0255 CC                  693 	.db #0xCC	; 204
   0256 54                  694 	.db #0x54	; 84	'T'
   0257 F0                  695 	.db #0xF0	; 240
   0258 A5                  696 	.db #0xA5	; 165
   0259 46                  697 	.db #0x46	; 70	'F'
   025A 0C                  698 	.db #0x0C	; 12
   025B A0                  699 	.db #0xA0	; 160
   025C F0                  700 	.db #0xF0	; 240
   025D E4                  701 	.db #0xE4	; 228
   025E 04                  702 	.db #0x04	; 4
   025F 00                  703 	.db #0x00	; 0
   0260 11                  704 	.db #0x11	; 17
   0261 2A                  705 	.db #0x2A	; 42
   0262 00                  706 	.db #0x00	; 0
   0263                     707 _G_shoot_00:
   0263 7B                  708 	.db #0x7B	; 123
   0264 B7                  709 	.db #0xB7	; 183
   0265 7B                  710 	.db #0x7B	; 123
   0266 B7                  711 	.db #0xB7	; 183
   0267                     712 _G_shoot_01:
   0267 A2                  713 	.db #0xA2	; 162
   0268 2A                  714 	.db #0x2A	; 42
   0269 2A                  715 	.db #0x2A	; 42
   026A 2A                  716 	.db #0x2A	; 42
   026B                     717 _G_shoot_02:
   026B 51                  718 	.db #0x51	; 81	'Q'
   026C 15                  719 	.db #0x15	; 21
   026D 15                  720 	.db #0x15	; 21
   026E 15                  721 	.db #0x15	; 21
   026F                     722 _G_baddie03_00:
   026F 00                  723 	.db #0x00	; 0
   0270 F0                  724 	.db #0xF0	; 240
   0271 F0                  725 	.db #0xF0	; 240
   0272 00                  726 	.db #0x00	; 0
   0273 50                  727 	.db #0x50	; 80	'P'
   0274 3F                  728 	.db #0x3F	; 63
   0275 3F                  729 	.db #0x3F	; 63
   0276 A0                  730 	.db #0xA0	; 160
   0277 15                  731 	.db #0x15	; 21
   0278 3F                  732 	.db #0x3F	; 63
   0279 3F                  733 	.db #0x3F	; 63
   027A 2A                  734 	.db #0x2A	; 42
   027B 3F                  735 	.db #0x3F	; 63
   027C 7A                  736 	.db #0x7A	; 122	'z'
   027D B5                  737 	.db #0xB5	; 181
   027E 3F                  738 	.db #0x3F	; 63
   027F 3F                  739 	.db #0x3F	; 63
   0280 50                  740 	.db #0x50	; 80	'P'
   0281 A0                  741 	.db #0xA0	; 160
   0282 3F                  742 	.db #0x3F	; 63
   0283 A2                  743 	.db #0xA2	; 162
   0284 50                  744 	.db #0x50	; 80	'P'
   0285 A0                  745 	.db #0xA0	; 160
   0286 51                  746 	.db #0x51	; 81	'Q'
   0287 A2                  747 	.db #0xA2	; 162
   0288 50                  748 	.db #0x50	; 80	'P'
   0289 A0                  749 	.db #0xA0	; 160
   028A 51                  750 	.db #0x51	; 81	'Q'
   028B 00                  751 	.db #0x00	; 0
   028C 54                  752 	.db #0x54	; 84	'T'
   028D A8                  753 	.db #0xA8	; 168
   028E 00                  754 	.db #0x00	; 0
   028F                     755 _G_baddie03_01:
   028F 51                  756 	.db #0x51	; 81	'Q'
   0290 3F                  757 	.db #0x3F	; 63
   0291 2A                  758 	.db #0x2A	; 42
   0292 00                  759 	.db #0x00	; 0
   0293 51                  760 	.db #0x51	; 81	'Q'
   0294 3F                  761 	.db #0x3F	; 63
   0295 7A                  762 	.db #0x7A	; 122	'z'
   0296 00                  763 	.db #0x00	; 0
   0297 00                  764 	.db #0x00	; 0
   0298 00                  765 	.db #0x00	; 0
   0299 3F                  766 	.db #0x3F	; 63
   029A A0                  767 	.db #0xA0	; 160
   029B 00                  768 	.db #0x00	; 0
   029C 50                  769 	.db #0x50	; 80	'P'
   029D B5                  770 	.db #0xB5	; 181
   029E A0                  771 	.db #0xA0	; 160
   029F 00                  772 	.db #0x00	; 0
   02A0 F0                  773 	.db #0xF0	; 240
   02A1 B5                  774 	.db #0xB5	; 181
   02A2 2A                  775 	.db #0x2A	; 42
   02A3 54                  776 	.db #0x54	; 84	'T'
   02A4 F0                  777 	.db #0xF0	; 240
   02A5 B5                  778 	.db #0xB5	; 181
   02A6 2A                  779 	.db #0x2A	; 42
   02A7 54                  780 	.db #0x54	; 84	'T'
   02A8 F0                  781 	.db #0xF0	; 240
   02A9 00                  782 	.db #0x00	; 0
   02AA 2A                  783 	.db #0x2A	; 42
   02AB 54                  784 	.db #0x54	; 84	'T'
   02AC A8                  785 	.db #0xA8	; 168
   02AD 00                  786 	.db #0x00	; 0
   02AE A2                  787 	.db #0xA2	; 162
   02AF                     788 _G_baddie03_02:
   02AF 51                  789 	.db #0x51	; 81	'Q'
   02B0 B7                  790 	.db #0xB7	; 183
   02B1 2A                  791 	.db #0x2A	; 42
   02B2 00                  792 	.db #0x00	; 0
   02B3 00                  793 	.db #0x00	; 0
   02B4 15                  794 	.db #0x15	; 21
   02B5 3F                  795 	.db #0x3F	; 63
   02B6 A0                  796 	.db #0xA0	; 160
   02B7 00                  797 	.db #0x00	; 0
   02B8 00                  798 	.db #0x00	; 0
   02B9 B5                  799 	.db #0xB5	; 181
   02BA 7A                  800 	.db #0x7A	; 122	'z'
   02BB F8                  801 	.db #0xF8	; 248
   02BC F0                  802 	.db #0xF0	; 240
   02BD B5                  803 	.db #0xB5	; 181
   02BE 7A                  804 	.db #0x7A	; 122	'z'
   02BF F8                  805 	.db #0xF8	; 248
   02C0 F0                  806 	.db #0xF0	; 240
   02C1 B5                  807 	.db #0xB5	; 181
   02C2 7A                  808 	.db #0x7A	; 122	'z'
   02C3 00                  809 	.db #0x00	; 0
   02C4 00                  810 	.db #0x00	; 0
   02C5 B5                  811 	.db #0xB5	; 181
   02C6 7A                  812 	.db #0x7A	; 122	'z'
   02C7 00                  813 	.db #0x00	; 0
   02C8 15                  814 	.db #0x15	; 21
   02C9 3F                  815 	.db #0x3F	; 63
   02CA A0                  816 	.db #0xA0	; 160
   02CB 51                  817 	.db #0x51	; 81	'Q'
   02CC B7                  818 	.db #0xB7	; 183
   02CD 2A                  819 	.db #0x2A	; 42
   02CE 00                  820 	.db #0x00	; 0
   02CF                     821 _G_baddie03_03:
   02CF 54                  822 	.db #0x54	; 84	'T'
   02D0 A8                  823 	.db #0xA8	; 168
   02D1 00                  824 	.db #0x00	; 0
   02D2 A2                  825 	.db #0xA2	; 162
   02D3 54                  826 	.db #0x54	; 84	'T'
   02D4 F0                  827 	.db #0xF0	; 240
   02D5 00                  828 	.db #0x00	; 0
   02D6 2A                  829 	.db #0x2A	; 42
   02D7 54                  830 	.db #0x54	; 84	'T'
   02D8 F0                  831 	.db #0xF0	; 240
   02D9 B5                  832 	.db #0xB5	; 181
   02DA 2A                  833 	.db #0x2A	; 42
   02DB 00                  834 	.db #0x00	; 0
   02DC F0                  835 	.db #0xF0	; 240
   02DD B5                  836 	.db #0xB5	; 181
   02DE 2A                  837 	.db #0x2A	; 42
   02DF 00                  838 	.db #0x00	; 0
   02E0 50                  839 	.db #0x50	; 80	'P'
   02E1 B5                  840 	.db #0xB5	; 181
   02E2 A0                  841 	.db #0xA0	; 160
   02E3 00                  842 	.db #0x00	; 0
   02E4 00                  843 	.db #0x00	; 0
   02E5 3F                  844 	.db #0x3F	; 63
   02E6 A0                  845 	.db #0xA0	; 160
   02E7 51                  846 	.db #0x51	; 81	'Q'
   02E8 3F                  847 	.db #0x3F	; 63
   02E9 7A                  848 	.db #0x7A	; 122	'z'
   02EA 00                  849 	.db #0x00	; 0
   02EB 51                  850 	.db #0x51	; 81	'Q'
   02EC 3F                  851 	.db #0x3F	; 63
   02ED 2A                  852 	.db #0x2A	; 42
   02EE 00                  853 	.db #0x00	; 0
   02EF                     854 _G_baddie03_04:
   02EF 00                  855 	.db #0x00	; 0
   02F0 54                  856 	.db #0x54	; 84	'T'
   02F1 A8                  857 	.db #0xA8	; 168
   02F2 00                  858 	.db #0x00	; 0
   02F3 A2                  859 	.db #0xA2	; 162
   02F4 50                  860 	.db #0x50	; 80	'P'
   02F5 A0                  861 	.db #0xA0	; 160
   02F6 51                  862 	.db #0x51	; 81	'Q'
   02F7 A2                  863 	.db #0xA2	; 162
   02F8 50                  864 	.db #0x50	; 80	'P'
   02F9 A0                  865 	.db #0xA0	; 160
   02FA 51                  866 	.db #0x51	; 81	'Q'
   02FB 3F                  867 	.db #0x3F	; 63
   02FC 50                  868 	.db #0x50	; 80	'P'
   02FD A0                  869 	.db #0xA0	; 160
   02FE 3F                  870 	.db #0x3F	; 63
   02FF 3F                  871 	.db #0x3F	; 63
   0300 7A                  872 	.db #0x7A	; 122	'z'
   0301 B5                  873 	.db #0xB5	; 181
   0302 3F                  874 	.db #0x3F	; 63
   0303 15                  875 	.db #0x15	; 21
   0304 3F                  876 	.db #0x3F	; 63
   0305 3F                  877 	.db #0x3F	; 63
   0306 2A                  878 	.db #0x2A	; 42
   0307 50                  879 	.db #0x50	; 80	'P'
   0308 3F                  880 	.db #0x3F	; 63
   0309 3F                  881 	.db #0x3F	; 63
   030A A0                  882 	.db #0xA0	; 160
   030B 00                  883 	.db #0x00	; 0
   030C F0                  884 	.db #0xF0	; 240
   030D F0                  885 	.db #0xF0	; 240
   030E 00                  886 	.db #0x00	; 0
   030F                     887 _G_baddie03_05:
   030F 51                  888 	.db #0x51	; 81	'Q'
   0310 00                  889 	.db #0x00	; 0
   0311 54                  890 	.db #0x54	; 84	'T'
   0312 A8                  891 	.db #0xA8	; 168
   0313 15                  892 	.db #0x15	; 21
   0314 00                  893 	.db #0x00	; 0
   0315 F0                  894 	.db #0xF0	; 240
   0316 A8                  895 	.db #0xA8	; 168
   0317 15                  896 	.db #0x15	; 21
   0318 7A                  897 	.db #0x7A	; 122	'z'
   0319 F0                  898 	.db #0xF0	; 240
   031A A8                  899 	.db #0xA8	; 168
   031B 15                  900 	.db #0x15	; 21
   031C 7A                  901 	.db #0x7A	; 122	'z'
   031D F0                  902 	.db #0xF0	; 240
   031E 00                  903 	.db #0x00	; 0
   031F 50                  904 	.db #0x50	; 80	'P'
   0320 7A                  905 	.db #0x7A	; 122	'z'
   0321 A0                  906 	.db #0xA0	; 160
   0322 00                  907 	.db #0x00	; 0
   0323 50                  908 	.db #0x50	; 80	'P'
   0324 3F                  909 	.db #0x3F	; 63
   0325 00                  910 	.db #0x00	; 0
   0326 00                  911 	.db #0x00	; 0
   0327 00                  912 	.db #0x00	; 0
   0328 B5                  913 	.db #0xB5	; 181
   0329 3F                  914 	.db #0x3F	; 63
   032A A2                  915 	.db #0xA2	; 162
   032B 00                  916 	.db #0x00	; 0
   032C 15                  917 	.db #0x15	; 21
   032D 3F                  918 	.db #0x3F	; 63
   032E A2                  919 	.db #0xA2	; 162
   032F                     920 _G_baddie03_06:
   032F 00                  921 	.db #0x00	; 0
   0330 15                  922 	.db #0x15	; 21
   0331 7B                  923 	.db #0x7B	; 123
   0332 A2                  924 	.db #0xA2	; 162
   0333 50                  925 	.db #0x50	; 80	'P'
   0334 3F                  926 	.db #0x3F	; 63
   0335 2A                  927 	.db #0x2A	; 42
   0336 00                  928 	.db #0x00	; 0
   0337 B5                  929 	.db #0xB5	; 181
   0338 7A                  930 	.db #0x7A	; 122	'z'
   0339 00                  931 	.db #0x00	; 0
   033A 00                  932 	.db #0x00	; 0
   033B B5                  933 	.db #0xB5	; 181
   033C 7A                  934 	.db #0x7A	; 122	'z'
   033D F0                  935 	.db #0xF0	; 240
   033E F4                  936 	.db #0xF4	; 244
   033F B5                  937 	.db #0xB5	; 181
   0340 7A                  938 	.db #0x7A	; 122	'z'
   0341 F0                  939 	.db #0xF0	; 240
   0342 F4                  940 	.db #0xF4	; 244
   0343 B5                  941 	.db #0xB5	; 181
   0344 7A                  942 	.db #0x7A	; 122	'z'
   0345 00                  943 	.db #0x00	; 0
   0346 00                  944 	.db #0x00	; 0
   0347 50                  945 	.db #0x50	; 80	'P'
   0348 3F                  946 	.db #0x3F	; 63
   0349 2A                  947 	.db #0x2A	; 42
   034A 00                  948 	.db #0x00	; 0
   034B 00                  949 	.db #0x00	; 0
   034C 15                  950 	.db #0x15	; 21
   034D 7B                  951 	.db #0x7B	; 123
   034E A2                  952 	.db #0xA2	; 162
   034F                     953 _G_baddie03_07:
   034F 00                  954 	.db #0x00	; 0
   0350 15                  955 	.db #0x15	; 21
   0351 3F                  956 	.db #0x3F	; 63
   0352 A2                  957 	.db #0xA2	; 162
   0353 00                  958 	.db #0x00	; 0
   0354 B5                  959 	.db #0xB5	; 181
   0355 3F                  960 	.db #0x3F	; 63
   0356 A2                  961 	.db #0xA2	; 162
   0357 50                  962 	.db #0x50	; 80	'P'
   0358 3F                  963 	.db #0x3F	; 63
   0359 00                  964 	.db #0x00	; 0
   035A 00                  965 	.db #0x00	; 0
   035B 50                  966 	.db #0x50	; 80	'P'
   035C 7A                  967 	.db #0x7A	; 122	'z'
   035D A0                  968 	.db #0xA0	; 160
   035E 00                  969 	.db #0x00	; 0
   035F 15                  970 	.db #0x15	; 21
   0360 7A                  971 	.db #0x7A	; 122	'z'
   0361 F0                  972 	.db #0xF0	; 240
   0362 00                  973 	.db #0x00	; 0
   0363 15                  974 	.db #0x15	; 21
   0364 7A                  975 	.db #0x7A	; 122	'z'
   0365 F0                  976 	.db #0xF0	; 240
   0366 A8                  977 	.db #0xA8	; 168
   0367 15                  978 	.db #0x15	; 21
   0368 00                  979 	.db #0x00	; 0
   0369 F0                  980 	.db #0xF0	; 240
   036A A8                  981 	.db #0xA8	; 168
   036B 51                  982 	.db #0x51	; 81	'Q'
   036C 00                  983 	.db #0x00	; 0
   036D 54                  984 	.db #0x54	; 84	'T'
   036E A8                  985 	.db #0xA8	; 168
   036F                     986 _G_star_00:
   036F 00                  987 	.db #0x00	; 0
   0370 00                  988 	.db #0x00	; 0
   0371 00                  989 	.db #0x00	; 0
   0372 00                  990 	.db #0x00	; 0
   0373 00                  991 	.db #0x00	; 0
   0374 00                  992 	.db #0x00	; 0
   0375 00                  993 	.db #0x00	; 0
   0376 00                  994 	.db #0x00	; 0
   0377 00                  995 	.db #0x00	; 0
   0378 00                  996 	.db #0x00	; 0
   0379 28                  997 	.db #0x28	; 40
   037A 00                  998 	.db #0x00	; 0
   037B 00                  999 	.db #0x00	; 0
   037C 14                 1000 	.db #0x14	; 20
   037D BC                 1001 	.db #0xBC	; 188
   037E 00                 1002 	.db #0x00	; 0
   037F 00                 1003 	.db #0x00	; 0
   0380 00                 1004 	.db #0x00	; 0
   0381 28                 1005 	.db #0x28	; 40
   0382 00                 1006 	.db #0x00	; 0
   0383 00                 1007 	.db #0x00	; 0
   0384 00                 1008 	.db #0x00	; 0
   0385 00                 1009 	.db #0x00	; 0
   0386 00                 1010 	.db #0x00	; 0
   0387 00                 1011 	.db #0x00	; 0
   0388 00                 1012 	.db #0x00	; 0
   0389 00                 1013 	.db #0x00	; 0
   038A 00                 1014 	.db #0x00	; 0
   038B 00                 1015 	.db #0x00	; 0
   038C 00                 1016 	.db #0x00	; 0
   038D 00                 1017 	.db #0x00	; 0
   038E 00                 1018 	.db #0x00	; 0
   038F                    1019 _G_star_01:
   038F 00                 1020 	.db #0x00	; 0
   0390 00                 1021 	.db #0x00	; 0
   0391 00                 1022 	.db #0x00	; 0
   0392 00                 1023 	.db #0x00	; 0
   0393 00                 1024 	.db #0x00	; 0
   0394 00                 1025 	.db #0x00	; 0
   0395 28                 1026 	.db #0x28	; 40
   0396 00                 1027 	.db #0x00	; 0
   0397 00                 1028 	.db #0x00	; 0
   0398 14                 1029 	.db #0x14	; 20
   0399 B4                 1030 	.db #0xB4	; 180
   039A 00                 1031 	.db #0x00	; 0
   039B 00                 1032 	.db #0x00	; 0
   039C 78                 1033 	.db #0x78	; 120	'x'
   039D F8                 1034 	.db #0xF8	; 248
   039E 28                 1035 	.db #0x28	; 40
   039F 00                 1036 	.db #0x00	; 0
   03A0 14                 1037 	.db #0x14	; 20
   03A1 B4                 1038 	.db #0xB4	; 180
   03A2 00                 1039 	.db #0x00	; 0
   03A3 00                 1040 	.db #0x00	; 0
   03A4 00                 1041 	.db #0x00	; 0
   03A5 28                 1042 	.db #0x28	; 40
   03A6 00                 1043 	.db #0x00	; 0
   03A7 00                 1044 	.db #0x00	; 0
   03A8 00                 1045 	.db #0x00	; 0
   03A9 00                 1046 	.db #0x00	; 0
   03AA 00                 1047 	.db #0x00	; 0
   03AB 00                 1048 	.db #0x00	; 0
   03AC 00                 1049 	.db #0x00	; 0
   03AD 00                 1050 	.db #0x00	; 0
   03AE 00                 1051 	.db #0x00	; 0
   03AF                    1052 _G_star_02:
   03AF 00                 1053 	.db #0x00	; 0
   03B0 00                 1054 	.db #0x00	; 0
   03B1 28                 1055 	.db #0x28	; 40
   03B2 00                 1056 	.db #0x00	; 0
   03B3 00                 1057 	.db #0x00	; 0
   03B4 28                 1058 	.db #0x28	; 40
   03B5 A0                 1059 	.db #0xA0	; 160
   03B6 28                 1060 	.db #0x28	; 40
   03B7 00                 1061 	.db #0x00	; 0
   03B8 14                 1062 	.db #0x14	; 20
   03B9 14                 1063 	.db #0x14	; 20
   03BA 00                 1064 	.db #0x00	; 0
   03BB 14                 1065 	.db #0x14	; 20
   03BC A0                 1066 	.db #0xA0	; 160
   03BD A8                 1067 	.db #0xA8	; 168
   03BE B4                 1068 	.db #0xB4	; 180
   03BF 00                 1069 	.db #0x00	; 0
   03C0 14                 1070 	.db #0x14	; 20
   03C1 14                 1071 	.db #0x14	; 20
   03C2 00                 1072 	.db #0x00	; 0
   03C3 00                 1073 	.db #0x00	; 0
   03C4 28                 1074 	.db #0x28	; 40
   03C5 A0                 1075 	.db #0xA0	; 160
   03C6 28                 1076 	.db #0x28	; 40
   03C7 00                 1077 	.db #0x00	; 0
   03C8 00                 1078 	.db #0x00	; 0
   03C9 28                 1079 	.db #0x28	; 40
   03CA 00                 1080 	.db #0x00	; 0
   03CB 00                 1081 	.db #0x00	; 0
   03CC 00                 1082 	.db #0x00	; 0
   03CD 00                 1083 	.db #0x00	; 0
   03CE 00                 1084 	.db #0x00	; 0
   03CF                    1085 _G_star_03:
   03CF 14                 1086 	.db #0x14	; 20
   03D0 00                 1087 	.db #0x00	; 0
   03D1 A0                 1088 	.db #0xA0	; 160
   03D2 14                 1089 	.db #0x14	; 20
   03D3 00                 1090 	.db #0x00	; 0
   03D4 A0                 1091 	.db #0xA0	; 160
   03D5 00                 1092 	.db #0x00	; 0
   03D6 A0                 1093 	.db #0xA0	; 160
   03D7 00                 1094 	.db #0x00	; 0
   03D8 00                 1095 	.db #0x00	; 0
   03D9 00                 1096 	.db #0x00	; 0
   03DA 00                 1097 	.db #0x00	; 0
   03DB 50                 1098 	.db #0x50	; 80	'P'
   03DC 00                 1099 	.db #0x00	; 0
   03DD 00                 1100 	.db #0x00	; 0
   03DE 50                 1101 	.db #0x50	; 80	'P'
   03DF 00                 1102 	.db #0x00	; 0
   03E0 00                 1103 	.db #0x00	; 0
   03E1 00                 1104 	.db #0x00	; 0
   03E2 00                 1105 	.db #0x00	; 0
   03E3 00                 1106 	.db #0x00	; 0
   03E4 A0                 1107 	.db #0xA0	; 160
   03E5 00                 1108 	.db #0x00	; 0
   03E6 A0                 1109 	.db #0xA0	; 160
   03E7 14                 1110 	.db #0x14	; 20
   03E8 00                 1111 	.db #0x00	; 0
   03E9 A0                 1112 	.db #0xA0	; 160
   03EA 14                 1113 	.db #0x14	; 20
   03EB 00                 1114 	.db #0x00	; 0
   03EC 00                 1115 	.db #0x00	; 0
   03ED 28                 1116 	.db #0x28	; 40
   03EE 00                 1117 	.db #0x00	; 0
   03EF                    1118 _G_star_04:
   03EF 14                 1119 	.db #0x14	; 20
   03F0 00                 1120 	.db #0x00	; 0
   03F1 A0                 1121 	.db #0xA0	; 160
   03F2 14                 1122 	.db #0x14	; 20
   03F3 00                 1123 	.db #0x00	; 0
   03F4 00                 1124 	.db #0x00	; 0
   03F5 00                 1125 	.db #0x00	; 0
   03F6 00                 1126 	.db #0x00	; 0
   03F7 00                 1127 	.db #0x00	; 0
   03F8 00                 1128 	.db #0x00	; 0
   03F9 00                 1129 	.db #0x00	; 0
   03FA 00                 1130 	.db #0x00	; 0
   03FB 50                 1131 	.db #0x50	; 80	'P'
   03FC 00                 1132 	.db #0x00	; 0
   03FD 00                 1133 	.db #0x00	; 0
   03FE 50                 1134 	.db #0x50	; 80	'P'
   03FF 00                 1135 	.db #0x00	; 0
   0400 00                 1136 	.db #0x00	; 0
   0401 00                 1137 	.db #0x00	; 0
   0402 00                 1138 	.db #0x00	; 0
   0403 00                 1139 	.db #0x00	; 0
   0404 00                 1140 	.db #0x00	; 0
   0405 00                 1141 	.db #0x00	; 0
   0406 00                 1142 	.db #0x00	; 0
   0407 14                 1143 	.db #0x14	; 20
   0408 00                 1144 	.db #0x00	; 0
   0409 00                 1145 	.db #0x00	; 0
   040A 14                 1146 	.db #0x14	; 20
   040B 00                 1147 	.db #0x00	; 0
   040C 00                 1148 	.db #0x00	; 0
   040D A0                 1149 	.db #0xA0	; 160
   040E 00                 1150 	.db #0x00	; 0
   040F                    1151 _explosion02000:
   040F 00                 1152 	.db #0x00	; 0
   0410 00                 1153 	.db #0x00	; 0
   0411 00                 1154 	.db #0x00	; 0
   0412 00                 1155 	.db #0x00	; 0
   0413 00                 1156 	.db #0x00	; 0
   0414 54                 1157 	.db #0x54	; 84	'T'
   0415 A8                 1158 	.db #0xA8	; 168
   0416 00                 1159 	.db #0x00	; 0
   0417 00                 1160 	.db #0x00	; 0
   0418 FC                 1161 	.db #0xFC	; 252
   0419 FC                 1162 	.db #0xFC	; 252
   041A 00                 1163 	.db #0x00	; 0
   041B 00                 1164 	.db #0x00	; 0
   041C F8                 1165 	.db #0xF8	; 248
   041D F4                 1166 	.db #0xF4	; 244
   041E 00                 1167 	.db #0x00	; 0
   041F 54                 1168 	.db #0x54	; 84	'T'
   0420 F0                 1169 	.db #0xF0	; 240
   0421 78                 1170 	.db #0x78	; 120	'x'
   0422 A8                 1171 	.db #0xA8	; 168
   0423 54                 1172 	.db #0x54	; 84	'T'
   0424 B4                 1173 	.db #0xB4	; 180
   0425 70                 1174 	.db #0x70	; 112	'p'
   0426 A8                 1175 	.db #0xA8	; 168
   0427 50                 1176 	.db #0x50	; 80	'P'
   0428 38                 1177 	.db #0x38	; 56	'8'
   0429 70                 1178 	.db #0x70	; 112	'p'
   042A A8                 1179 	.db #0xA8	; 168
   042B F8                 1180 	.db #0xF8	; 248
   042C 34                 1181 	.db #0x34	; 52	'4'
   042D 34                 1182 	.db #0x34	; 52	'4'
   042E FC                 1183 	.db #0xFC	; 252
   042F BC                 1184 	.db #0xBC	; 188
   0430 34                 1185 	.db #0x34	; 52	'4'
   0431 3C                 1186 	.db #0x3C	; 60
   0432 F4                 1187 	.db #0xF4	; 244
   0433 50                 1188 	.db #0x50	; 80	'P'
   0434 70                 1189 	.db #0x70	; 112	'p'
   0435 30                 1190 	.db #0x30	; 48	'0'
   0436 28                 1191 	.db #0x28	; 40
   0437 00                 1192 	.db #0x00	; 0
   0438 F0                 1193 	.db #0xF0	; 240
   0439 34                 1194 	.db #0x34	; 52	'4'
   043A A0                 1195 	.db #0xA0	; 160
   043B 00                 1196 	.db #0x00	; 0
   043C FC                 1197 	.db #0xFC	; 252
   043D F4                 1198 	.db #0xF4	; 244
   043E A0                 1199 	.db #0xA0	; 160
   043F 00                 1200 	.db #0x00	; 0
   0440 F8                 1201 	.db #0xF8	; 248
   0441 F4                 1202 	.db #0xF4	; 244
   0442 A8                 1203 	.db #0xA8	; 168
   0443 00                 1204 	.db #0x00	; 0
   0444 FC                 1205 	.db #0xFC	; 252
   0445 FC                 1206 	.db #0xFC	; 252
   0446 00                 1207 	.db #0x00	; 0
   0447 00                 1208 	.db #0x00	; 0
   0448 54                 1209 	.db #0x54	; 84	'T'
   0449 A8                 1210 	.db #0xA8	; 168
   044A 00                 1211 	.db #0x00	; 0
   044B 00                 1212 	.db #0x00	; 0
   044C 00                 1213 	.db #0x00	; 0
   044D 00                 1214 	.db #0x00	; 0
   044E 00                 1215 	.db #0x00	; 0
   044F 00                 1216 	.db 0x00
   0450 00                 1217 	.db 0x00
   0451                    1218 _explosion02001:
   0451 00                 1219 	.db #0x00	; 0
   0452 00                 1220 	.db #0x00	; 0
   0453 00                 1221 	.db #0x00	; 0
   0454 00                 1222 	.db #0x00	; 0
   0455 00                 1223 	.db #0x00	; 0
   0456 00                 1224 	.db #0x00	; 0
   0457 00                 1225 	.db #0x00	; 0
   0458 00                 1226 	.db #0x00	; 0
   0459 00                 1227 	.db #0x00	; 0
   045A 00                 1228 	.db #0x00	; 0
   045B 00                 1229 	.db #0x00	; 0
   045C 00                 1230 	.db #0x00	; 0
   045D 00                 1231 	.db #0x00	; 0
   045E 00                 1232 	.db #0x00	; 0
   045F A8                 1233 	.db #0xA8	; 168
   0460 00                 1234 	.db #0x00	; 0
   0461 00                 1235 	.db #0x00	; 0
   0462 BC                 1236 	.db #0xBC	; 188
   0463 28                 1237 	.db #0x28	; 40
   0464 00                 1238 	.db #0x00	; 0
   0465 54                 1239 	.db #0x54	; 84	'T'
   0466 3C                 1240 	.db #0x3C	; 60
   0467 3C                 1241 	.db #0x3C	; 60
   0468 00                 1242 	.db #0x00	; 0
   0469 54                 1243 	.db #0x54	; 84	'T'
   046A 38                 1244 	.db #0x38	; 56	'8'
   046B B4                 1245 	.db #0xB4	; 180
   046C 28                 1246 	.db #0x28	; 40
   046D 14                 1247 	.db #0x14	; 20
   046E F0                 1248 	.db #0xF0	; 240
   046F 30                 1249 	.db #0x30	; 48	'0'
   0470 7C                 1250 	.db #0x7C	; 124
   0471 BC                 1251 	.db #0xBC	; 188
   0472 B0                 1252 	.db #0xB0	; 176
   0473 70                 1253 	.db #0x70	; 112	'p'
   0474 28                 1254 	.db #0x28	; 40
   0475 14                 1255 	.db #0x14	; 20
   0476 78                 1256 	.db #0x78	; 120	'x'
   0477 F0                 1257 	.db #0xF0	; 240
   0478 28                 1258 	.db #0x28	; 40
   0479 54                 1259 	.db #0x54	; 84	'T'
   047A 3C                 1260 	.db #0x3C	; 60
   047B B4                 1261 	.db #0xB4	; 180
   047C A8                 1262 	.db #0xA8	; 168
   047D 00                 1263 	.db #0x00	; 0
   047E 3C                 1264 	.db #0x3C	; 60
   047F 3C                 1265 	.db #0x3C	; 60
   0480 A8                 1266 	.db #0xA8	; 168
   0481 00                 1267 	.db #0x00	; 0
   0482 FC                 1268 	.db #0xFC	; 252
   0483 A8                 1269 	.db #0xA8	; 168
   0484 00                 1270 	.db #0x00	; 0
   0485 00                 1271 	.db #0x00	; 0
   0486 54                 1272 	.db #0x54	; 84	'T'
   0487 00                 1273 	.db #0x00	; 0
   0488 00                 1274 	.db #0x00	; 0
   0489 00                 1275 	.db #0x00	; 0
   048A 00                 1276 	.db #0x00	; 0
   048B 00                 1277 	.db #0x00	; 0
   048C 00                 1278 	.db #0x00	; 0
   048D 00                 1279 	.db #0x00	; 0
   048E 00                 1280 	.db #0x00	; 0
   048F 00                 1281 	.db #0x00	; 0
   0490 00                 1282 	.db #0x00	; 0
   0491 00                 1283 	.db 0x00
   0492 00                 1284 	.db 0x00
   0493                    1285 _explosion02002:
   0493 00                 1286 	.db #0x00	; 0
   0494 00                 1287 	.db #0x00	; 0
   0495 00                 1288 	.db #0x00	; 0
   0496 00                 1289 	.db #0x00	; 0
   0497 00                 1290 	.db #0x00	; 0
   0498 00                 1291 	.db #0x00	; 0
   0499 00                 1292 	.db #0x00	; 0
   049A 00                 1293 	.db #0x00	; 0
   049B 00                 1294 	.db #0x00	; 0
   049C 00                 1295 	.db #0x00	; 0
   049D 00                 1296 	.db #0x00	; 0
   049E 00                 1297 	.db #0x00	; 0
   049F 00                 1298 	.db #0x00	; 0
   04A0 14                 1299 	.db #0x14	; 20
   04A1 00                 1300 	.db #0x00	; 0
   04A2 00                 1301 	.db #0x00	; 0
   04A3 00                 1302 	.db #0x00	; 0
   04A4 00                 1303 	.db #0x00	; 0
   04A5 00                 1304 	.db #0x00	; 0
   04A6 00                 1305 	.db #0x00	; 0
   04A7 00                 1306 	.db #0x00	; 0
   04A8 28                 1307 	.db #0x28	; 40
   04A9 00                 1308 	.db #0x00	; 0
   04AA 00                 1309 	.db #0x00	; 0
   04AB 14                 1310 	.db #0x14	; 20
   04AC 3C                 1311 	.db #0x3C	; 60
   04AD 3C                 1312 	.db #0x3C	; 60
   04AE 00                 1313 	.db #0x00	; 0
   04AF 14                 1314 	.db #0x14	; 20
   04B0 78                 1315 	.db #0x78	; 120	'x'
   04B1 28                 1316 	.db #0x28	; 40
   04B2 00                 1317 	.db #0x00	; 0
   04B3 78                 1318 	.db #0x78	; 120	'x'
   04B4 38                 1319 	.db #0x38	; 56	'8'
   04B5 3C                 1320 	.db #0x3C	; 60
   04B6 28                 1321 	.db #0x28	; 40
   04B7 50                 1322 	.db #0x50	; 80	'P'
   04B8 3C                 1323 	.db #0x3C	; 60
   04B9 B4                 1324 	.db #0xB4	; 180
   04BA 00                 1325 	.db #0x00	; 0
   04BB 14                 1326 	.db #0x14	; 20
   04BC 34                 1327 	.db #0x34	; 52	'4'
   04BD 34                 1328 	.db #0x34	; 52	'4'
   04BE 00                 1329 	.db #0x00	; 0
   04BF 00                 1330 	.db #0x00	; 0
   04C0 3C                 1331 	.db #0x3C	; 60
   04C1 3C                 1332 	.db #0x3C	; 60
   04C2 00                 1333 	.db #0x00	; 0
   04C3 00                 1334 	.db #0x00	; 0
   04C4 3C                 1335 	.db #0x3C	; 60
   04C5 00                 1336 	.db #0x00	; 0
   04C6 00                 1337 	.db #0x00	; 0
   04C7 00                 1338 	.db #0x00	; 0
   04C8 00                 1339 	.db #0x00	; 0
   04C9 00                 1340 	.db #0x00	; 0
   04CA 00                 1341 	.db #0x00	; 0
   04CB 00                 1342 	.db #0x00	; 0
   04CC 00                 1343 	.db #0x00	; 0
   04CD 00                 1344 	.db #0x00	; 0
   04CE 00                 1345 	.db #0x00	; 0
   04CF 00                 1346 	.db #0x00	; 0
   04D0 00                 1347 	.db #0x00	; 0
   04D1 00                 1348 	.db #0x00	; 0
   04D2 00                 1349 	.db #0x00	; 0
   04D3 00                 1350 	.db 0x00
   04D4 00                 1351 	.db 0x00
   04D5                    1352 _explosion02003:
   04D5 04                 1353 	.db #0x04	; 4
   04D6 10                 1354 	.db #0x10	; 16
   04D7 00                 1355 	.db #0x00	; 0
   04D8 00                 1356 	.db #0x00	; 0
   04D9 00                 1357 	.db #0x00	; 0
   04DA 00                 1358 	.db #0x00	; 0
   04DB 00                 1359 	.db #0x00	; 0
   04DC 00                 1360 	.db #0x00	; 0
   04DD 00                 1361 	.db #0x00	; 0
   04DE 00                 1362 	.db #0x00	; 0
   04DF 00                 1363 	.db #0x00	; 0
   04E0 00                 1364 	.db #0x00	; 0
   04E1 00                 1365 	.db #0x00	; 0
   04E2 00                 1366 	.db #0x00	; 0
   04E3 00                 1367 	.db #0x00	; 0
   04E4 00                 1368 	.db #0x00	; 0
   04E5 00                 1369 	.db #0x00	; 0
   04E6 00                 1370 	.db #0x00	; 0
   04E7 00                 1371 	.db #0x00	; 0
   04E8 50                 1372 	.db #0x50	; 80	'P'
   04E9 00                 1373 	.db #0x00	; 0
   04EA 00                 1374 	.db #0x00	; 0
   04EB 00                 1375 	.db #0x00	; 0
   04EC 00                 1376 	.db #0x00	; 0
   04ED 10                 1377 	.db #0x10	; 16
   04EE 00                 1378 	.db #0x00	; 0
   04EF 00                 1379 	.db #0x00	; 0
   04F0 00                 1380 	.db #0x00	; 0
   04F1 00                 1381 	.db #0x00	; 0
   04F2 00                 1382 	.db #0x00	; 0
   04F3 00                 1383 	.db #0x00	; 0
   04F4 20                 1384 	.db #0x20	; 32
   04F5 00                 1385 	.db #0x00	; 0
   04F6 00                 1386 	.db #0x00	; 0
   04F7 50                 1387 	.db #0x50	; 80	'P'
   04F8 00                 1388 	.db #0x00	; 0
   04F9 10                 1389 	.db #0x10	; 16
   04FA 00                 1390 	.db #0x00	; 0
   04FB 00                 1391 	.db #0x00	; 0
   04FC 50                 1392 	.db #0x50	; 80	'P'
   04FD 00                 1393 	.db #0x00	; 0
   04FE 00                 1394 	.db #0x00	; 0
   04FF 00                 1395 	.db #0x00	; 0
   0500 00                 1396 	.db #0x00	; 0
   0501 00                 1397 	.db #0x00	; 0
   0502 A0                 1398 	.db #0xA0	; 160
   0503 00                 1399 	.db #0x00	; 0
   0504 00                 1400 	.db #0x00	; 0
   0505 20                 1401 	.db #0x20	; 32
   0506 00                 1402 	.db #0x00	; 0
   0507 00                 1403 	.db #0x00	; 0
   0508 A0                 1404 	.db #0xA0	; 160
   0509 00                 1405 	.db #0x00	; 0
   050A 00                 1406 	.db #0x00	; 0
   050B 00                 1407 	.db #0x00	; 0
   050C 00                 1408 	.db #0x00	; 0
   050D 50                 1409 	.db #0x50	; 80	'P'
   050E 00                 1410 	.db #0x00	; 0
   050F 00                 1411 	.db #0x00	; 0
   0510 00                 1412 	.db #0x00	; 0
   0511 00                 1413 	.db #0x00	; 0
   0512 00                 1414 	.db #0x00	; 0
   0513 00                 1415 	.db #0x00	; 0
   0514 00                 1416 	.db #0x00	; 0
   0515 00                 1417 	.db #0x00	; 0
   0516 00                 1418 	.db #0x00	; 0
   0517                    1419 _explosion02004:
   0517 00                 1420 	.db #0x00	; 0
   0518 00                 1421 	.db #0x00	; 0
   0519 00                 1422 	.db #0x00	; 0
   051A 00                 1423 	.db #0x00	; 0
   051B 00                 1424 	.db #0x00	; 0
   051C 00                 1425 	.db #0x00	; 0
   051D 00                 1426 	.db #0x00	; 0
   051E 00                 1427 	.db #0x00	; 0
   051F 00                 1428 	.db #0x00	; 0
   0520 00                 1429 	.db #0x00	; 0
   0521 00                 1430 	.db #0x00	; 0
   0522 00                 1431 	.db #0x00	; 0
   0523 00                 1432 	.db #0x00	; 0
   0524 00                 1433 	.db #0x00	; 0
   0525 00                 1434 	.db #0x00	; 0
   0526 00                 1435 	.db #0x00	; 0
   0527 00                 1436 	.db #0x00	; 0
   0528 00                 1437 	.db #0x00	; 0
   0529 00                 1438 	.db #0x00	; 0
   052A 00                 1439 	.db #0x00	; 0
   052B 00                 1440 	.db #0x00	; 0
   052C 00                 1441 	.db #0x00	; 0
   052D 00                 1442 	.db #0x00	; 0
   052E 00                 1443 	.db #0x00	; 0
   052F 00                 1444 	.db #0x00	; 0
   0530 00                 1445 	.db #0x00	; 0
   0531 00                 1446 	.db #0x00	; 0
   0532 00                 1447 	.db #0x00	; 0
   0533 00                 1448 	.db #0x00	; 0
   0534 00                 1449 	.db #0x00	; 0
   0535 00                 1450 	.db #0x00	; 0
   0536 00                 1451 	.db #0x00	; 0
   0537 00                 1452 	.db #0x00	; 0
   0538 00                 1453 	.db #0x00	; 0
   0539 00                 1454 	.db #0x00	; 0
   053A 00                 1455 	.db #0x00	; 0
   053B 00                 1456 	.db #0x00	; 0
   053C 00                 1457 	.db #0x00	; 0
   053D 00                 1458 	.db #0x00	; 0
   053E 00                 1459 	.db #0x00	; 0
   053F 00                 1460 	.db #0x00	; 0
   0540 00                 1461 	.db #0x00	; 0
   0541 00                 1462 	.db #0x00	; 0
   0542 00                 1463 	.db #0x00	; 0
   0543 00                 1464 	.db #0x00	; 0
   0544 00                 1465 	.db #0x00	; 0
   0545 00                 1466 	.db #0x00	; 0
   0546 00                 1467 	.db #0x00	; 0
   0547 00                 1468 	.db #0x00	; 0
   0548 00                 1469 	.db #0x00	; 0
   0549 00                 1470 	.db #0x00	; 0
   054A 00                 1471 	.db #0x00	; 0
   054B 00                 1472 	.db #0x00	; 0
   054C 00                 1473 	.db #0x00	; 0
   054D 00                 1474 	.db #0x00	; 0
   054E 00                 1475 	.db #0x00	; 0
   054F 00                 1476 	.db #0x00	; 0
   0550 00                 1477 	.db #0x00	; 0
   0551 00                 1478 	.db #0x00	; 0
   0552 00                 1479 	.db #0x00	; 0
   0553 00                 1480 	.db #0x00	; 0
   0554 00                 1481 	.db #0x00	; 0
   0555 00                 1482 	.db #0x00	; 0
   0556 00                 1483 	.db #0x00	; 0
   0557 00                 1484 	.db 0x00
   0558 00                 1485 	.db 0x00
   0559                    1486 _toque000:
   0559 02                 1487 	.db #0x02	; 2
   055A 08                 1488 	.db #0x08	; 8
   055B 40                 1489 	.db #0x40	; 64
   055C 80                 1490 	.db #0x80	; 128
   055D 00                 1491 	.db #0x00	; 0
   055E 00                 1492 	.db #0x00	; 0
   055F 00                 1493 	.db #0x00	; 0
   0560 00                 1494 	.db #0x00	; 0
   0561 00                 1495 	.db #0x00	; 0
   0562 00                 1496 	.db #0x00	; 0
   0563 00                 1497 	.db #0x00	; 0
   0564 00                 1498 	.db #0x00	; 0
   0565 00                 1499 	.db #0x00	; 0
   0566 00                 1500 	.db #0x00	; 0
   0567 00                 1501 	.db #0x00	; 0
   0568 00                 1502 	.db #0x00	; 0
   0569 00                 1503 	.db #0x00	; 0
   056A 00                 1504 	.db #0x00	; 0
   056B                    1505 _toque001:
   056B 40                 1506 	.db #0x40	; 64
   056C 80                 1507 	.db #0x80	; 128
   056D 00                 1508 	.db #0x00	; 0
   056E 00                 1509 	.db #0x00	; 0
   056F 40                 1510 	.db #0x40	; 64
   0570 00                 1511 	.db #0x00	; 0
   0571 00                 1512 	.db #0x00	; 0
   0572 80                 1513 	.db #0x80	; 128
   0573 40                 1514 	.db #0x40	; 64
   0574 40                 1515 	.db #0x40	; 64
   0575 00                 1516 	.db #0x00	; 0
   0576 00                 1517 	.db #0x00	; 0
   0577 00                 1518 	.db #0x00	; 0
   0578 00                 1519 	.db #0x00	; 0
   0579 00                 1520 	.db #0x00	; 0
   057A 00                 1521 	.db #0x00	; 0
   057B 00                 1522 	.db 0x00
   057C 00                 1523 	.db 0x00
   057D                    1524 _toque002:
   057D 00                 1525 	.db #0x00	; 0
   057E 00                 1526 	.db #0x00	; 0
   057F 00                 1527 	.db #0x00	; 0
   0580 00                 1528 	.db #0x00	; 0
   0581 00                 1529 	.db #0x00	; 0
   0582 00                 1530 	.db #0x00	; 0
   0583 00                 1531 	.db #0x00	; 0
   0584 00                 1532 	.db #0x00	; 0
   0585 40                 1533 	.db #0x40	; 64
   0586 00                 1534 	.db #0x00	; 0
   0587 80                 1535 	.db #0x80	; 128
   0588 80                 1536 	.db #0x80	; 128
   0589 00                 1537 	.db #0x00	; 0
   058A 40                 1538 	.db #0x40	; 64
   058B 00                 1539 	.db #0x00	; 0
   058C 00                 1540 	.db #0x00	; 0
   058D 00                 1541 	.db 0x00
   058E 00                 1542 	.db 0x00
   058F                    1543 _toque003:
   058F 00                 1544 	.db #0x00	; 0
   0590 00                 1545 	.db #0x00	; 0
   0591 00                 1546 	.db #0x00	; 0
   0592 00                 1547 	.db #0x00	; 0
   0593 00                 1548 	.db #0x00	; 0
   0594 00                 1549 	.db #0x00	; 0
   0595 00                 1550 	.db #0x00	; 0
   0596 00                 1551 	.db #0x00	; 0
   0597 00                 1552 	.db #0x00	; 0
   0598 00                 1553 	.db #0x00	; 0
   0599 00                 1554 	.db #0x00	; 0
   059A 00                 1555 	.db #0x00	; 0
   059B 80                 1556 	.db #0x80	; 128
   059C 00                 1557 	.db #0x00	; 0
   059D 00                 1558 	.db #0x00	; 0
   059E 40                 1559 	.db #0x40	; 64
   059F 00                 1560 	.db 0x00
   05A0 00                 1561 	.db 0x00
   05A1                    1562 _toque004:
   05A1 00                 1563 	.db #0x00	; 0
   05A2 00                 1564 	.db #0x00	; 0
   05A3 00                 1565 	.db #0x00	; 0
   05A4 00                 1566 	.db #0x00	; 0
   05A5 00                 1567 	.db #0x00	; 0
   05A6 00                 1568 	.db #0x00	; 0
   05A7 00                 1569 	.db #0x00	; 0
   05A8 00                 1570 	.db #0x00	; 0
   05A9 00                 1571 	.db #0x00	; 0
   05AA 00                 1572 	.db #0x00	; 0
   05AB 00                 1573 	.db #0x00	; 0
   05AC 00                 1574 	.db #0x00	; 0
   05AD 00                 1575 	.db #0x00	; 0
   05AE 00                 1576 	.db #0x00	; 0
   05AF 00                 1577 	.db #0x00	; 0
   05B0 00                 1578 	.db #0x00	; 0
   05B1 00                 1579 	.db 0x00
   05B2 00                 1580 	.db 0x00
                           1581 	.area _INITIALIZER
                           1582 	.area _CABS (ABS)
