                              1 ;--------------------------------------------------------
                              2 ; File Created by SDCC : free open source ANSI-C Compiler
                              3 ; Version 3.5.0 #9253 (Jul  5 2015) (Mac OS X x86_64)
                              4 ; This file was generated Mon Jul 20 23:27:27 2015
                              5 ;--------------------------------------------------------
                              6 	.module main
                              7 	.optsdcc -mz80
                              8 	
                              9 ;--------------------------------------------------------
                             10 ; Public variables in this module
                             11 ;--------------------------------------------------------
                             12 	.globl _main
                             13 	.globl _initialization
                             14 	.globl _draw_scoreboard
                             15 	.globl _set_color
                             16 	.globl _letras_rojas
                             17 	.globl _letras_azules
                             18 	.globl _update_blocks
                             19 	.globl _clear_screen
                             20 	.globl _draw_blocks
                             21 	.globl _changeVideoMemoryPage
                             22 	.globl _timer_on
                             23 	.globl _set_stack
                             24 	.globl _cpc_SetInkGphStr
                             25 	.globl _cpc_PrintGphStr
                             26 	.globl _update_stars
                             27 	.globl _draw_stars
                             28 	.globl _init_stars
                             29 	.globl _draw_explosions
                             30 	.globl _update_explosions
                             31 	.globl _init_explosions
                             32 	.globl _draw_user
                             33 	.globl _update_user
                             34 	.globl _init_user
                             35 	.globl _draw_enemies
                             36 	.globl _update_enemies
                             37 	.globl _init_enemies
                             38 	.globl _draw_shoots
                             39 	.globl _update_shoots
                             40 	.globl _init_shoots
                             41 	.globl _cpct_getScreenPtr
                             42 	.globl _cpct_setVideoMemoryPage
                             43 	.globl _cpct_setPALColour
                             44 	.globl _cpct_setPalette
                             45 	.globl _cpct_fw2hw
                             46 	.globl _cpct_waitVSYNC
                             47 	.globl _cpct_setVideoMode
                             48 	.globl _cpct_drawSolidBox
                             49 	.globl _cpct_px2byteM0
                             50 	.globl _cpct_memset
                             51 	.globl _aux_txt
                             52 	.globl _pvmem
                             53 	.globl _block02
                             54 	.globl _block01
                             55 ;--------------------------------------------------------
                             56 ; special function registers
                             57 ;--------------------------------------------------------
                             58 ;--------------------------------------------------------
                             59 ; ram data
                             60 ;--------------------------------------------------------
                             61 	.area _DATA
   0000                      62 _block01::
   0000                      63 	.ds 7
   0007                      64 _block02::
   0007                      65 	.ds 7
   000E                      66 _pvmem::
   000E                      67 	.ds 2
   0010                      68 _aux_txt::
   0010                      69 	.ds 40
   0038                      70 _changeVideoMemoryPage_page_1_83:
   0038                      71 	.ds 1
                             72 ;--------------------------------------------------------
                             73 ; ram data
                             74 ;--------------------------------------------------------
                             75 	.area _INITIALIZED
                             76 ;--------------------------------------------------------
                             77 ; absolute external ram data
                             78 ;--------------------------------------------------------
                             79 	.area _DABS (ABS)
                             80 ;--------------------------------------------------------
                             81 ; global & static initialisations
                             82 ;--------------------------------------------------------
                             83 	.area _HOME
                             84 	.area _GSINIT
                             85 	.area _GSFINAL
                             86 	.area _GSINIT
                             87 ;src/main.c:50: static u8 page   = 0;   // Static value to remember the last page shown (0 = page 40, 1 = page C0)
   0000 FD 21r38r00   [14]   88 	ld	iy,#_changeVideoMemoryPage_page_1_83
   0004 FD 36 00 00   [19]   89 	ld	0 (iy),#0x00
                             90 ;--------------------------------------------------------
                             91 ; Home
                             92 ;--------------------------------------------------------
                             93 	.area _HOME
                             94 	.area _HOME
                             95 ;--------------------------------------------------------
                             96 ; code
                             97 ;--------------------------------------------------------
                             98 	.area _CODE
                             99 ;src/main.c:49: u8* changeVideoMemoryPage() {
                            100 ;	---------------------------------
                            101 ; Function changeVideoMemoryPage
                            102 ; ---------------------------------
   0000                     103 _changeVideoMemoryPage::
                            104 ;src/main.c:55: if (page) {
   0000 3Ar38r00      [13]  105 	ld	a,(#_changeVideoMemoryPage_page_1_83 + 0)
   0003 B7            [ 4]  106 	or	a, a
   0004 28 11         [12]  107 	jr	Z,00102$
                            108 ;src/main.c:56: cpct_setVideoMemoryPage(cpct_pageC0);  // Set video memory at banck 3 (0xC000 - 0xFFFF)
   0006 3E 30         [ 7]  109 	ld	a,#0x30
   0008 F5            [11]  110 	push	af
   0009 33            [ 6]  111 	inc	sp
   000A CDr00r00      [17]  112 	call	_cpct_setVideoMemoryPage
   000D 33            [ 6]  113 	inc	sp
                            114 ;src/main.c:57: page = 0;  
   000E 21r38r00      [10]  115 	ld	hl,#_changeVideoMemoryPage_page_1_83 + 0
   0011 36 00         [10]  116 	ld	(hl), #0x00
                            117 ;src/main.c:58: screen = SCR_BUFF;                            // Next page = 0
   0013 21 00 80      [10]  118 	ld	hl,#0x8000
   0016 C9            [10]  119 	ret
   0017                     120 00102$:
                            121 ;src/main.c:60: cpct_setVideoMemoryPage(cpct_page80);  // Set video memory at banck 1 (0x8000 - 0x7FFF)
   0017 3E 20         [ 7]  122 	ld	a,#0x20
   0019 F5            [11]  123 	push	af
   001A 33            [ 6]  124 	inc	sp
   001B CDr00r00      [17]  125 	call	_cpct_setVideoMemoryPage
   001E 33            [ 6]  126 	inc	sp
                            127 ;src/main.c:61: page = 1;                              // Next page = 1
   001F 21r38r00      [10]  128 	ld	hl,#_changeVideoMemoryPage_page_1_83 + 0
   0022 36 01         [10]  129 	ld	(hl), #0x01
                            130 ;src/main.c:62: screen = SCR_VMEM;
   0024 21 00 C0      [10]  131 	ld	hl,#0xC000
                            132 ;src/main.c:64: return screen;
   0027 C9            [10]  133 	ret
                            134 ;src/main.c:72: void draw_blocks(u8* screen){
                            135 ;	---------------------------------
                            136 ; Function draw_blocks
                            137 ; ---------------------------------
   0028                     138 _draw_blocks::
   0028 DD E5         [15]  139 	push	ix
   002A DD 21 00 00   [14]  140 	ld	ix,#0
   002E DD 39         [15]  141 	add	ix,sp
   0030 3B            [ 6]  142 	dec	sp
                            143 ;src/main.c:75: pscreen = cpct_getScreenPtr(screen, block01.x, block01.y);
   0031 21r01r00      [10]  144 	ld	hl, #_block01 + 1
   0034 4E            [ 7]  145 	ld	c,(hl)
   0035 21r00r00      [10]  146 	ld	hl, #_block01 + 0
   0038 66            [ 7]  147 	ld	h,(hl)
   0039 DD 5E 04      [19]  148 	ld	e,4 (ix)
   003C DD 56 05      [19]  149 	ld	d,5 (ix)
   003F 79            [ 4]  150 	ld	a,c
   0040 F5            [11]  151 	push	af
   0041 33            [ 6]  152 	inc	sp
   0042 E5            [11]  153 	push	hl
   0043 33            [ 6]  154 	inc	sp
   0044 D5            [11]  155 	push	de
   0045 CDr00r00      [17]  156 	call	_cpct_getScreenPtr
   0048 F1            [10]  157 	pop	af
   0049 F1            [10]  158 	pop	af
   004A 5D            [ 4]  159 	ld	e, l
   004B 54            [ 4]  160 	ld	d, h
                            161 ;src/main.c:76: cpct_drawSolidBox(pscreen, cpct_px2byteM0(4, 4), block01.w, block01.h);
   004C 21r05r00      [10]  162 	ld	hl, #_block01 + 5
   004F 4E            [ 7]  163 	ld	c,(hl)
   0050 21r04r00      [10]  164 	ld	hl, #_block01 + 4
   0053 46            [ 7]  165 	ld	b,(hl)
   0054 C5            [11]  166 	push	bc
   0055 D5            [11]  167 	push	de
   0056 21 04 04      [10]  168 	ld	hl,#0x0404
   0059 E5            [11]  169 	push	hl
   005A CDr00r00      [17]  170 	call	_cpct_px2byteM0
   005D F1            [10]  171 	pop	af
   005E DD 75 FF      [19]  172 	ld	-1 (ix),l
   0061 D1            [10]  173 	pop	de
   0062 C1            [10]  174 	pop	bc
   0063 79            [ 4]  175 	ld	a,c
   0064 F5            [11]  176 	push	af
   0065 33            [ 6]  177 	inc	sp
   0066 C5            [11]  178 	push	bc
   0067 33            [ 6]  179 	inc	sp
   0068 DD 7E FF      [19]  180 	ld	a,-1 (ix)
   006B F5            [11]  181 	push	af
   006C 33            [ 6]  182 	inc	sp
   006D D5            [11]  183 	push	de
   006E CDr00r00      [17]  184 	call	_cpct_drawSolidBox
   0071 F1            [10]  185 	pop	af
   0072 F1            [10]  186 	pop	af
   0073 33            [ 6]  187 	inc	sp
   0074 33            [ 6]  188 	inc	sp
   0075 DD E1         [14]  189 	pop	ix
   0077 C9            [10]  190 	ret
                            191 ;src/main.c:83: void clear_screen(u8* screen){
                            192 ;	---------------------------------
                            193 ; Function clear_screen
                            194 ; ---------------------------------
   0078                     195 _clear_screen::
                            196 ;src/main.c:84: cpct_memset(screen, 0x00, 0x4000);   
   0078 C1            [10]  197 	pop	bc
   0079 D1            [10]  198 	pop	de
   007A D5            [11]  199 	push	de
   007B C5            [11]  200 	push	bc
   007C 21 00 40      [10]  201 	ld	hl,#0x4000
   007F E5            [11]  202 	push	hl
   0080 AF            [ 4]  203 	xor	a, a
   0081 F5            [11]  204 	push	af
   0082 33            [ 6]  205 	inc	sp
   0083 D5            [11]  206 	push    de
   0084 CDr00r00      [17]  207 	call    _cpct_memset
   0087 C9            [10]  208 	ret
                            209 ;src/main.c:91: void update_blocks(){
                            210 ;	---------------------------------
                            211 ; Function update_blocks
                            212 ; ---------------------------------
   0088                     213 _update_blocks::
   0088 DD E5         [15]  214 	push	ix
   008A DD 21 00 00   [14]  215 	ld	ix,#0
   008E DD 39         [15]  216 	add	ix,sp
   0090 F5            [11]  217 	push	af
   0091 3B            [ 6]  218 	dec	sp
                            219 ;src/main.c:92: if (block01.vx<128){
   0092 01r00r00      [10]  220 	ld	bc,#_block01+0
   0095 21r02r00      [10]  221 	ld	hl, #(_block01 + 0x0002) + 0
   0098 7E            [ 7]  222 	ld	a,(hl)
   0099 DD 77 FF      [19]  223 	ld	-1 (ix),a
                            224 ;src/main.c:93: if ((block01.x+block01.vx)<(80-block01.w)){
   009C 0A            [ 7]  225 	ld	a,(bc)
                            226 ;src/main.c:94: block01.x = block01.x + block01.vx;
   009D 57            [ 4]  227 	ld	d,a
   009E DD 86 FF      [19]  228 	add	a, -1 (ix)
   00A1 5F            [ 4]  229 	ld	e,a
                            230 ;src/main.c:92: if (block01.vx<128){
   00A2 DD 7E FF      [19]  231 	ld	a,-1 (ix)
   00A5 D6 80         [ 7]  232 	sub	a, #0x80
   00A7 30 4E         [12]  233 	jr	NC,00108$
                            234 ;src/main.c:93: if ((block01.x+block01.vx)<(80-block01.w)){
   00A9 DD 72 FD      [19]  235 	ld	-3 (ix),d
   00AC DD 36 FE 00   [19]  236 	ld	-2 (ix),#0x00
   00B0 DD 66 FF      [19]  237 	ld	h,-1 (ix)
   00B3 2E 00         [ 7]  238 	ld	l,#0x00
   00B5 DD 7E FD      [19]  239 	ld	a,-3 (ix)
   00B8 84            [ 4]  240 	add	a, h
   00B9 DD 77 FD      [19]  241 	ld	-3 (ix),a
   00BC DD 7E FE      [19]  242 	ld	a,-2 (ix)
   00BF 8D            [ 4]  243 	adc	a, l
   00C0 DD 77 FE      [19]  244 	ld	-2 (ix),a
   00C3 21r04r00      [10]  245 	ld	hl, #_block01 + 4
   00C6 66            [ 7]  246 	ld	h,(hl)
   00C7 6C            [ 4]  247 	ld	l,h
   00C8 16 00         [ 7]  248 	ld	d,#0x00
   00CA 3E 50         [ 7]  249 	ld	a,#0x50
   00CC 95            [ 4]  250 	sub	a, l
   00CD 6F            [ 4]  251 	ld	l,a
   00CE 3E 00         [ 7]  252 	ld	a,#0x00
   00D0 9A            [ 4]  253 	sbc	a, d
   00D1 57            [ 4]  254 	ld	d,a
   00D2 DD 7E FD      [19]  255 	ld	a,-3 (ix)
   00D5 95            [ 4]  256 	sub	a, l
   00D6 DD 7E FE      [19]  257 	ld	a,-2 (ix)
   00D9 9A            [ 4]  258 	sbc	a, d
   00DA E2rDFr00      [10]  259 	jp	PO, 00124$
   00DD EE 80         [ 7]  260 	xor	a, #0x80
   00DF                     261 00124$:
   00DF F2rE6r00      [10]  262 	jp	P,00102$
                            263 ;src/main.c:94: block01.x = block01.x + block01.vx;
   00E2 7B            [ 4]  264 	ld	a,e
   00E3 02            [ 7]  265 	ld	(bc),a
   00E4 18 2D         [12]  266 	jr	00110$
   00E6                     267 00102$:
                            268 ;src/main.c:97: block01.x = 79-block01.w;
   00E6 3E 4F         [ 7]  269 	ld	a,#0x4F
   00E8 94            [ 4]  270 	sub	a, h
   00E9 02            [ 7]  271 	ld	(bc),a
                            272 ;src/main.c:98: block01.vx = - block01.vx;
   00EA 21r02r00      [10]  273 	ld	hl, #(_block01 + 0x0002) + 0
   00ED 66            [ 7]  274 	ld	h,(hl)
   00EE AF            [ 4]  275 	xor	a, a
   00EF 94            [ 4]  276 	sub	a, h
   00F0 57            [ 4]  277 	ld	d,a
   00F1 21r02r00      [10]  278 	ld	hl,#(_block01 + 0x0002)
   00F4 72            [ 7]  279 	ld	(hl),d
   00F5 18 1C         [12]  280 	jr	00110$
   00F7                     281 00108$:
                            282 ;src/main.c:101: if (( (i8) (block01.x+block01.vx))>0){
   00F7 6B            [ 4]  283 	ld	l,e
   00F8 AF            [ 4]  284 	xor	a, a
   00F9 95            [ 4]  285 	sub	a, l
   00FA E2rFFr00      [10]  286 	jp	PO, 00125$
   00FD EE 80         [ 7]  287 	xor	a, #0x80
   00FF                     288 00125$:
   00FF F2r06r01      [10]  289 	jp	P,00105$
                            290 ;src/main.c:102: block01.x = block01.x + block01.vx;
   0102 7B            [ 4]  291 	ld	a,e
   0103 02            [ 7]  292 	ld	(bc),a
   0104 18 0D         [12]  293 	jr	00110$
   0106                     294 00105$:
                            295 ;src/main.c:105: block01.x = 0;
   0106 AF            [ 4]  296 	xor	a, a
   0107 02            [ 7]  297 	ld	(bc),a
                            298 ;src/main.c:106: block01.vx = - block01.vx;
   0108 21r02r00      [10]  299 	ld	hl, #(_block01 + 0x0002) + 0
   010B 66            [ 7]  300 	ld	h,(hl)
   010C AF            [ 4]  301 	xor	a, a
   010D 94            [ 4]  302 	sub	a, h
   010E 57            [ 4]  303 	ld	d,a
   010F 21r02r00      [10]  304 	ld	hl,#(_block01 + 0x0002)
   0112 72            [ 7]  305 	ld	(hl),d
   0113                     306 00110$:
   0113 DD F9         [10]  307 	ld	sp, ix
   0115 DD E1         [14]  308 	pop	ix
   0117 C9            [10]  309 	ret
                            310 ;src/main.c:114: void letras_azules(){
                            311 ;	---------------------------------
                            312 ; Function letras_azules
                            313 ; ---------------------------------
   0118                     314 _letras_azules::
                            315 ;src/main.c:116: cpc_SetInkGphStr(0,0);
   0118 21 00 00      [10]  316 	ld	hl,#0x0000
   011B E5            [11]  317 	push	hl
   011C CDr00r00      [17]  318 	call	_cpc_SetInkGphStr
                            319 ;src/main.c:117: cpc_SetInkGphStr(1,42);
   011F 21 01 2A      [10]  320 	ld	hl, #0x2A01
   0122 E3            [19]  321 	ex	(sp),hl
   0123 CDr00r00      [17]  322 	call	_cpc_SetInkGphStr
                            323 ;src/main.c:118: cpc_SetInkGphStr(2,34);
   0126 21 02 22      [10]  324 	ld	hl, #0x2202
   0129 E3            [19]  325 	ex	(sp),hl
   012A CDr00r00      [17]  326 	call	_cpc_SetInkGphStr
                            327 ;src/main.c:119: cpc_SetInkGphStr(3,42);
   012D 21 03 2A      [10]  328 	ld	hl, #0x2A03
   0130 E3            [19]  329 	ex	(sp),hl
   0131 CDr00r00      [17]  330 	call	_cpc_SetInkGphStr
   0134 F1            [10]  331 	pop	af
   0135 C9            [10]  332 	ret
                            333 ;src/main.c:125: void letras_rojas(){
                            334 ;	---------------------------------
                            335 ; Function letras_rojas
                            336 ; ---------------------------------
   0136                     337 _letras_rojas::
                            338 ;src/main.c:127: cpc_SetInkGphStr(0,0);
   0136 21 00 00      [10]  339 	ld	hl,#0x0000
   0139 E5            [11]  340 	push	hl
   013A CDr00r00      [17]  341 	call	_cpc_SetInkGphStr
                            342 ;src/main.c:128: cpc_SetInkGphStr(1,40);
   013D 21 01 28      [10]  343 	ld	hl, #0x2801
   0140 E3            [19]  344 	ex	(sp),hl
   0141 CDr00r00      [17]  345 	call	_cpc_SetInkGphStr
                            346 ;src/main.c:129: cpc_SetInkGphStr(2,10);
   0144 21 02 0A      [10]  347 	ld	hl, #0x0A02
   0147 E3            [19]  348 	ex	(sp),hl
   0148 CDr00r00      [17]  349 	call	_cpc_SetInkGphStr
                            350 ;src/main.c:130: cpc_SetInkGphStr(3,40);
   014B 21 03 28      [10]  351 	ld	hl, #0x2803
   014E E3            [19]  352 	ex	(sp),hl
   014F CDr00r00      [17]  353 	call	_cpc_SetInkGphStr
   0152 F1            [10]  354 	pop	af
   0153 C9            [10]  355 	ret
                            356 ;src/main.c:137: void set_color (unsigned char fondo,unsigned char t){
                            357 ;	---------------------------------
                            358 ; Function set_color
                            359 ; ---------------------------------
   0154                     360 _set_color::
                            361 ;src/main.c:138: cpc_SetInkGphStr(0,fondo);
   0154 21 02 00      [10]  362 	ld	hl, #2+0
   0157 39            [11]  363 	add	hl, sp
   0158 7E            [ 7]  364 	ld	a, (hl)
   0159 F5            [11]  365 	push	af
   015A 33            [ 6]  366 	inc	sp
   015B AF            [ 4]  367 	xor	a, a
   015C F5            [11]  368 	push	af
   015D 33            [ 6]  369 	inc	sp
   015E CDr00r00      [17]  370 	call	_cpc_SetInkGphStr
   0161 F1            [10]  371 	pop	af
                            372 ;src/main.c:139: cpc_SetInkGphStr(1,t);
   0162 21 03 00      [10]  373 	ld	hl, #3+0
   0165 39            [11]  374 	add	hl, sp
   0166 56            [ 7]  375 	ld	d, (hl)
   0167 1E 01         [ 7]  376 	ld	e,#0x01
   0169 D5            [11]  377 	push	de
   016A CDr00r00      [17]  378 	call	_cpc_SetInkGphStr
   016D F1            [10]  379 	pop	af
                            380 ;src/main.c:140: cpc_SetInkGphStr(2,t);
   016E 21 03 00      [10]  381 	ld	hl, #3+0
   0171 39            [11]  382 	add	hl, sp
   0172 56            [ 7]  383 	ld	d, (hl)
   0173 1E 02         [ 7]  384 	ld	e,#0x02
   0175 D5            [11]  385 	push	de
   0176 CDr00r00      [17]  386 	call	_cpc_SetInkGphStr
   0179 F1            [10]  387 	pop	af
                            388 ;src/main.c:141: cpc_SetInkGphStr(3,t);
   017A 21 03 00      [10]  389 	ld	hl, #3+0
   017D 39            [11]  390 	add	hl, sp
   017E 56            [ 7]  391 	ld	d, (hl)
   017F 1E 03         [ 7]  392 	ld	e,#0x03
   0181 D5            [11]  393 	push	de
   0182 CDr00r00      [17]  394 	call	_cpc_SetInkGphStr
   0185 F1            [10]  395 	pop	af
   0186 C9            [10]  396 	ret
                            397 ;src/main.c:148: void draw_scoreboard(u8* screen){
                            398 ;	---------------------------------
                            399 ; Function draw_scoreboard
                            400 ; ---------------------------------
   0187                     401 _draw_scoreboard::
   0187 DD E5         [15]  402 	push	ix
   0189 DD 21 00 00   [14]  403 	ld	ix,#0
   018D DD 39         [15]  404 	add	ix,sp
                            405 ;src/main.c:150: cpc_PrintGphStr("00000000",(int) cpct_getScreenPtr(screen, 4, 8));
   018F DD 5E 04      [19]  406 	ld	e,4 (ix)
   0192 DD 56 05      [19]  407 	ld	d,5 (ix)
   0195 D5            [11]  408 	push	de
   0196 21 04 08      [10]  409 	ld	hl,#0x0804
   0199 E5            [11]  410 	push	hl
   019A D5            [11]  411 	push	de
   019B CDr00r00      [17]  412 	call	_cpct_getScreenPtr
   019E F1            [10]  413 	pop	af
   019F F1            [10]  414 	pop	af
   01A0 D1            [10]  415 	pop	de
   01A1 4D            [ 4]  416 	ld	c, l
   01A2 44            [ 4]  417 	ld	b, h
   01A3 21rC6r01      [10]  418 	ld	hl,#___str_0
   01A6 D5            [11]  419 	push	de
   01A7 C5            [11]  420 	push	bc
   01A8 E5            [11]  421 	push	hl
   01A9 CDr00r00      [17]  422 	call	_cpc_PrintGphStr
   01AC F1            [10]  423 	pop	af
   01AD F1            [10]  424 	pop	af
   01AE D1            [10]  425 	pop	de
                            426 ;src/main.c:151: cpc_PrintGphStr("00000000",(int) cpct_getScreenPtr(screen, 60, 8));
   01AF 21 3C 08      [10]  427 	ld	hl,#0x083C
   01B2 E5            [11]  428 	push	hl
   01B3 D5            [11]  429 	push	de
   01B4 CDr00r00      [17]  430 	call	_cpct_getScreenPtr
   01B7 F1            [10]  431 	pop	af
   01B8 F1            [10]  432 	pop	af
   01B9 11rC6r01      [10]  433 	ld	de,#___str_0
   01BC E5            [11]  434 	push	hl
   01BD D5            [11]  435 	push	de
   01BE CDr00r00      [17]  436 	call	_cpc_PrintGphStr
   01C1 F1            [10]  437 	pop	af
   01C2 F1            [10]  438 	pop	af
   01C3 DD E1         [14]  439 	pop	ix
   01C5 C9            [10]  440 	ret
   01C6                     441 ___str_0:
   01C6 30 30 30 30 30 30   442 	.ascii "00000000"
        30 30
   01CE 00                  443 	.db 0x00
                            444 ;src/main.c:160: void initialization(){
                            445 ;	---------------------------------
                            446 ; Function initialization
                            447 ; ---------------------------------
   01CF                     448 _initialization::
                            449 ;src/main.c:162: pvmem = SCR_BUFF;
   01CF 21 00 80      [10]  450 	ld	hl,#0x8000
   01D2 22r0Er00      [16]  451 	ld	(_pvmem),hl
                            452 ;src/main.c:165: init_stars();
   01D5 CDr00r00      [17]  453 	call	_init_stars
                            454 ;src/main.c:167: init_user();
   01D8 CDr00r00      [17]  455 	call	_init_user
                            456 ;src/main.c:168: init_shoots();
   01DB CDr00r00      [17]  457 	call	_init_shoots
                            458 ;src/main.c:169: init_enemies();
   01DE CDr00r00      [17]  459 	call	_init_enemies
                            460 ;src/main.c:170: init_explosions();
   01E1 CDr00r00      [17]  461 	call	_init_explosions
                            462 ;src/main.c:172: block01.x = 50;
   01E4 21r00r00      [10]  463 	ld	hl,#_block01+0
   01E7 36 32         [10]  464 	ld	(hl),#0x32
                            465 ;src/main.c:173: block01.y = 10;
   01E9 21r01r00      [10]  466 	ld	hl,#_block01 + 1
   01EC 36 0A         [10]  467 	ld	(hl),#0x0A
                            468 ;src/main.c:174: block01.vx = 2;
   01EE 21r02r00      [10]  469 	ld	hl,#_block01 + 2
   01F1 36 02         [10]  470 	ld	(hl),#0x02
                            471 ;src/main.c:175: block01.vy = 0;
   01F3 21r03r00      [10]  472 	ld	hl,#_block01 + 3
   01F6 36 00         [10]  473 	ld	(hl),#0x00
                            474 ;src/main.c:176: block01.w = 20;
   01F8 21r04r00      [10]  475 	ld	hl,#_block01 + 4
   01FB 36 14         [10]  476 	ld	(hl),#0x14
                            477 ;src/main.c:177: block01.h = 40;
   01FD 21r05r00      [10]  478 	ld	hl,#_block01 + 5
   0200 36 28         [10]  479 	ld	(hl),#0x28
                            480 ;src/main.c:179: block02.x = 15;
   0202 21r07r00      [10]  481 	ld	hl,#_block02+0
   0205 36 0F         [10]  482 	ld	(hl),#0x0F
                            483 ;src/main.c:180: block02.y = 15;
   0207 21r08r00      [10]  484 	ld	hl,#_block02 + 1
   020A 36 0F         [10]  485 	ld	(hl),#0x0F
                            486 ;src/main.c:181: block02.vx = 4;
   020C 21r09r00      [10]  487 	ld	hl,#_block02 + 2
   020F 36 04         [10]  488 	ld	(hl),#0x04
                            489 ;src/main.c:182: block02.vy = 0;
   0211 21r0Ar00      [10]  490 	ld	hl,#_block02 + 3
   0214 36 00         [10]  491 	ld	(hl),#0x00
                            492 ;src/main.c:183: block02.w = 25;
   0216 21r0Br00      [10]  493 	ld	hl,#_block02 + 4
   0219 36 19         [10]  494 	ld	(hl),#0x19
                            495 ;src/main.c:184: block02.h = 20;
   021B 21r0Cr00      [10]  496 	ld	hl,#_block02 + 5
   021E 36 14         [10]  497 	ld	(hl),#0x14
                            498 ;src/main.c:186: letras_azules();
   0220 C3r18r01      [10]  499 	jp    _letras_azules
                            500 ;src/main.c:194: void main(void) {
                            501 ;	---------------------------------
                            502 ; Function main
                            503 ; ---------------------------------
   0223                     504 _main::
                            505 ;src/main.c:197: set_stack(0x1000);
   0223 21 00 10      [10]  506 	ld	hl,#0x1000
   0226 E5            [11]  507 	push	hl
   0227 CDr00r00      [17]  508 	call	_set_stack
   022A F1            [10]  509 	pop	af
                            510 ;src/main.c:200: timer_on();
   022B CDr00r00      [17]  511 	call	_timer_on
                            512 ;src/main.c:201: cpct_fw2hw       (palette, 16);   // Convert Firmware colours to Hardware colours 
   022E 11r00r00      [10]  513 	ld	de,#_palette
   0231 3E 10         [ 7]  514 	ld	a,#0x10
   0233 F5            [11]  515 	push	af
   0234 33            [ 6]  516 	inc	sp
   0235 D5            [11]  517 	push	de
   0236 CDr00r00      [17]  518 	call	_cpct_fw2hw
   0239 F1            [10]  519 	pop	af
   023A 33            [ 6]  520 	inc	sp
                            521 ;src/main.c:202: cpct_setPalette  (palette, 16);   // Set up palette using hardware colours
   023B 11r00r00      [10]  522 	ld	de,#_palette
   023E 3E 10         [ 7]  523 	ld	a,#0x10
   0240 F5            [11]  524 	push	af
   0241 33            [ 6]  525 	inc	sp
   0242 D5            [11]  526 	push	de
   0243 CDr00r00      [17]  527 	call	_cpct_setPalette
   0246 F1            [10]  528 	pop	af
   0247 33            [ 6]  529 	inc	sp
                            530 ;src/main.c:203: cpct_setBorder   (palette[0]);    // Set up the border to the background colour (white)
   0248 3Ar00r00      [13]  531 	ld	a, (#_palette + 0)
   024B 57            [ 4]  532 	ld	d,a
   024C 1E 10         [ 7]  533 	ld	e,#0x10
   024E D5            [11]  534 	push	de
   024F CDr00r00      [17]  535 	call	_cpct_setPALColour
   0252 F1            [10]  536 	pop	af
                            537 ;src/main.c:204: cpct_setVideoMode(0);               // Change to Mode 0 (160x200, 16 colours)
   0253 AF            [ 4]  538 	xor	a, a
   0254 F5            [11]  539 	push	af
   0255 33            [ 6]  540 	inc	sp
   0256 CDr00r00      [17]  541 	call	_cpct_setVideoMode
   0259 33            [ 6]  542 	inc	sp
                            543 ;src/main.c:207: cpct_memset(SCR_VMEM, 0x00, 0x4000);
   025A 21 00 40      [10]  544 	ld	hl,#0x4000
   025D E5            [11]  545 	push	hl
   025E AF            [ 4]  546 	xor	a, a
   025F F5            [11]  547 	push	af
   0260 33            [ 6]  548 	inc	sp
   0261 26 C0         [ 7]  549 	ld	h, #0xC0
   0263 E5            [11]  550 	push	hl
   0264 CDr00r00      [17]  551 	call	_cpct_memset
                            552 ;src/main.c:208: cpct_memset(SCR_BUFF, 0x00, 0x4000);
   0267 21 00 40      [10]  553 	ld	hl,#0x4000
   026A E5            [11]  554 	push	hl
   026B AF            [ 4]  555 	xor	a, a
   026C F5            [11]  556 	push	af
   026D 33            [ 6]  557 	inc	sp
   026E 26 80         [ 7]  558 	ld	h, #0x80
   0270 E5            [11]  559 	push	hl
   0271 CDr00r00      [17]  560 	call	_cpct_memset
                            561 ;src/main.c:210: initialization(); 
   0274 CDrCFr01      [17]  562 	call	_initialization
                            563 ;src/main.c:213: while (1){
   0277                     564 00106$:
                            565 ;src/main.c:215: clear_screen(pvmem);
   0277 2Ar0Er00      [16]  566 	ld	hl,(_pvmem)
   027A E5            [11]  567 	push	hl
   027B CDr78r00      [17]  568 	call	_clear_screen
   027E F1            [10]  569 	pop	af
                            570 ;src/main.c:217: update_user();
   027F CDr00r00      [17]  571 	call	_update_user
                            572 ;src/main.c:218: update_shoots();
   0282 CDr00r00      [17]  573 	call	_update_shoots
                            574 ;src/main.c:219: update_blocks();
   0285 CDr88r00      [17]  575 	call	_update_blocks
                            576 ;src/main.c:220: update_enemies();
   0288 CDr00r00      [17]  577 	call	_update_enemies
                            578 ;src/main.c:221: update_explosions();
   028B CDr00r00      [17]  579 	call	_update_explosions
                            580 ;src/main.c:224: update_stars();
   028E CDr00r00      [17]  581 	call	_update_stars
                            582 ;src/main.c:229: draw_stars(pvmem);
   0291 2Ar0Er00      [16]  583 	ld	hl,(_pvmem)
   0294 E5            [11]  584 	push	hl
   0295 CDr00r00      [17]  585 	call	_draw_stars
   0298 F1            [10]  586 	pop	af
                            587 ;src/main.c:231: draw_blocks(pvmem);
   0299 2Ar0Er00      [16]  588 	ld	hl,(_pvmem)
   029C E5            [11]  589 	push	hl
   029D CDr28r00      [17]  590 	call	_draw_blocks
   02A0 F1            [10]  591 	pop	af
                            592 ;src/main.c:232: draw_user(pvmem);
   02A1 2Ar0Er00      [16]  593 	ld	hl,(_pvmem)
   02A4 E5            [11]  594 	push	hl
   02A5 CDr00r00      [17]  595 	call	_draw_user
   02A8 F1            [10]  596 	pop	af
                            597 ;src/main.c:233: draw_shoots(pvmem);
   02A9 2Ar0Er00      [16]  598 	ld	hl,(_pvmem)
   02AC E5            [11]  599 	push	hl
   02AD CDr00r00      [17]  600 	call	_draw_shoots
   02B0 F1            [10]  601 	pop	af
                            602 ;src/main.c:234: draw_enemies(pvmem);
   02B1 2Ar0Er00      [16]  603 	ld	hl,(_pvmem)
   02B4 E5            [11]  604 	push	hl
   02B5 CDr00r00      [17]  605 	call	_draw_enemies
   02B8 F1            [10]  606 	pop	af
                            607 ;src/main.c:235: draw_explosions(pvmem);
   02B9 2Ar0Er00      [16]  608 	ld	hl,(_pvmem)
   02BC E5            [11]  609 	push	hl
   02BD CDr00r00      [17]  610 	call	_draw_explosions
   02C0 F1            [10]  611 	pop	af
                            612 ;src/main.c:237: draw_scoreboard(pvmem);
   02C1 2Ar0Er00      [16]  613 	ld	hl,(_pvmem)
   02C4 E5            [11]  614 	push	hl
   02C5 CDr87r01      [17]  615 	call	_draw_scoreboard
   02C8 F1            [10]  616 	pop	af
                            617 ;src/main.c:240: cpct_waitVSYNC(); 
   02C9 CDr00r00      [17]  618 	call	_cpct_waitVSYNC
                            619 ;src/main.c:242: pvmem = changeVideoMemoryPage();
   02CC CDr00r00      [17]  620 	call	_changeVideoMemoryPage
   02CF 22r0Er00      [16]  621 	ld	(_pvmem),hl
                            622 ;src/main.c:247: timer_off();
   02D2 18 A3         [12]  623 	jr	00106$
                            624 	.area _CODE
                            625 	.area _INITIALIZER
                            626 	.area _CABS (ABS)
