                              1 ;--------------------------------------------------------
                              2 ; File Created by SDCC : free open source ANSI-C Compiler
                              3 ; Version 3.5.0 #9253 (Aug  4 2015) (Mac OS X x86_64)
                              4 ; This file was generated Sun Aug 16 01:00:18 2015
                              5 ;--------------------------------------------------------
                              6 	.module explosions
                              7 	.optsdcc -mz80
                              8 	
                              9 ;--------------------------------------------------------
                             10 ; Public variables in this module
                             11 ;--------------------------------------------------------
                             12 	.globl _get_time
                             13 	.globl _cpct_getScreenPtr
                             14 	.globl _cpct_drawSprite
                             15 	.globl _explosiones_lastUpdated
                             16 	.globl _explosion_sprite
                             17 	.globl _explosiones_activas
                             18 	.globl _explosiones
                             19 	.globl _init_explosions
                             20 	.globl _create_explosion
                             21 	.globl _update_explosions
                             22 	.globl _draw_explosions
                             23 ;--------------------------------------------------------
                             24 ; special function registers
                             25 ;--------------------------------------------------------
                             26 ;--------------------------------------------------------
                             27 ; ram data
                             28 ;--------------------------------------------------------
                             29 	.area _DATA
   0000                      30 _explosiones::
   0000                      31 	.ds 480
   01E0                      32 _explosiones_activas::
   01E0                      33 	.ds 1
   01E1                      34 _explosion_sprite::
   01E1                      35 	.ds 16
   01F1                      36 _explosiones_lastUpdated::
   01F1                      37 	.ds 4
                             38 ;--------------------------------------------------------
                             39 ; ram data
                             40 ;--------------------------------------------------------
                             41 	.area _INITIALIZED
                             42 ;--------------------------------------------------------
                             43 ; absolute external ram data
                             44 ;--------------------------------------------------------
                             45 	.area _DABS (ABS)
                             46 ;--------------------------------------------------------
                             47 ; global & static initialisations
                             48 ;--------------------------------------------------------
                             49 	.area _HOME
                             50 	.area _GSINIT
                             51 	.area _GSFINAL
                             52 	.area _GSINIT
                             53 ;--------------------------------------------------------
                             54 ; Home
                             55 ;--------------------------------------------------------
                             56 	.area _HOME
                             57 	.area _HOME
                             58 ;--------------------------------------------------------
                             59 ; code
                             60 ;--------------------------------------------------------
                             61 	.area _CODE
                             62 ;src/entities/explosions.c:20: void init_explosions(){
                             63 ;	---------------------------------
                             64 ; Function init_explosions
                             65 ; ---------------------------------
   0000                      66 _init_explosions::
                             67 ;src/entities/explosions.c:23: for (i=0;i<MAX_EXPLOSIONES;i++){
   0000 16 00         [ 7]   68 	ld	d,#0x00
   0002                      69 00102$:
                             70 ;src/entities/explosions.c:24: explosiones[i].activo=0;
   0002 6A            [ 4]   71 	ld	l,d
   0003 26 00         [ 7]   72 	ld	h,#0x00
   0005 29            [11]   73 	add	hl, hl
   0006 29            [11]   74 	add	hl, hl
   0007 29            [11]   75 	add	hl, hl
   0008 29            [11]   76 	add	hl, hl
   0009 3Er00         [ 7]   77 	ld	a,#<(_explosiones)
   000B 85            [ 4]   78 	add	a, l
   000C 4F            [ 4]   79 	ld	c,a
   000D 3Es00         [ 7]   80 	ld	a,#>(_explosiones)
   000F 8C            [ 4]   81 	adc	a, h
   0010 47            [ 4]   82 	ld	b,a
   0011 69            [ 4]   83 	ld	l, c
   0012 60            [ 4]   84 	ld	h, b
   0013 23            [ 6]   85 	inc	hl
   0014 23            [ 6]   86 	inc	hl
   0015 36 00         [10]   87 	ld	(hl),#0x00
                             88 ;src/entities/explosions.c:25: explosiones[i].tipo=0;
   0017 AF            [ 4]   89 	xor	a, a
   0018 02            [ 7]   90 	ld	(bc),a
                             91 ;src/entities/explosions.c:26: explosiones[i].fase=0;
   0019 69            [ 4]   92 	ld	l, c
   001A 60            [ 4]   93 	ld	h, b
   001B 23            [ 6]   94 	inc	hl
   001C 36 00         [10]   95 	ld	(hl),#0x00
                             96 ;src/entities/explosions.c:27: explosiones[i].x=0;
   001E 69            [ 4]   97 	ld	l, c
   001F 60            [ 4]   98 	ld	h, b
   0020 23            [ 6]   99 	inc	hl
   0021 23            [ 6]  100 	inc	hl
   0022 23            [ 6]  101 	inc	hl
   0023 36 00         [10]  102 	ld	(hl),#0x00
                            103 ;src/entities/explosions.c:28: explosiones[i].y=0;
   0025 21 04 00      [10]  104 	ld	hl,#0x0004
   0028 09            [11]  105 	add	hl,bc
   0029 36 00         [10]  106 	ld	(hl),#0x00
                            107 ;src/entities/explosions.c:29: explosiones[i].h=0;
   002B 21 05 00      [10]  108 	ld	hl,#0x0005
   002E 09            [11]  109 	add	hl,bc
   002F 36 00         [10]  110 	ld	(hl),#0x00
                            111 ;src/entities/explosions.c:30: explosiones[i].w=0;
   0031 21 06 00      [10]  112 	ld	hl,#0x0006
   0034 09            [11]  113 	add	hl,bc
   0035 36 00         [10]  114 	ld	(hl),#0x00
                            115 ;src/entities/explosions.c:31: explosiones[i].last_moved=0;
   0037 21 0C 00      [10]  116 	ld	hl,#0x000C
   003A 09            [11]  117 	add	hl,bc
   003B AF            [ 4]  118 	xor	a, a
   003C 77            [ 7]  119 	ld	(hl), a
   003D 23            [ 6]  120 	inc	hl
   003E 77            [ 7]  121 	ld	(hl), a
   003F 23            [ 6]  122 	inc	hl
   0040 AF            [ 4]  123 	xor	a, a
   0041 77            [ 7]  124 	ld	(hl), a
   0042 23            [ 6]  125 	inc	hl
   0043 77            [ 7]  126 	ld	(hl), a
                            127 ;src/entities/explosions.c:23: for (i=0;i<MAX_EXPLOSIONES;i++){
   0044 14            [ 4]  128 	inc	d
   0045 7A            [ 4]  129 	ld	a,d
   0046 D6 1E         [ 7]  130 	sub	a, #0x1E
   0048 38 B8         [12]  131 	jr	C,00102$
                            132 ;src/entities/explosions.c:33: explosiones_activas=0;
   004A 21rE0r01      [10]  133 	ld	hl,#_explosiones_activas + 0
   004D 36 00         [10]  134 	ld	(hl), #0x00
                            135 ;src/entities/explosions.c:34: explosion_sprite[0][0]= (u8*) explosion02000;
   004F 21r00r00      [10]  136 	ld	hl,#_explosion02000
   0052 22rE1r01      [16]  137 	ld	(_explosion_sprite), hl
                            138 ;src/entities/explosions.c:35: explosion_sprite[0][1]= (u8*) explosion02001;
   0055 21r00r00      [10]  139 	ld	hl,#_explosion02001
   0058 22rE3r01      [16]  140 	ld	((_explosion_sprite + 0x0002)), hl
                            141 ;src/entities/explosions.c:36: explosion_sprite[0][2]= (u8*) explosion02002;
   005B 21r00r00      [10]  142 	ld	hl,#_explosion02002
   005E 22rE5r01      [16]  143 	ld	((_explosion_sprite + 0x0004)), hl
                            144 ;src/entities/explosions.c:37: explosion_sprite[0][3]= (u8*) explosion02003;
   0061 21r00r00      [10]  145 	ld	hl,#_explosion02003
   0064 22rE7r01      [16]  146 	ld	((_explosion_sprite + 0x0006)), hl
                            147 ;src/entities/explosions.c:38: explosion_sprite[1][0]= (u8*) toque000;
   0067 21r00r00      [10]  148 	ld	hl,#_toque000
   006A 22rE9r01      [16]  149 	ld	((_explosion_sprite + 0x0008)), hl
                            150 ;src/entities/explosions.c:39: explosion_sprite[1][1]= (u8*) toque001;
   006D 21r00r00      [10]  151 	ld	hl,#_toque001
   0070 22rEBr01      [16]  152 	ld	((_explosion_sprite + 0x000a)), hl
                            153 ;src/entities/explosions.c:40: explosion_sprite[1][2]= (u8*) toque002;
   0073 21r00r00      [10]  154 	ld	hl,#_toque002
   0076 22rEDr01      [16]  155 	ld	((_explosion_sprite + 0x000c)), hl
                            156 ;src/entities/explosions.c:41: explosion_sprite[1][3]= (u8*) toque003;
   0079 21r00r00      [10]  157 	ld	hl,#_toque003
   007C 22rEFr01      [16]  158 	ld	((_explosion_sprite + 0x000e)), hl
   007F C9            [10]  159 	ret
                            160 ;src/entities/explosions.c:47: void create_explosion(u8 x, u8 y, u8 tipo){
                            161 ;	---------------------------------
                            162 ; Function create_explosion
                            163 ; ---------------------------------
   0080                     164 _create_explosion::
   0080 DD E5         [15]  165 	push	ix
   0082 DD 21 00 00   [14]  166 	ld	ix,#0
   0086 DD 39         [15]  167 	add	ix,sp
   0088 F5            [11]  168 	push	af
                            169 ;src/entities/explosions.c:50: while (explosiones[i].activo==1) { 
   0089 01r00r00      [10]  170 	ld	bc,#_explosiones+0
   008C 1E 00         [ 7]  171 	ld	e,#0x00
   008E                     172 00101$:
   008E 6B            [ 4]  173 	ld	l,e
   008F 26 00         [ 7]  174 	ld	h,#0x00
   0091 29            [11]  175 	add	hl, hl
   0092 29            [11]  176 	add	hl, hl
   0093 29            [11]  177 	add	hl, hl
   0094 29            [11]  178 	add	hl, hl
   0095 09            [11]  179 	add	hl,bc
   0096 E3            [19]  180 	ex	(sp), hl
   0097 E1            [10]  181 	pop	hl
   0098 E5            [11]  182 	push	hl
   0099 23            [ 6]  183 	inc	hl
   009A 23            [ 6]  184 	inc	hl
   009B 7E            [ 7]  185 	ld	a,(hl)
   009C 3D            [ 4]  186 	dec	a
   009D 20 03         [12]  187 	jr	NZ,00103$
                            188 ;src/entities/explosions.c:51: i++;
   009F 1C            [ 4]  189 	inc	e
   00A0 18 EC         [12]  190 	jr	00101$
   00A2                     191 00103$:
                            192 ;src/entities/explosions.c:53: explosiones[i].activo=1;
   00A2 36 01         [10]  193 	ld	(hl),#0x01
                            194 ;src/entities/explosions.c:54: explosiones[i].tipo=tipo;
   00A4 E1            [10]  195 	pop	hl
   00A5 E5            [11]  196 	push	hl
   00A6 DD 7E 06      [19]  197 	ld	a,6 (ix)
   00A9 77            [ 7]  198 	ld	(hl),a
                            199 ;src/entities/explosions.c:55: explosiones[i].fase=0;
   00AA E1            [10]  200 	pop	hl
   00AB E5            [11]  201 	push	hl
   00AC 23            [ 6]  202 	inc	hl
   00AD 36 00         [10]  203 	ld	(hl),#0x00
                            204 ;src/entities/explosions.c:56: explosiones[i].x=x;
   00AF E1            [10]  205 	pop	hl
   00B0 E5            [11]  206 	push	hl
   00B1 23            [ 6]  207 	inc	hl
   00B2 23            [ 6]  208 	inc	hl
   00B3 23            [ 6]  209 	inc	hl
   00B4 DD 7E 04      [19]  210 	ld	a,4 (ix)
   00B7 77            [ 7]  211 	ld	(hl),a
                            212 ;src/entities/explosions.c:57: explosiones[i].y=y;
   00B8 DD 7E FE      [19]  213 	ld	a,-2 (ix)
   00BB C6 04         [ 7]  214 	add	a, #0x04
   00BD 6F            [ 4]  215 	ld	l,a
   00BE DD 7E FF      [19]  216 	ld	a,-1 (ix)
   00C1 CE 00         [ 7]  217 	adc	a, #0x00
   00C3 67            [ 4]  218 	ld	h,a
   00C4 DD 7E 05      [19]  219 	ld	a,5 (ix)
   00C7 77            [ 7]  220 	ld	(hl),a
                            221 ;src/entities/explosions.c:60: explosiones[i].h=16;
   00C8 DD 7E FE      [19]  222 	ld	a,-2 (ix)
   00CB C6 05         [ 7]  223 	add	a, #0x05
   00CD 6F            [ 4]  224 	ld	l,a
   00CE DD 7E FF      [19]  225 	ld	a,-1 (ix)
   00D1 CE 00         [ 7]  226 	adc	a, #0x00
   00D3 67            [ 4]  227 	ld	h,a
                            228 ;src/entities/explosions.c:61: explosiones[i].w=4;
   00D4 DD 7E FE      [19]  229 	ld	a,-2 (ix)
   00D7 C6 06         [ 7]  230 	add	a, #0x06
   00D9 5F            [ 4]  231 	ld	e,a
   00DA DD 7E FF      [19]  232 	ld	a,-1 (ix)
   00DD CE 00         [ 7]  233 	adc	a, #0x00
   00DF 57            [ 4]  234 	ld	d,a
                            235 ;src/entities/explosions.c:59: if (!tipo){
   00E0 DD 7E 06      [19]  236 	ld	a,6 (ix)
   00E3 B7            [ 4]  237 	or	a, a
   00E4 20 07         [12]  238 	jr	NZ,00105$
                            239 ;src/entities/explosions.c:60: explosiones[i].h=16;
   00E6 36 10         [10]  240 	ld	(hl),#0x10
                            241 ;src/entities/explosions.c:61: explosiones[i].w=4;
   00E8 3E 04         [ 7]  242 	ld	a,#0x04
   00EA 12            [ 7]  243 	ld	(de),a
   00EB 18 05         [12]  244 	jr	00106$
   00ED                     245 00105$:
                            246 ;src/entities/explosions.c:63: explosiones[i].h=8;
   00ED 36 08         [10]  247 	ld	(hl),#0x08
                            248 ;src/entities/explosions.c:64: explosiones[i].w=2;
   00EF 3E 02         [ 7]  249 	ld	a,#0x02
   00F1 12            [ 7]  250 	ld	(de),a
   00F2                     251 00106$:
                            252 ;src/entities/explosions.c:66: explosiones_activas++;
   00F2 21rE0r01      [10]  253 	ld	hl, #_explosiones_activas+0
   00F5 34            [11]  254 	inc	(hl)
   00F6 DD F9         [10]  255 	ld	sp, ix
   00F8 DD E1         [14]  256 	pop	ix
   00FA C9            [10]  257 	ret
                            258 ;src/entities/explosions.c:73: void update_explosions(){
                            259 ;	---------------------------------
                            260 ; Function update_explosions
                            261 ; ---------------------------------
   00FB                     262 _update_explosions::
   00FB DD E5         [15]  263 	push	ix
   00FD DD 21 00 00   [14]  264 	ld	ix,#0
   0101 DD 39         [15]  265 	add	ix,sp
   0103 21 F8 FF      [10]  266 	ld	hl,#-8
   0106 39            [11]  267 	add	hl,sp
   0107 F9            [ 6]  268 	ld	sp,hl
                            269 ;src/entities/explosions.c:75: if ((explosiones_activas>0)&&((get_time()-explosiones_lastUpdated>EXPLOSIONS_SPEED))){
   0108 3ArE0r01      [13]  270 	ld	a,(#_explosiones_activas + 0)
   010B B7            [ 4]  271 	or	a, a
   010C CAr93r01      [10]  272 	jp	Z,00112$
   010F CDr00r00      [17]  273 	call	_get_time
   0112 DD 72 FB      [19]  274 	ld	-5 (ix),d
   0115 DD 73 FA      [19]  275 	ld	-6 (ix),e
   0118 DD 74 F9      [19]  276 	ld	-7 (ix),h
   011B DD 75 F8      [19]  277 	ld	-8 (ix),l
   011E 21 04 00      [10]  278 	ld	hl, #4
   0121 39            [11]  279 	add	hl, sp
   0122 EB            [ 4]  280 	ex	de, hl
   0123 21rF1r01      [10]  281 	ld	hl, #_explosiones_lastUpdated
   0126 01 04 00      [10]  282 	ld	bc, #4
   0129 ED B0         [21]  283 	ldir
   012B DD 7E F8      [19]  284 	ld	a,-8 (ix)
   012E DD 96 FC      [19]  285 	sub	a, -4 (ix)
   0131 67            [ 4]  286 	ld	h,a
   0132 DD 7E F9      [19]  287 	ld	a,-7 (ix)
   0135 DD 9E FD      [19]  288 	sbc	a, -3 (ix)
   0138 6F            [ 4]  289 	ld	l,a
   0139 DD 7E FA      [19]  290 	ld	a,-6 (ix)
   013C DD 9E FE      [19]  291 	sbc	a, -2 (ix)
   013F 5F            [ 4]  292 	ld	e,a
   0140 DD 7E FB      [19]  293 	ld	a,-5 (ix)
   0143 DD 9E FF      [19]  294 	sbc	a, -1 (ix)
   0146 57            [ 4]  295 	ld	d,a
   0147 3E 1E         [ 7]  296 	ld	a,#0x1E
   0149 BC            [ 4]  297 	cp	a, h
   014A 3E 00         [ 7]  298 	ld	a,#0x00
   014C 9D            [ 4]  299 	sbc	a, l
   014D 3E 00         [ 7]  300 	ld	a,#0x00
   014F 9B            [ 4]  301 	sbc	a, e
   0150 3E 00         [ 7]  302 	ld	a,#0x00
   0152 9A            [ 4]  303 	sbc	a, d
   0153 30 3E         [12]  304 	jr	NC,00112$
                            305 ;src/entities/explosions.c:76: for (i=0;i<MAX_EXPLOSIONES;i++){
   0155 0E 00         [ 7]  306 	ld	c,#0x00
   0157                     307 00110$:
                            308 ;src/entities/explosions.c:77: if (explosiones[i].activo==1){
   0157 69            [ 4]  309 	ld	l,c
   0158 26 00         [ 7]  310 	ld	h,#0x00
   015A 29            [11]  311 	add	hl, hl
   015B 29            [11]  312 	add	hl, hl
   015C 29            [11]  313 	add	hl, hl
   015D 29            [11]  314 	add	hl, hl
   015E 3Er00         [ 7]  315 	ld	a,#<(_explosiones)
   0160 85            [ 4]  316 	add	a, l
   0161 DD 77 FC      [19]  317 	ld	-4 (ix),a
   0164 3Es00         [ 7]  318 	ld	a,#>(_explosiones)
   0166 8C            [ 4]  319 	adc	a, h
   0167 DD 77 FD      [19]  320 	ld	-3 (ix),a
   016A DD 5E FC      [19]  321 	ld	e,-4 (ix)
   016D DD 56 FD      [19]  322 	ld	d,-3 (ix)
   0170 13            [ 6]  323 	inc	de
   0171 13            [ 6]  324 	inc	de
   0172 1A            [ 7]  325 	ld	a,(de)
   0173 3D            [ 4]  326 	dec	a
   0174 20 17         [12]  327 	jr	NZ,00111$
                            328 ;src/entities/explosions.c:78: if (explosiones[i].fase<3){
   0176 DD 6E FC      [19]  329 	ld	l,-4 (ix)
   0179 DD 66 FD      [19]  330 	ld	h,-3 (ix)
   017C 23            [ 6]  331 	inc	hl
   017D 46            [ 7]  332 	ld	b,(hl)
   017E 78            [ 4]  333 	ld	a,b
   017F D6 03         [ 7]  334 	sub	a, #0x03
   0181 30 04         [12]  335 	jr	NC,00102$
                            336 ;src/entities/explosions.c:79: explosiones[i].fase++;
   0183 04            [ 4]  337 	inc	b
   0184 70            [ 7]  338 	ld	(hl),b
   0185 18 06         [12]  339 	jr	00111$
   0187                     340 00102$:
                            341 ;src/entities/explosions.c:83: explosiones[i].activo=0;
   0187 AF            [ 4]  342 	xor	a, a
   0188 12            [ 7]  343 	ld	(de),a
                            344 ;src/entities/explosions.c:84: explosiones_activas--;
   0189 21rE0r01      [10]  345 	ld	hl, #_explosiones_activas+0
   018C 35            [11]  346 	dec	(hl)
   018D                     347 00111$:
                            348 ;src/entities/explosions.c:76: for (i=0;i<MAX_EXPLOSIONES;i++){
   018D 0C            [ 4]  349 	inc	c
   018E 79            [ 4]  350 	ld	a,c
   018F D6 1E         [ 7]  351 	sub	a, #0x1E
   0191 38 C4         [12]  352 	jr	C,00110$
   0193                     353 00112$:
   0193 DD F9         [10]  354 	ld	sp, ix
   0195 DD E1         [14]  355 	pop	ix
   0197 C9            [10]  356 	ret
                            357 ;src/entities/explosions.c:97: void draw_explosions(u8* screen){
                            358 ;	---------------------------------
                            359 ; Function draw_explosions
                            360 ; ---------------------------------
   0198                     361 _draw_explosions::
   0198 DD E5         [15]  362 	push	ix
   019A DD 21 00 00   [14]  363 	ld	ix,#0
   019E DD 39         [15]  364 	add	ix,sp
   01A0 F5            [11]  365 	push	af
   01A1 3B            [ 6]  366 	dec	sp
                            367 ;src/entities/explosions.c:103: if (explosiones_activas>0){
   01A2 3ArE0r01      [13]  368 	ld	a,(#_explosiones_activas + 0)
   01A5 B7            [ 4]  369 	or	a, a
   01A6 CAr47r02      [10]  370 	jp	Z,00108$
                            371 ;src/entities/explosions.c:104: for (i=0;i<MAX_EXPLOSIONES;i++){
   01A9 0E 00         [ 7]  372 	ld	c,#0x00
   01AB                     373 00106$:
                            374 ;src/entities/explosions.c:105: if (explosiones[i].activo==1){
   01AB 69            [ 4]  375 	ld	l,c
   01AC 26 00         [ 7]  376 	ld	h,#0x00
   01AE 29            [11]  377 	add	hl, hl
   01AF 29            [11]  378 	add	hl, hl
   01B0 29            [11]  379 	add	hl, hl
   01B1 29            [11]  380 	add	hl, hl
   01B2 3Er00         [ 7]  381 	ld	a,#<(_explosiones)
   01B4 85            [ 4]  382 	add	a, l
   01B5 DD 77 FE      [19]  383 	ld	-2 (ix),a
   01B8 3Es00         [ 7]  384 	ld	a,#>(_explosiones)
   01BA 8C            [ 4]  385 	adc	a, h
   01BB DD 77 FF      [19]  386 	ld	-1 (ix),a
   01BE DD 6E FE      [19]  387 	ld	l,-2 (ix)
   01C1 DD 66 FF      [19]  388 	ld	h,-1 (ix)
   01C4 23            [ 6]  389 	inc	hl
   01C5 23            [ 6]  390 	inc	hl
   01C6 7E            [ 7]  391 	ld	a,(hl)
   01C7 3D            [ 4]  392 	dec	a
   01C8 20 76         [12]  393 	jr	NZ,00107$
                            394 ;src/entities/explosions.c:106: pscreen = cpct_getScreenPtr(screen, explosiones[i].x, explosiones[i].y);
   01CA DD 6E FE      [19]  395 	ld	l,-2 (ix)
   01CD DD 66 FF      [19]  396 	ld	h,-1 (ix)
   01D0 11 04 00      [10]  397 	ld	de, #0x0004
   01D3 19            [11]  398 	add	hl, de
   01D4 5E            [ 7]  399 	ld	e,(hl)
   01D5 DD 6E FE      [19]  400 	ld	l,-2 (ix)
   01D8 DD 66 FF      [19]  401 	ld	h,-1 (ix)
   01DB 23            [ 6]  402 	inc	hl
   01DC 23            [ 6]  403 	inc	hl
   01DD 23            [ 6]  404 	inc	hl
   01DE 66            [ 7]  405 	ld	h,(hl)
   01DF DD 6E 04      [19]  406 	ld	l,4 (ix)
   01E2 DD 56 05      [19]  407 	ld	d,5 (ix)
   01E5 C5            [11]  408 	push	bc
   01E6 7B            [ 4]  409 	ld	a,e
   01E7 F5            [11]  410 	push	af
   01E8 33            [ 6]  411 	inc	sp
   01E9 E5            [11]  412 	push	hl
   01EA 33            [ 6]  413 	inc	sp
   01EB 62            [ 4]  414 	ld	h, d
   01EC E5            [11]  415 	push	hl
   01ED CDr00r00      [17]  416 	call	_cpct_getScreenPtr
   01F0 C1            [10]  417 	pop	bc
   01F1 E5            [11]  418 	push	hl
   01F2 FD E1         [14]  419 	pop	iy
                            420 ;src/entities/explosions.c:107: cpct_drawSprite(explosion_sprite[explosiones[i].tipo][explosiones[i].fase],pscreen,explosiones[i].w,explosiones[i].h);
   01F4 DD 6E FE      [19]  421 	ld	l,-2 (ix)
   01F7 DD 66 FF      [19]  422 	ld	h,-1 (ix)
   01FA 11 05 00      [10]  423 	ld	de, #0x0005
   01FD 19            [11]  424 	add	hl, de
   01FE 46            [ 7]  425 	ld	b,(hl)
   01FF DD 6E FE      [19]  426 	ld	l,-2 (ix)
   0202 DD 66 FF      [19]  427 	ld	h,-1 (ix)
   0205 11 06 00      [10]  428 	ld	de, #0x0006
   0208 19            [11]  429 	add	hl, de
   0209 7E            [ 7]  430 	ld	a,(hl)
   020A DD 77 FD      [19]  431 	ld	-3 (ix),a
   020D DD 6E FE      [19]  432 	ld	l,-2 (ix)
   0210 DD 66 FF      [19]  433 	ld	h,-1 (ix)
   0213 6E            [ 7]  434 	ld	l,(hl)
   0214 26 00         [ 7]  435 	ld	h,#0x00
   0216 29            [11]  436 	add	hl, hl
   0217 29            [11]  437 	add	hl, hl
   0218 29            [11]  438 	add	hl, hl
   0219 3ErE1         [ 7]  439 	ld	a,#<(_explosion_sprite)
   021B 85            [ 4]  440 	add	a, l
   021C 5F            [ 4]  441 	ld	e,a
   021D 3Es01         [ 7]  442 	ld	a,#>(_explosion_sprite)
   021F 8C            [ 4]  443 	adc	a, h
   0220 57            [ 4]  444 	ld	d,a
   0221 DD 6E FE      [19]  445 	ld	l,-2 (ix)
   0224 DD 66 FF      [19]  446 	ld	h,-1 (ix)
   0227 23            [ 6]  447 	inc	hl
   0228 7E            [ 7]  448 	ld	a,(hl)
   0229 87            [ 4]  449 	add	a, a
   022A 6F            [ 4]  450 	ld	l,a
   022B 26 00         [ 7]  451 	ld	h,#0x00
   022D 19            [11]  452 	add	hl,de
   022E 5E            [ 7]  453 	ld	e,(hl)
   022F 23            [ 6]  454 	inc	hl
   0230 56            [ 7]  455 	ld	d,(hl)
   0231 C5            [11]  456 	push	bc
   0232 C5            [11]  457 	push	bc
   0233 33            [ 6]  458 	inc	sp
   0234 DD 7E FD      [19]  459 	ld	a,-3 (ix)
   0237 F5            [11]  460 	push	af
   0238 33            [ 6]  461 	inc	sp
   0239 FD E5         [15]  462 	push	iy
   023B D5            [11]  463 	push	de
   023C CDr00r00      [17]  464 	call	_cpct_drawSprite
   023F C1            [10]  465 	pop	bc
   0240                     466 00107$:
                            467 ;src/entities/explosions.c:104: for (i=0;i<MAX_EXPLOSIONES;i++){
   0240 0C            [ 4]  468 	inc	c
   0241 79            [ 4]  469 	ld	a,c
   0242 D6 1E         [ 7]  470 	sub	a, #0x1E
   0244 DArABr01      [10]  471 	jp	C,00106$
   0247                     472 00108$:
   0247 DD F9         [10]  473 	ld	sp, ix
   0249 DD E1         [14]  474 	pop	ix
   024B C9            [10]  475 	ret
                            476 	.area _CODE
                            477 	.area _INITIALIZER
                            478 	.area _CABS (ABS)
