                              1 ;--------------------------------------------------------
                              2 ; File Created by SDCC : free open source ANSI-C Compiler
                              3 ; Version 3.5.0 #9253 (Aug  4 2015) (Mac OS X x86_64)
                              4 ; This file was generated Sun Aug 16 01:00:18 2015
                              5 ;--------------------------------------------------------
                              6 	.module messages
                              7 	.optsdcc -mz80
                              8 	
                              9 ;--------------------------------------------------------
                             10 ; Public variables in this module
                             11 ;--------------------------------------------------------
                             12 	.globl _cpc_SetInkGphStr
                             13 	.globl _cpc_PrintGphStr
                             14 	.globl _cpct_getScreenPtr
                             15 	.globl _cpct_drawSolidBox
                             16 	.globl _cpct_px2byteM0
                             17 	.globl _aux_txt2
                             18 	.globl _active_messages
                             19 	.globl _messages
                             20 	.globl _strcpy
                             21 	.globl _strlen
                             22 	.globl _colour_message
                             23 	.globl _red_message
                             24 	.globl _blue_message
                             25 	.globl _init_messages
                             26 	.globl _create_message
                             27 	.globl _draw_messages
                             28 ;--------------------------------------------------------
                             29 ; special function registers
                             30 ;--------------------------------------------------------
                             31 ;--------------------------------------------------------
                             32 ; ram data
                             33 ;--------------------------------------------------------
                             34 	.area _DATA
   0000                      35 _messages::
   0000                      36 	.ds 340
   0154                      37 _active_messages::
   0154                      38 	.ds 1
   0155                      39 _aux_txt2::
   0155                      40 	.ds 40
                             41 ;--------------------------------------------------------
                             42 ; ram data
                             43 ;--------------------------------------------------------
                             44 	.area _INITIALIZED
                             45 ;--------------------------------------------------------
                             46 ; absolute external ram data
                             47 ;--------------------------------------------------------
                             48 	.area _DABS (ABS)
                             49 ;--------------------------------------------------------
                             50 ; global & static initialisations
                             51 ;--------------------------------------------------------
                             52 	.area _HOME
                             53 	.area _GSINIT
                             54 	.area _GSFINAL
                             55 	.area _GSINIT
                             56 ;--------------------------------------------------------
                             57 ; Home
                             58 ;--------------------------------------------------------
                             59 	.area _HOME
                             60 	.area _HOME
                             61 ;--------------------------------------------------------
                             62 ; code
                             63 ;--------------------------------------------------------
                             64 	.area _CODE
                             65 ;src/entities/messages.c:14: void strcpy(i8* to, const i8* from){
                             66 ;	---------------------------------
                             67 ; Function strcpy
                             68 ; ---------------------------------
   0000                      69 _strcpy::
   0000 DD E5         [15]   70 	push	ix
   0002 DD 21 00 00   [14]   71 	ld	ix,#0
   0006 DD 39         [15]   72 	add	ix,sp
                             73 ;src/entities/messages.c:17: while (i){
   0008 DD 4E 06      [19]   74 	ld	c,6 (ix)
   000B DD 46 07      [19]   75 	ld	b,7 (ix)
   000E DD 5E 04      [19]   76 	ld	e,4 (ix)
   0011 DD 56 05      [19]   77 	ld	d,5 (ix)
   0014 D5            [11]   78 	push	de
   0015 FD E1         [14]   79 	pop	iy
   0017 16 1E         [ 7]   80 	ld	d,#0x1E
   0019                      81 00101$:
   0019 7A            [ 4]   82 	ld	a,d
   001A B7            [ 4]   83 	or	a, a
   001B 28 0A         [12]   84 	jr	Z,00104$
                             85 ;src/entities/messages.c:18: *to++ = *from++;
   001D 0A            [ 7]   86 	ld	a,(bc)
   001E 03            [ 6]   87 	inc	bc
   001F FD 77 00      [19]   88 	ld	0 (iy), a
   0022 FD 23         [10]   89 	inc	iy
                             90 ;src/entities/messages.c:19: i--;
   0024 15            [ 4]   91 	dec	d
   0025 18 F2         [12]   92 	jr	00101$
   0027                      93 00104$:
   0027 DD E1         [14]   94 	pop	ix
   0029 C9            [10]   95 	ret
                             96 ;src/entities/messages.c:23: u8 strlen(const char *str)
                             97 ;	---------------------------------
                             98 ; Function strlen
                             99 ; ---------------------------------
   002A                     100 _strlen::
                            101 ;src/entities/messages.c:27: for (s = str; *s; ++s);
   002A C1            [10]  102 	pop	bc
   002B D1            [10]  103 	pop	de
   002C D5            [11]  104 	push	de
   002D C5            [11]  105 	push	bc
   002E                     106 00103$:
   002E 1A            [ 7]  107 	ld	a,(de)
   002F B7            [ 4]  108 	or	a, a
   0030 28 03         [12]  109 	jr	Z,00101$
   0032 13            [ 6]  110 	inc	de
   0033 18 F9         [12]  111 	jr	00103$
   0035                     112 00101$:
                            113 ;src/entities/messages.c:28: return(s - str);
   0035 21 02 00      [10]  114 	ld	hl,#2
   0038 39            [11]  115 	add	hl,sp
   0039 7B            [ 4]  116 	ld	a,e
   003A 96            [ 7]  117 	sub	a, (hl)
   003B 5F            [ 4]  118 	ld	e,a
   003C 7A            [ 4]  119 	ld	a,d
   003D 23            [ 6]  120 	inc	hl
   003E 9E            [ 7]  121 	sbc	a, (hl)
   003F 6B            [ 4]  122 	ld	l,e
   0040 C9            [10]  123 	ret
                            124 ;src/entities/messages.c:35: void colour_message (u8 backg, u8 t){
                            125 ;	---------------------------------
                            126 ; Function colour_message
                            127 ; ---------------------------------
   0041                     128 _colour_message::
                            129 ;src/entities/messages.c:36: cpc_SetInkGphStr(0,backg);
   0041 21 02 00      [10]  130 	ld	hl, #2+0
   0044 39            [11]  131 	add	hl, sp
   0045 7E            [ 7]  132 	ld	a, (hl)
   0046 F5            [11]  133 	push	af
   0047 33            [ 6]  134 	inc	sp
   0048 AF            [ 4]  135 	xor	a, a
   0049 F5            [11]  136 	push	af
   004A 33            [ 6]  137 	inc	sp
   004B CDr00r00      [17]  138 	call	_cpc_SetInkGphStr
   004E F1            [10]  139 	pop	af
                            140 ;src/entities/messages.c:37: cpc_SetInkGphStr(1,t);
   004F 21 03 00      [10]  141 	ld	hl, #3+0
   0052 39            [11]  142 	add	hl, sp
   0053 56            [ 7]  143 	ld	d, (hl)
   0054 1E 01         [ 7]  144 	ld	e,#0x01
   0056 D5            [11]  145 	push	de
   0057 CDr00r00      [17]  146 	call	_cpc_SetInkGphStr
   005A F1            [10]  147 	pop	af
                            148 ;src/entities/messages.c:38: cpc_SetInkGphStr(2,t);
   005B 21 03 00      [10]  149 	ld	hl, #3+0
   005E 39            [11]  150 	add	hl, sp
   005F 56            [ 7]  151 	ld	d, (hl)
   0060 1E 02         [ 7]  152 	ld	e,#0x02
   0062 D5            [11]  153 	push	de
   0063 CDr00r00      [17]  154 	call	_cpc_SetInkGphStr
   0066 F1            [10]  155 	pop	af
                            156 ;src/entities/messages.c:39: cpc_SetInkGphStr(3,t);
   0067 21 03 00      [10]  157 	ld	hl, #3+0
   006A 39            [11]  158 	add	hl, sp
   006B 56            [ 7]  159 	ld	d, (hl)
   006C 1E 03         [ 7]  160 	ld	e,#0x03
   006E D5            [11]  161 	push	de
   006F CDr00r00      [17]  162 	call	_cpc_SetInkGphStr
   0072 F1            [10]  163 	pop	af
   0073 C9            [10]  164 	ret
                            165 ;src/entities/messages.c:45: void red_message(){
                            166 ;	---------------------------------
                            167 ; Function red_message
                            168 ; ---------------------------------
   0074                     169 _red_message::
                            170 ;src/entities/messages.c:47: cpc_SetInkGphStr(0,0);
   0074 21 00 00      [10]  171 	ld	hl,#0x0000
   0077 E5            [11]  172 	push	hl
   0078 CDr00r00      [17]  173 	call	_cpc_SetInkGphStr
                            174 ;src/entities/messages.c:48: cpc_SetInkGphStr(1,34);
   007B 21 01 22      [10]  175 	ld	hl, #0x2201
   007E E3            [19]  176 	ex	(sp),hl
   007F CDr00r00      [17]  177 	call	_cpc_SetInkGphStr
                            178 ;src/entities/messages.c:49: cpc_SetInkGphStr(2,42);
   0082 21 02 2A      [10]  179 	ld	hl, #0x2A02
   0085 E3            [19]  180 	ex	(sp),hl
   0086 CDr00r00      [17]  181 	call	_cpc_SetInkGphStr
                            182 ;src/entities/messages.c:50: cpc_SetInkGphStr(3,34);
   0089 21 03 22      [10]  183 	ld	hl, #0x2203
   008C E3            [19]  184 	ex	(sp),hl
   008D CDr00r00      [17]  185 	call	_cpc_SetInkGphStr
   0090 F1            [10]  186 	pop	af
   0091 C9            [10]  187 	ret
                            188 ;src/entities/messages.c:56: void blue_message(){
                            189 ;	---------------------------------
                            190 ; Function blue_message
                            191 ; ---------------------------------
   0092                     192 _blue_message::
                            193 ;src/entities/messages.c:58: cpc_SetInkGphStr(0,0);
   0092 21 00 00      [10]  194 	ld	hl,#0x0000
   0095 E5            [11]  195 	push	hl
   0096 CDr00r00      [17]  196 	call	_cpc_SetInkGphStr
                            197 ;src/entities/messages.c:59: cpc_SetInkGphStr(1,40);
   0099 21 01 28      [10]  198 	ld	hl, #0x2801
   009C E3            [19]  199 	ex	(sp),hl
   009D CDr00r00      [17]  200 	call	_cpc_SetInkGphStr
                            201 ;src/entities/messages.c:60: cpc_SetInkGphStr(2,40);
   00A0 21 02 28      [10]  202 	ld	hl, #0x2802
   00A3 E3            [19]  203 	ex	(sp),hl
   00A4 CDr00r00      [17]  204 	call	_cpc_SetInkGphStr
                            205 ;src/entities/messages.c:61: cpc_SetInkGphStr(3,10);
   00A7 21 03 0A      [10]  206 	ld	hl, #0x0A03
   00AA E3            [19]  207 	ex	(sp),hl
   00AB CDr00r00      [17]  208 	call	_cpc_SetInkGphStr
   00AE F1            [10]  209 	pop	af
   00AF C9            [10]  210 	ret
                            211 ;src/entities/messages.c:64: void init_messages(){
                            212 ;	---------------------------------
                            213 ; Function init_messages
                            214 ; ---------------------------------
   00B0                     215 _init_messages::
   00B0 DD E5         [15]  216 	push	ix
   00B2 DD 21 00 00   [14]  217 	ld	ix,#0
   00B6 DD 39         [15]  218 	add	ix,sp
   00B8 3B            [ 6]  219 	dec	sp
                            220 ;src/entities/messages.c:67: for(i=0; i<MAX_MESSAGES; i++){
   00B9 DD 36 FF 00   [19]  221 	ld	-1 (ix),#0x00
   00BD 11 00 00      [10]  222 	ld	de,#0x0000
   00C0                     223 00102$:
                            224 ;src/entities/messages.c:68: messages[i].active=0;
   00C0 21r00r00      [10]  225 	ld	hl,#_messages
   00C3 19            [11]  226 	add	hl,de
   00C4 4D            [ 4]  227 	ld	c,l
   00C5 44            [ 4]  228 	ld	b,h
   00C6 AF            [ 4]  229 	xor	a, a
   00C7 02            [ 7]  230 	ld	(bc),a
                            231 ;src/entities/messages.c:69: messages[i].x=0;
   00C8 69            [ 4]  232 	ld	l, c
   00C9 60            [ 4]  233 	ld	h, b
   00CA 23            [ 6]  234 	inc	hl
   00CB 36 00         [10]  235 	ld	(hl),#0x00
                            236 ;src/entities/messages.c:70: messages[i].y=0;
   00CD 69            [ 4]  237 	ld	l, c
   00CE 60            [ 4]  238 	ld	h, b
   00CF 23            [ 6]  239 	inc	hl
   00D0 23            [ 6]  240 	inc	hl
   00D1 36 00         [10]  241 	ld	(hl),#0x00
                            242 ;src/entities/messages.c:71: messages[i].time=0;
   00D3 21 21 00      [10]  243 	ld	hl,#0x0021
   00D6 09            [11]  244 	add	hl,bc
   00D7 36 00         [10]  245 	ld	(hl),#0x00
                            246 ;src/entities/messages.c:67: for(i=0; i<MAX_MESSAGES; i++){
   00D9 21 22 00      [10]  247 	ld	hl,#0x0022
   00DC 19            [11]  248 	add	hl,de
   00DD EB            [ 4]  249 	ex	de,hl
   00DE DD 34 FF      [23]  250 	inc	-1 (ix)
   00E1 DD 7E FF      [19]  251 	ld	a,-1 (ix)
   00E4 D6 0A         [ 7]  252 	sub	a, #0x0A
   00E6 38 D8         [12]  253 	jr	C,00102$
                            254 ;src/entities/messages.c:73: active_messages=0;
   00E8 21r54r01      [10]  255 	ld	hl,#_active_messages + 0
   00EB 36 00         [10]  256 	ld	(hl), #0x00
   00ED 33            [ 6]  257 	inc	sp
   00EE DD E1         [14]  258 	pop	ix
   00F0 C9            [10]  259 	ret
                            260 ;src/entities/messages.c:76: void create_message(u8 x, u8 y, u8 time, u8 *text){
                            261 ;	---------------------------------
                            262 ; Function create_message
                            263 ; ---------------------------------
   00F1                     264 _create_message::
   00F1 DD E5         [15]  265 	push	ix
   00F3 DD 21 00 00   [14]  266 	ld	ix,#0
   00F7 DD 39         [15]  267 	add	ix,sp
                            268 ;src/entities/messages.c:79: while (messages[i].active==1) { 
   00F9 01 00 00      [10]  269 	ld	bc,#0x0000
   00FC                     270 00101$:
   00FC 21r00r00      [10]  271 	ld	hl,#_messages
   00FF 09            [11]  272 	add	hl,bc
   0100 EB            [ 4]  273 	ex	de,hl
   0101 1A            [ 7]  274 	ld	a,(de)
   0102 3D            [ 4]  275 	dec	a
   0103 20 08         [12]  276 	jr	NZ,00103$
                            277 ;src/entities/messages.c:80: i++;
   0105 21 22 00      [10]  278 	ld	hl,#0x0022
   0108 09            [11]  279 	add	hl,bc
   0109 4D            [ 4]  280 	ld	c,l
   010A 44            [ 4]  281 	ld	b,h
   010B 18 EF         [12]  282 	jr	00101$
   010D                     283 00103$:
                            284 ;src/entities/messages.c:82: messages[i].active=1;
   010D 3E 01         [ 7]  285 	ld	a,#0x01
   010F 12            [ 7]  286 	ld	(de),a
                            287 ;src/entities/messages.c:83: messages[i].x = x;
   0110 6B            [ 4]  288 	ld	l, e
   0111 62            [ 4]  289 	ld	h, d
   0112 23            [ 6]  290 	inc	hl
   0113 DD 7E 04      [19]  291 	ld	a,4 (ix)
   0116 77            [ 7]  292 	ld	(hl),a
                            293 ;src/entities/messages.c:84: messages[i].y = y;
   0117 6B            [ 4]  294 	ld	l, e
   0118 62            [ 4]  295 	ld	h, d
   0119 23            [ 6]  296 	inc	hl
   011A 23            [ 6]  297 	inc	hl
   011B DD 7E 05      [19]  298 	ld	a,5 (ix)
   011E 77            [ 7]  299 	ld	(hl),a
                            300 ;src/entities/messages.c:85: messages[i].time = time;
   011F 21 21 00      [10]  301 	ld	hl,#0x0021
   0122 19            [11]  302 	add	hl,de
   0123 DD 7E 06      [19]  303 	ld	a,6 (ix)
   0126 77            [ 7]  304 	ld	(hl),a
                            305 ;src/entities/messages.c:86: strcpy(messages[i].text,text);
   0127 13            [ 6]  306 	inc	de
   0128 13            [ 6]  307 	inc	de
   0129 13            [ 6]  308 	inc	de
   012A DD 6E 07      [19]  309 	ld	l,7 (ix)
   012D DD 66 08      [19]  310 	ld	h,8 (ix)
   0130 E5            [11]  311 	push	hl
   0131 D5            [11]  312 	push	de
   0132 CDr00r00      [17]  313 	call	_strcpy
   0135 F1            [10]  314 	pop	af
   0136 F1            [10]  315 	pop	af
                            316 ;src/entities/messages.c:87: active_messages++;
   0137 21r54r01      [10]  317 	ld	hl, #_active_messages+0
   013A 34            [11]  318 	inc	(hl)
   013B DD E1         [14]  319 	pop	ix
   013D C9            [10]  320 	ret
                            321 ;src/entities/messages.c:90: void draw_messages(u8* screen){
                            322 ;	---------------------------------
                            323 ; Function draw_messages
                            324 ; ---------------------------------
   013E                     325 _draw_messages::
   013E DD E5         [15]  326 	push	ix
   0140 DD 21 00 00   [14]  327 	ld	ix,#0
   0144 DD 39         [15]  328 	add	ix,sp
   0146 21 F3 FF      [10]  329 	ld	hl,#-13
   0149 39            [11]  330 	add	hl,sp
   014A F9            [ 6]  331 	ld	sp,hl
                            332 ;src/entities/messages.c:94: if (active_messages){
   014B 3Ar54r01      [13]  333 	ld	a,(#_active_messages + 0)
   014E B7            [ 4]  334 	or	a, a
   014F CAr64r02      [10]  335 	jp	Z,00110$
                            336 ;src/entities/messages.c:95: blue_message();
   0152 CDr92r00      [17]  337 	call	_blue_message
                            338 ;src/entities/messages.c:96: for (i=0;i<MAX_MESSAGES;i++){
   0155 DD 36 F3 00   [19]  339 	ld	-13 (ix),#0x00
   0159 11 00 00      [10]  340 	ld	de,#0x0000
   015C                     341 00108$:
                            342 ;src/entities/messages.c:97: if (messages[i].active){
   015C 21r00r00      [10]  343 	ld	hl,#_messages
   015F 19            [11]  344 	add	hl,de
   0160 DD 75 F6      [19]  345 	ld	-10 (ix),l
   0163 DD 74 F7      [19]  346 	ld	-9 (ix),h
   0166 DD 6E F6      [19]  347 	ld	l,-10 (ix)
   0169 DD 66 F7      [19]  348 	ld	h,-9 (ix)
   016C 7E            [ 7]  349 	ld	a,(hl)
   016D B7            [ 4]  350 	or	a, a
   016E CAr54r02      [10]  351 	jp	Z,00109$
                            352 ;src/entities/messages.c:98: pscreen = cpct_getScreenPtr(screen, messages[i].x-2, messages[i].y-4);
   0171 DD 7E F6      [19]  353 	ld	a,-10 (ix)
   0174 C6 02         [ 7]  354 	add	a, #0x02
   0176 DD 77 F8      [19]  355 	ld	-8 (ix),a
   0179 DD 7E F7      [19]  356 	ld	a,-9 (ix)
   017C CE 00         [ 7]  357 	adc	a, #0x00
   017E DD 77 F9      [19]  358 	ld	-7 (ix),a
   0181 DD 6E F8      [19]  359 	ld	l,-8 (ix)
   0184 DD 66 F9      [19]  360 	ld	h,-7 (ix)
   0187 7E            [ 7]  361 	ld	a,(hl)
   0188 C6 FC         [ 7]  362 	add	a,#0xFC
   018A 47            [ 4]  363 	ld	b,a
   018B DD 7E F6      [19]  364 	ld	a,-10 (ix)
   018E C6 01         [ 7]  365 	add	a, #0x01
   0190 DD 77 F4      [19]  366 	ld	-12 (ix),a
   0193 DD 7E F7      [19]  367 	ld	a,-9 (ix)
   0196 CE 00         [ 7]  368 	adc	a, #0x00
   0198 DD 77 F5      [19]  369 	ld	-11 (ix),a
   019B DD 6E F4      [19]  370 	ld	l,-12 (ix)
   019E DD 66 F5      [19]  371 	ld	h,-11 (ix)
   01A1 4E            [ 7]  372 	ld	c,(hl)
   01A2 0D            [ 4]  373 	dec	c
   01A3 0D            [ 4]  374 	dec	c
   01A4 DD 7E 04      [19]  375 	ld	a,4 (ix)
   01A7 DD 77 FE      [19]  376 	ld	-2 (ix),a
   01AA DD 7E 05      [19]  377 	ld	a,5 (ix)
   01AD DD 77 FF      [19]  378 	ld	-1 (ix),a
   01B0 D5            [11]  379 	push	de
   01B1 C5            [11]  380 	push	bc
   01B2 DD 6E FE      [19]  381 	ld	l,-2 (ix)
   01B5 DD 66 FF      [19]  382 	ld	h,-1 (ix)
   01B8 E5            [11]  383 	push	hl
   01B9 CDr00r00      [17]  384 	call	_cpct_getScreenPtr
   01BC D1            [10]  385 	pop	de
   01BD 4D            [ 4]  386 	ld	c, l
   01BE 44            [ 4]  387 	ld	b, h
                            388 ;src/entities/messages.c:99: cpct_drawSolidBox(pscreen , cpct_px2byteM0(3, 3), strlen(messages[i].text)*2+4, 18);
   01BF DD 7E F6      [19]  389 	ld	a,-10 (ix)
   01C2 C6 03         [ 7]  390 	add	a, #0x03
   01C4 DD 77 FC      [19]  391 	ld	-4 (ix),a
   01C7 DD 7E F7      [19]  392 	ld	a,-9 (ix)
   01CA CE 00         [ 7]  393 	adc	a, #0x00
   01CC DD 77 FD      [19]  394 	ld	-3 (ix),a
   01CF DD 6E FC      [19]  395 	ld	l,-4 (ix)
   01D2 DD 66 FD      [19]  396 	ld	h,-3 (ix)
   01D5 C5            [11]  397 	push	bc
   01D6 D5            [11]  398 	push	de
   01D7 E5            [11]  399 	push	hl
   01D8 CDr2Ar00      [17]  400 	call	_strlen
   01DB F1            [10]  401 	pop	af
   01DC 7D            [ 4]  402 	ld	a,l
   01DD D1            [10]  403 	pop	de
   01DE C1            [10]  404 	pop	bc
   01DF 87            [ 4]  405 	add	a, a
   01E0 C6 04         [ 7]  406 	add	a, #0x04
   01E2 DD 77 FB      [19]  407 	ld	-5 (ix),a
   01E5 C5            [11]  408 	push	bc
   01E6 D5            [11]  409 	push	de
   01E7 21 03 03      [10]  410 	ld	hl,#0x0303
   01EA E5            [11]  411 	push	hl
   01EB CDr00r00      [17]  412 	call	_cpct_px2byteM0
   01EE F1            [10]  413 	pop	af
   01EF DD 75 FA      [19]  414 	ld	-6 (ix),l
   01F2 D1            [10]  415 	pop	de
   01F3 C1            [10]  416 	pop	bc
   01F4 D5            [11]  417 	push	de
   01F5 3E 12         [ 7]  418 	ld	a,#0x12
   01F7 F5            [11]  419 	push	af
   01F8 33            [ 6]  420 	inc	sp
   01F9 DD 66 FB      [19]  421 	ld	h,-5 (ix)
   01FC DD 6E FA      [19]  422 	ld	l,-6 (ix)
   01FF E5            [11]  423 	push	hl
   0200 C5            [11]  424 	push	bc
   0201 CDr00r00      [17]  425 	call	_cpct_drawSolidBox
   0204 F1            [10]  426 	pop	af
   0205 F1            [10]  427 	pop	af
   0206 33            [ 6]  428 	inc	sp
   0207 D1            [10]  429 	pop	de
                            430 ;src/entities/messages.c:100: cpc_PrintGphStr(messages[i].text, (int) cpct_getScreenPtr(screen, messages[i].x, messages[i].y));
   0208 DD 6E F8      [19]  431 	ld	l,-8 (ix)
   020B DD 66 F9      [19]  432 	ld	h,-7 (ix)
   020E 7E            [ 7]  433 	ld	a,(hl)
   020F DD 6E F4      [19]  434 	ld	l,-12 (ix)
   0212 DD 66 F5      [19]  435 	ld	h,-11 (ix)
   0215 46            [ 7]  436 	ld	b,(hl)
   0216 D5            [11]  437 	push	de
   0217 F5            [11]  438 	push	af
   0218 33            [ 6]  439 	inc	sp
   0219 C5            [11]  440 	push	bc
   021A 33            [ 6]  441 	inc	sp
   021B DD 6E FE      [19]  442 	ld	l,-2 (ix)
   021E DD 66 FF      [19]  443 	ld	h,-1 (ix)
   0221 E5            [11]  444 	push	hl
   0222 CDr00r00      [17]  445 	call	_cpct_getScreenPtr
   0225 D1            [10]  446 	pop	de
   0226 DD 4E FC      [19]  447 	ld	c,-4 (ix)
   0229 DD 46 FD      [19]  448 	ld	b,-3 (ix)
   022C D5            [11]  449 	push	de
   022D E5            [11]  450 	push	hl
   022E C5            [11]  451 	push	bc
   022F CDr00r00      [17]  452 	call	_cpc_PrintGphStr
   0232 F1            [10]  453 	pop	af
   0233 F1            [10]  454 	pop	af
   0234 D1            [10]  455 	pop	de
                            456 ;src/entities/messages.c:101: messages[i].time--;
   0235 DD 7E F6      [19]  457 	ld	a,-10 (ix)
   0238 C6 21         [ 7]  458 	add	a, #0x21
   023A 6F            [ 4]  459 	ld	l,a
   023B DD 7E F7      [19]  460 	ld	a,-9 (ix)
   023E CE 00         [ 7]  461 	adc	a, #0x00
   0240 67            [ 4]  462 	ld	h,a
   0241 7E            [ 7]  463 	ld	a,(hl)
   0242 C6 FF         [ 7]  464 	add	a,#0xFF
   0244 77            [ 7]  465 	ld	(hl),a
                            466 ;src/entities/messages.c:102: if (!messages[i].time){
   0245 B7            [ 4]  467 	or	a, a
   0246 20 0C         [12]  468 	jr	NZ,00109$
                            469 ;src/entities/messages.c:103: messages[i].active=0;
   0248 DD 6E F6      [19]  470 	ld	l,-10 (ix)
   024B DD 66 F7      [19]  471 	ld	h,-9 (ix)
   024E 36 00         [10]  472 	ld	(hl),#0x00
                            473 ;src/entities/messages.c:104: active_messages--;
   0250 21r54r01      [10]  474 	ld	hl, #_active_messages+0
   0253 35            [11]  475 	dec	(hl)
   0254                     476 00109$:
                            477 ;src/entities/messages.c:96: for (i=0;i<MAX_MESSAGES;i++){
   0254 21 22 00      [10]  478 	ld	hl,#0x0022
   0257 19            [11]  479 	add	hl,de
   0258 EB            [ 4]  480 	ex	de,hl
   0259 DD 34 F3      [23]  481 	inc	-13 (ix)
   025C DD 7E F3      [19]  482 	ld	a,-13 (ix)
   025F D6 0A         [ 7]  483 	sub	a, #0x0A
   0261 DAr5Cr01      [10]  484 	jp	C,00108$
   0264                     485 00110$:
   0264 DD F9         [10]  486 	ld	sp, ix
   0266 DD E1         [14]  487 	pop	ix
   0268 C9            [10]  488 	ret
                            489 	.area _CODE
                            490 	.area _INITIALIZER
                            491 	.area _CABS (ABS)
