                              1 ;--------------------------------------------------------
                              2 ; File Created by SDCC : free open source ANSI-C Compiler
                              3 ; Version 3.5.0 #9253 (Jul 21 2015) (Mac OS X x86_64)
                              4 ; This file was generated Thu Jul 23 01:06:49 2015
                              5 ;--------------------------------------------------------
                              6 	.module movement
                              7 	.optsdcc -mz80
                              8 	
                              9 ;--------------------------------------------------------
                             10 ; Public variables in this module
                             11 ;--------------------------------------------------------
                             12 	.globl _movements
                             13 ;--------------------------------------------------------
                             14 ; special function registers
                             15 ;--------------------------------------------------------
                             16 ;--------------------------------------------------------
                             17 ; ram data
                             18 ;--------------------------------------------------------
                             19 	.area _DATA
                             20 ;--------------------------------------------------------
                             21 ; ram data
                             22 ;--------------------------------------------------------
                             23 	.area _INITIALIZED
                             24 ;--------------------------------------------------------
                             25 ; absolute external ram data
                             26 ;--------------------------------------------------------
                             27 	.area _DABS (ABS)
                             28 ;--------------------------------------------------------
                             29 ; global & static initialisations
                             30 ;--------------------------------------------------------
                             31 	.area _HOME
                             32 	.area _GSINIT
                             33 	.area _GSFINAL
                             34 	.area _GSINIT
                             35 ;--------------------------------------------------------
                             36 ; Home
                             37 ;--------------------------------------------------------
                             38 	.area _HOME
                             39 	.area _HOME
                             40 ;--------------------------------------------------------
                             41 ; code
                             42 ;--------------------------------------------------------
                             43 	.area _CODE
                             44 	.area _CODE
   0000                      45 _movements:
   0000 06                   46 	.db #0x06	; 6
   0001 06                   47 	.db #0x06	; 6
   0002 03                   48 	.db #0x03	;  3
   0003 00                   49 	.db #0x00	;  0
   0004 0A                   50 	.db #0x0A	; 10
   0005 07                   51 	.db #0x07	; 7
   0006 03                   52 	.db #0x03	;  3
   0007 06                   53 	.db #0x06	;  6
   0008 07                   54 	.db #0x07	; 7
   0009 01                   55 	.db #0x01	; 1
   000A FD                   56 	.db #0xFD	; -3
   000B 06                   57 	.db #0x06	;  6
   000C 07                   58 	.db #0x07	; 7
   000D 02                   59 	.db #0x02	; 2
   000E FD                   60 	.db #0xFD	; -3
   000F 00                   61 	.db #0x00	;  0
   0010 0A                   62 	.db #0x0A	; 10
   0011 03                   63 	.db #0x03	; 3
   0012 FD                   64 	.db #0xFD	; -3
   0013 FA                   65 	.db #0xFA	; -6
   0014 07                   66 	.db #0x07	; 7
   0015 05                   67 	.db #0x05	; 5
   0016 03                   68 	.db #0x03	;  3
   0017 FA                   69 	.db #0xFA	; -6
   0018 07                   70 	.db #0x07	; 7
   0019 00                   71 	.db #0x00	; 0
   001A 00                   72 	.db #0x00	;  0
   001B 00                   73 	.db #0x00	;  0
   001C 00                   74 	.db #0x00	; 0
   001D 00                   75 	.db #0x00	; 0
   001E 00                   76 	.db #0x00	;  0
   001F 00                   77 	.db #0x00	;  0
   0020 00                   78 	.db #0x00	; 0
   0021 04                   79 	.db #0x04	; 4
   0022 00                   80 	.db #0x00	; 0
   0023 00                   81 	.db #0x00	;  0
   0024 08                   82 	.db #0x08	;  8
   0025 0F                   83 	.db #0x0F	; 15
   0026 06                   84 	.db #0x06	; 6
   0027 04                   85 	.db #0x04	;  4
   0028 00                   86 	.db #0x00	;  0
   0029 0A                   87 	.db #0x0A	; 10
   002A 04                   88 	.db #0x04	; 4
   002B 00                   89 	.db #0x00	;  0
   002C F8                   90 	.db #0xF8	; -8
   002D 0F                   91 	.db #0x0F	; 15
   002E 02                   92 	.db #0x02	; 2
   002F FC                   93 	.db #0xFC	; -4
   0030 00                   94 	.db #0x00	;  0
   0031 0A                   95 	.db #0x0A	; 10
   0032 00                   96 	.db #0x00	; 0
   0033 00                   97 	.db #0x00	;  0
   0034 00                   98 	.db #0x00	;  0
   0035 00                   99 	.db #0x00	; 0
   0036 00                  100 	.db #0x00	; 0
   0037 00                  101 	.db #0x00	;  0
   0038 00                  102 	.db #0x00	;  0
   0039 00                  103 	.db #0x00	; 0
   003A 00                  104 	.db #0x00	; 0
   003B 00                  105 	.db #0x00	;  0
   003C 00                  106 	.db #0x00	;  0
   003D 00                  107 	.db #0x00	; 0
   003E 00                  108 	.db #0x00	; 0
   003F 00                  109 	.db #0x00	;  0
   0040 00                  110 	.db #0x00	;  0
   0041 00                  111 	.db #0x00	; 0
                            112 	.area _INITIALIZER
                            113 	.area _CABS (ABS)
