                              1 ;--------------------------------------------------------
                              2 ; File Created by SDCC : free open source ANSI-C Compiler
                              3 ; Version 3.5.0 #9253 (Jul 21 2015) (Mac OS X x86_64)
                              4 ; This file was generated Thu Jul 23 01:06:52 2015
                              5 ;--------------------------------------------------------
                              6 	.module timer
                              7 	.optsdcc -mz80
                              8 	
                              9 ;--------------------------------------------------------
                             10 ; Public variables in this module
                             11 ;--------------------------------------------------------
                             12 	.globl _get_time
                             13 	.globl _timer_off
                             14 	.globl _timer_on
                             15 	.globl _nTimeLast
                             16 	.globl _nFPS
                             17 ;--------------------------------------------------------
                             18 ; special function registers
                             19 ;--------------------------------------------------------
                             20 ;--------------------------------------------------------
                             21 ; ram data
                             22 ;--------------------------------------------------------
                             23 	.area _DATA
   0000                      24 _timer0:
   0000                      25 	.ds 2
   0002                      26 _timer1:
   0002                      27 	.ds 2
   0004                      28 _nFPS::
   0004                      29 	.ds 1
   0005                      30 _nTimeLast::
   0005                      31 	.ds 4
                             32 ;--------------------------------------------------------
                             33 ; ram data
                             34 ;--------------------------------------------------------
                             35 	.area _INITIALIZED
                             36 ;--------------------------------------------------------
                             37 ; absolute external ram data
                             38 ;--------------------------------------------------------
                             39 	.area _DABS (ABS)
                             40 ;--------------------------------------------------------
                             41 ; global & static initialisations
                             42 ;--------------------------------------------------------
                             43 	.area _HOME
                             44 	.area _GSINIT
                             45 	.area _GSFINAL
                             46 	.area _GSINIT
                             47 ;--------------------------------------------------------
                             48 ; Home
                             49 ;--------------------------------------------------------
                             50 	.area _HOME
                             51 	.area _HOME
                             52 ;--------------------------------------------------------
                             53 ; code
                             54 ;--------------------------------------------------------
                             55 	.area _CODE
                             56 ;src/util/timer.c:12: void timer_on(void) {
                             57 ;	---------------------------------
                             58 ; Function timer_on
                             59 ; ---------------------------------
   0000                      60 _timer_on::
                             61 ;src/util/timer.c:41: __endasm;
   0000 F3            [ 4]   62 	DI
   0001 ED 56         [ 8]   63 	IM 1
   0003 E5            [11]   64 	PUSH HL
   0004 21r00r00      [10]   65 	LD HL, #_timer0
   0007 36 00         [10]   66 	LD (HL),#0X0000
   0009 21 38 00      [10]   67 	LD HL,#0X0038
   000C 36 C3         [10]   68 	LD (HL),#0XC3 ;JP
   000E 23            [ 6]   69 	INC HL
   000F 21r1Ar00      [10]   70 	LD HL,#interrupcion
   0012 22 39 00      [16]   71 	LD (#0X0039),HL
   0015 E1            [10]   72 	POP HL
   0016 FB            [ 4]   73 	EI
   0017 C3r28r00      [10]   74 	JP term
   001A                      75 	interrupcion:
   001A F3            [ 4]   76 	DI
   001B E5            [11]   77 	PUSH HL
   001C F5            [11]   78 	PUSH AF
   001D 21r00r00      [10]   79 	LD HL,#_timer0
   0020                      80 	desborde:
   0020 34            [11]   81 	INC (HL)
   0021 23            [ 6]   82 	INC HL
   0022 28 FC         [12]   83 	JR Z,desborde
   0024 F1            [10]   84 	POP AF
   0025 E1            [10]   85 	POP HL
   0026 FB            [ 4]   86 	EI
   0027 C9            [10]   87 	RET
   0028                      88 	term:
   0028 C9            [10]   89 	ret
                             90 ;src/util/timer.c:47: void timer_off(void) {
                             91 ;	---------------------------------
                             92 ; Function timer_off
                             93 ; ---------------------------------
   0029                      94 _timer_off::
                             95 ;src/util/timer.c:56: __endasm;
   0029 F3            [ 4]   96 	DI
   002A ED 56         [ 8]   97 	IM 1
   002C 21 38 00      [10]   98 	LD HL,#0X0038
   002F 36 FB         [10]   99 	LD (HL),#0XFB ;EI
   0031 23            [ 6]  100 	INC HL
   0032 36 C9         [10]  101 	LD (HL),#0XC9 ;RET
   0034 FB            [ 4]  102 	EI
   0035 C9            [10]  103 	ret
                            104 ;src/util/timer.c:62: unsigned long get_time()
                            105 ;	---------------------------------
                            106 ; Function get_time
                            107 ; ---------------------------------
   0036                     108 _get_time::
                            109 ;src/util/timer.c:65: nTime = (timer1 << 8) + timer0;
   0036 21r02r00      [10]  110 	ld	hl,#_timer1 + 0
   0039 56            [ 7]  111 	ld	d, (hl)
   003A 1E 00         [ 7]  112 	ld	e,#0x00
   003C 2Ar00r00      [16]  113 	ld	hl,(_timer0)
   003F 19            [11]  114 	add	hl,de
   0040 11 00 00      [10]  115 	ld	de,#0x0000
                            116 ;src/util/timer.c:66: return nTime;
   0043 C9            [10]  117 	ret
                            118 	.area _CODE
                            119 	.area _INITIALIZER
                            120 	.area _CABS (ABS)
